This file contains any messages produced by compilers while
running configure, to aid debugging if configure makes a mistake.

It was created by the fast lexical analyser generator configure 2.6.4, which was
generated by GNU Autoconf 2.71.  Invocation command line was

  $ ./configure --prefix=/home/fruitto/Project/engine/bin/dependencies

## --------- ##
## Platform. ##
## --------- ##

hostname = FruitTo
uname -m = x86_64
uname -r = 6.11.0-29-generic
uname -s = Linux
uname -v = #29~24.04.1-Ubuntu SMP PREEMPT_DYNAMIC Thu Jun 26 14:16:59 UTC 2

/usr/bin/uname -p = x86_64
/bin/uname -X     = unknown

/bin/arch              = x86_64
/usr/bin/arch -k       = unknown
/usr/convex/getsysinfo = unknown
/usr/bin/hostinfo      = unknown
/bin/machine           = unknown
/usr/bin/oslevel       = unknown
/bin/universe          = unknown

PATH: /usr/local/sbin/
PATH: /usr/local/bin/
PATH: /usr/sbin/
PATH: /usr/bin/
PATH: /sbin/
PATH: /bin/
PATH: /usr/games/
PATH: /usr/local/games/
PATH: /snap/bin/
PATH: /snap/bin/


## ----------- ##
## Core tests. ##
## ----------- ##

configure:2984: looking for aux files: config.rpath missing install-sh config.guess config.sub ltmain.sh compile
configure:2997:  trying ./build-aux/
configure:3026:   ./build-aux/config.rpath found
configure:3026:   ./build-aux/missing found
configure:3008:   ./build-aux/install-sh found
configure:3026:   ./build-aux/config.guess found
configure:3026:   ./build-aux/config.sub found
configure:3026:   ./build-aux/ltmain.sh found
configure:3026:   ./build-aux/compile found
configure:3206: checking for gcc
configure:3238: result: clang
configure:3591: checking for C compiler version
configure:3600: clang --version >&5
Ubuntu clang version 18.1.3 (1ubuntu1)
Target: x86_64-pc-linux-gnu
Thread model: posix
InstalledDir: /usr/bin
configure:3611: $? = 0
configure:3600: clang -v >&5
Ubuntu clang version 18.1.3 (1ubuntu1)
Target: x86_64-pc-linux-gnu
Thread model: posix
InstalledDir: /usr/bin
Found candidate GCC installation: /usr/bin/../lib/gcc/x86_64-linux-gnu/13
Selected GCC installation: /usr/bin/../lib/gcc/x86_64-linux-gnu/13
Candidate multilib: .;@m64
Selected multilib: .;@m64
configure:3611: $? = 0
configure:3600: clang -V >&5
clang: error: argument to '-V' is missing (expected 1 value)
clang: error: no input files
configure:3611: $? = 1
configure:3600: clang -qversion >&5
clang: error: unknown argument '-qversion'; did you mean '--version'?
clang: error: no input files
configure:3611: $? = 1
configure:3600: clang -version >&5
clang: error: unknown argument '-version'; did you mean '--version'?
clang: error: no input files
configure:3611: $? = 1
configure:3631: checking whether the C compiler works
configure:3653: clang    conftest.c  >&5
configure:3657: $? = 0
configure:3707: result: yes
configure:3710: checking for C compiler default output file name
configure:3712: result: a.out
configure:3718: checking for suffix of executables
configure:3725: clang -o conftest    conftest.c  >&5
configure:3729: $? = 0
configure:3752: result: 
configure:3774: checking whether we are cross compiling
configure:3782: clang -o conftest    conftest.c  >&5
configure:3786: $? = 0
configure:3793: ./conftest
configure:3797: $? = 0
configure:3812: result: no
configure:3817: checking for suffix of object files
configure:3840: clang -c   conftest.c >&5
configure:3844: $? = 0
configure:3866: result: o
configure:3870: checking whether the compiler supports GNU C
configure:3890: clang -c   conftest.c >&5
configure:3890: $? = 0
configure:3900: result: yes
configure:3911: checking whether clang accepts -g
configure:3932: clang -c -g  conftest.c >&5
configure:3932: $? = 0
configure:3976: result: yes
configure:3996: checking for clang option to enable C11 features
configure:4011: clang  -c -g -O2  conftest.c >&5
conftest.c:23:14: warning: a function definition without a prototype is deprecated in all versions of C and is not supported in C23 [-Wdeprecated-non-prototype]
   23 | static char *e (p, i)
      |              ^
1 warning generated.
configure:4011: $? = 0
configure:4029: result: none needed
configure:4145: checking whether clang understands -c and -o together
configure:4168: clang -c conftest.c -o conftest2.o
configure:4171: $? = 0
configure:4168: clang -c conftest.c -o conftest2.o
configure:4171: $? = 0
configure:4183: result: yes
configure:4205: checking for stdio.h
configure:4205: clang -c -g -O2  conftest.c >&5
configure:4205: $? = 0
configure:4205: result: yes
configure:4205: checking for stdlib.h
configure:4205: clang -c -g -O2  conftest.c >&5
configure:4205: $? = 0
configure:4205: result: yes
configure:4205: checking for string.h
configure:4205: clang -c -g -O2  conftest.c >&5
configure:4205: $? = 0
configure:4205: result: yes
configure:4205: checking for inttypes.h
configure:4205: clang -c -g -O2  conftest.c >&5
configure:4205: $? = 0
configure:4205: result: yes
configure:4205: checking for stdint.h
configure:4205: clang -c -g -O2  conftest.c >&5
configure:4205: $? = 0
configure:4205: result: yes
configure:4205: checking for strings.h
configure:4205: clang -c -g -O2  conftest.c >&5
configure:4205: $? = 0
configure:4205: result: yes
configure:4205: checking for sys/stat.h
configure:4205: clang -c -g -O2  conftest.c >&5
configure:4205: $? = 0
configure:4205: result: yes
configure:4205: checking for sys/types.h
configure:4205: clang -c -g -O2  conftest.c >&5
configure:4205: $? = 0
configure:4205: result: yes
configure:4205: checking for unistd.h
configure:4205: clang -c -g -O2  conftest.c >&5
configure:4205: $? = 0
configure:4205: result: yes
configure:4205: checking for wchar.h
configure:4205: clang -c -g -O2  conftest.c >&5
configure:4205: $? = 0
configure:4205: result: yes
configure:4205: checking for minix/config.h
configure:4205: clang -c -g -O2  conftest.c >&5
conftest.c:47:10: fatal error: 'minix/config.h' file not found
   47 | #include <minix/config.h>
      |          ^~~~~~~~~~~~~~~~
1 error generated.
configure:4205: $? = 1
configure: failed program was:
| /* confdefs.h */
| #define PACKAGE_NAME "the fast lexical analyser generator"
| #define PACKAGE_TARNAME "flex"
| #define PACKAGE_VERSION "2.6.4"
| #define PACKAGE_STRING "the fast lexical analyser generator 2.6.4"
| #define PACKAGE_BUGREPORT "flex-help@lists.sourceforge.net"
| #define PACKAGE_URL ""
| #define HAVE_STDIO_H 1
| #define HAVE_STDLIB_H 1
| #define HAVE_STRING_H 1
| #define HAVE_INTTYPES_H 1
| #define HAVE_STDINT_H 1
| #define HAVE_STRINGS_H 1
| #define HAVE_SYS_STAT_H 1
| #define HAVE_SYS_TYPES_H 1
| #define HAVE_UNISTD_H 1
| #define HAVE_WCHAR_H 1
| /* end confdefs.h.  */
| #include <stddef.h>
| #ifdef HAVE_STDIO_H
| # include <stdio.h>
| #endif
| #ifdef HAVE_STDLIB_H
| # include <stdlib.h>
| #endif
| #ifdef HAVE_STRING_H
| # include <string.h>
| #endif
| #ifdef HAVE_INTTYPES_H
| # include <inttypes.h>
| #endif
| #ifdef HAVE_STDINT_H
| # include <stdint.h>
| #endif
| #ifdef HAVE_STRINGS_H
| # include <strings.h>
| #endif
| #ifdef HAVE_SYS_TYPES_H
| # include <sys/types.h>
| #endif
| #ifdef HAVE_SYS_STAT_H
| # include <sys/stat.h>
| #endif
| #ifdef HAVE_UNISTD_H
| # include <unistd.h>
| #endif
| #include <minix/config.h>
configure:4205: result: no
configure:4205: checking for vfork.h
configure:4205: clang -c -g -O2  conftest.c >&5
conftest.c:47:10: fatal error: 'vfork.h' file not found
   47 | #include <vfork.h>
      |          ^~~~~~~~~
1 error generated.
configure:4205: $? = 1
configure: failed program was:
| /* confdefs.h */
| #define PACKAGE_NAME "the fast lexical analyser generator"
| #define PACKAGE_TARNAME "flex"
| #define PACKAGE_VERSION "2.6.4"
| #define PACKAGE_STRING "the fast lexical analyser generator 2.6.4"
| #define PACKAGE_BUGREPORT "flex-help@lists.sourceforge.net"
| #define PACKAGE_URL ""
| #define HAVE_STDIO_H 1
| #define HAVE_STDLIB_H 1
| #define HAVE_STRING_H 1
| #define HAVE_INTTYPES_H 1
| #define HAVE_STDINT_H 1
| #define HAVE_STRINGS_H 1
| #define HAVE_SYS_STAT_H 1
| #define HAVE_SYS_TYPES_H 1
| #define HAVE_UNISTD_H 1
| #define HAVE_WCHAR_H 1
| /* end confdefs.h.  */
| #include <stddef.h>
| #ifdef HAVE_STDIO_H
| # include <stdio.h>
| #endif
| #ifdef HAVE_STDLIB_H
| # include <stdlib.h>
| #endif
| #ifdef HAVE_STRING_H
| # include <string.h>
| #endif
| #ifdef HAVE_INTTYPES_H
| # include <inttypes.h>
| #endif
| #ifdef HAVE_STDINT_H
| # include <stdint.h>
| #endif
| #ifdef HAVE_STRINGS_H
| # include <strings.h>
| #endif
| #ifdef HAVE_SYS_TYPES_H
| # include <sys/types.h>
| #endif
| #ifdef HAVE_SYS_STAT_H
| # include <sys/stat.h>
| #endif
| #ifdef HAVE_UNISTD_H
| # include <unistd.h>
| #endif
| #include <vfork.h>
configure:4205: result: no
configure:4236: checking whether it is safe to define __EXTENSIONS__
configure:4255: clang -c -g -O2  conftest.c >&5
configure:4255: $? = 0
configure:4263: result: yes
configure:4266: checking whether _XOPEN_SOURCE should be defined
configure:4288: clang -c -g -O2  conftest.c >&5
configure:4288: $? = 0
configure:4315: result: no
configure:4404: checking build system type
configure:4419: result: x86_64-pc-linux-gnu
configure:4439: checking host system type
configure:4453: result: x86_64-pc-linux-gnu
configure:4494: checking how to print strings
configure:4521: result: printf
configure:4542: checking for a sed that does not truncate output
configure:4612: result: /usr/bin/sed
configure:4630: checking for grep that handles long lines and -e
configure:4694: result: /usr/bin/grep
configure:4699: checking for egrep
configure:4767: result: /usr/bin/grep -E
configure:4772: checking for fgrep
configure:4840: result: /usr/bin/grep -F
configure:4876: checking for ld used by clang
configure:4944: result: /usr/bin/ld
configure:4951: checking if the linker (/usr/bin/ld) is GNU ld
configure:4967: result: yes
configure:4979: checking for BSD- or MS-compatible name lister (nm)
configure:5034: result: /usr/bin/nm -B
configure:5174: checking the name lister (/usr/bin/nm -B) interface
configure:5182: clang -c -g -O2  conftest.c >&5
configure:5185: /usr/bin/nm -B "conftest.o"
configure:5188: output
0000000000000000 B some_variable
configure:5195: result: BSD nm
configure:5198: checking whether ln -s works
configure:5202: result: yes
configure:5210: checking the maximum length of command line arguments
configure:5342: result: 1572864
configure:5390: checking how to convert x86_64-pc-linux-gnu file names to x86_64-pc-linux-gnu format
configure:5431: result: func_convert_file_noop
configure:5438: checking how to convert x86_64-pc-linux-gnu file names to toolchain format
configure:5459: result: func_convert_file_noop
configure:5466: checking for /usr/bin/ld option to reload object files
configure:5474: result: -r
configure:5553: checking for file
configure:5574: found /usr/bin/file
configure:5585: result: file
configure:5661: checking for objdump
configure:5682: found /usr/bin/objdump
configure:5693: result: objdump
configure:5725: checking how to recognize dependent libraries
configure:5926: result: pass_all
configure:6016: checking for dlltool
configure:6051: result: no
configure:6081: checking how to associate runtime and link libraries
configure:6109: result: printf %s\n
configure:6174: checking for ar
configure:6195: found /usr/bin/ar
configure:6206: result: ar
configure:6259: checking for archiver @FILE support
configure:6277: clang -c -g -O2  conftest.c >&5
configure:6277: $? = 0
configure:6281: ar cr libconftest.a @conftest.lst >&5
configure:6284: $? = 0
configure:6289: ar cr libconftest.a @conftest.lst >&5
ar: conftest.o: No such file or directory
configure:6292: $? = 1
configure:6304: result: @
configure:6367: checking for strip
configure:6388: found /usr/bin/strip
configure:6399: result: strip
configure:6476: checking for ranlib
configure:6497: found /usr/bin/ranlib
configure:6508: result: ranlib
configure:6585: checking for gawk
configure:6620: result: no
configure:6585: checking for mawk
configure:6606: found /usr/bin/mawk
configure:6617: result: mawk
configure:6657: checking command to parse /usr/bin/nm -B output from clang object
configure:6811: clang -c -g -O2  conftest.c >&5
configure:6814: $? = 0
configure:6818: /usr/bin/nm -B conftest.o | /usr/bin/sed -n -e 's/^.*[	 ]\([ABCDGIRSTW][ABCDGIRSTW]*\)[	 ][	 ]*\([_A-Za-z][_A-Za-z0-9]*\)$/\1 \2 \2/p' | /usr/bin/sed '/ __gnu_lto/d' > conftest.nm
configure:6884: clang -o conftest -g -O2   conftest.c conftstm.o >&5
configure:6887: $? = 0
configure:6925: result: ok
configure:6972: checking for sysroot
configure:7003: result: no
configure:7010: checking for a working dd
configure:7054: result: /usr/bin/dd
configure:7058: checking how to truncate binary pipes
configure:7074: result: /usr/bin/dd bs=4096 count=1
configure:7211: clang -c -g -O2  conftest.c >&5
configure:7214: $? = 0
configure:7411: checking for mt
configure:7432: found /usr/bin/mt
configure:7443: result: mt
configure:7466: checking if mt is a manifest tool
configure:7473: mt '-?'
configure:7481: result: no
configure:8202: checking for dlfcn.h
configure:8202: clang -c -g -O2  conftest.c >&5
configure:8202: $? = 0
configure:8202: result: yes
configure:8461: checking for objdir
configure:8477: result: .libs
configure:8741: checking if clang supports -fno-rtti -fno-exceptions
configure:8760: clang -c -g -O2  -fno-rtti -fno-exceptions conftest.c >&5
configure:8764: $? = 0
configure:8777: result: yes
configure:9141: checking for clang option to produce PIC
configure:9149: result: -fPIC -DPIC
configure:9157: checking if clang PIC flag -fPIC -DPIC works
configure:9176: clang -c -g -O2  -fPIC -DPIC -DPIC conftest.c >&5
configure:9180: $? = 0
configure:9193: result: yes
configure:9222: checking if clang static flag -static works
configure:9251: result: yes
configure:9266: checking if clang supports -c -o file.o
configure:9288: clang -c -g -O2  -o out/conftest2.o conftest.c >&5
configure:9292: $? = 0
configure:9314: result: yes
configure:9322: checking if clang supports -c -o file.o
configure:9370: result: yes
configure:9403: checking whether the clang linker (/usr/bin/ld -m elf_x86_64) supports shared libraries
configure:10677: result: yes
configure:10714: checking whether -lc should be explicitly linked in
configure:10723: clang -c -g -O2  conftest.c >&5
configure:10726: $? = 0
configure:10741: clang -shared  -fPIC -DPIC conftest.o  -v -Wl,-soname -Wl,conftest -o conftest 2\>\&1 \| /usr/bin/grep  -lc  \>/dev/null 2\>\&1
configure:10744: $? = 0
configure:10758: result: no
configure:10918: checking dynamic linker characteristics
configure:11500: clang -o conftest -g -O2   -Wl,-rpath -Wl,/foo conftest.c  >&5
configure:11500: $? = 0
configure:11751: result: GNU/Linux ld.so
configure:11873: checking how to hardcode library paths into programs
configure:11898: result: immediate
configure:12450: checking whether stripping libraries is possible
configure:12459: result: yes
configure:12501: checking if libtool supports shared libraries
configure:12503: result: yes
configure:12506: checking whether to build shared libraries
configure:12531: result: yes
configure:12534: checking whether to build static libraries
configure:12538: result: yes
configure:12592: checking for a BSD-compatible install
configure:12665: result: /usr/bin/install -c
configure:12676: checking whether build environment is sane
configure:12731: result: yes
configure:12886: checking for a race-free mkdir -p
configure:12930: result: /usr/bin/mkdir -p
configure:12933: checking whether make sets $(MAKE)
configure:12956: result: yes
configure:12978: checking whether make supports the include directive
configure:12993: make -f confmf.GNU && cat confinc.out
this is the am__doit target
configure:12996: $? = 0
configure:13015: result: yes (GNU style)
configure:13050: checking whether make supports nested variables
configure:13068: result: yes
configure:13149: checking dependency style of clang
configure:13261: result: gcc3
configure:13343: checking whether NLS is requested
configure:13353: result: yes
configure:13393: checking for msgfmt
configure: trying /usr/bin/msgfmt...
0 translated messages.
configure:13426: result: /usr/bin/msgfmt
configure:13435: checking for gmsgfmt
configure:13471: result: /usr/bin/msgfmt
configure:13516: checking for xgettext
configure: trying /usr/bin/xgettext...
/usr/bin/xgettext: warning: file '/dev/null' extension '' is unknown; will try C
configure:13549: result: /usr/bin/xgettext
configure:13594: checking for msgmerge
configure: trying /usr/bin/msgmerge...
configure:13626: result: /usr/bin/msgmerge
configure:13691: checking for ld
configure:13822: result: /usr/bin/ld -m elf_x86_64
configure:13829: checking if the linker (/usr/bin/ld -m elf_x86_64) is GNU ld
configure:13845: result: yes
configure:13853: checking for shared library run path origin
configure:13867: result: done
configure:13889: checking 32-bit host C ABI
configure:13956: clang -c -g -O2  conftest.c >&5
configure:13956: $? = 0
configure:14152: result: no
configure:14162: checking how to run the C preprocessor
configure:14188: clang -E  conftest.c
configure:14188: $? = 0
configure:14203: clang -E  conftest.c
conftest.c:40:10: fatal error: 'ac_nonexistent.h' file not found
   40 | #include <ac_nonexistent.h>
      |          ^~~~~~~~~~~~~~~~~~
1 error generated.
configure:14203: $? = 1
configure: failed program was:
| /* confdefs.h */
| #define PACKAGE_NAME "the fast lexical analyser generator"
| #define PACKAGE_TARNAME "flex"
| #define PACKAGE_VERSION "2.6.4"
| #define PACKAGE_STRING "the fast lexical analyser generator 2.6.4"
| #define PACKAGE_BUGREPORT "flex-help@lists.sourceforge.net"
| #define PACKAGE_URL ""
| #define HAVE_STDIO_H 1
| #define HAVE_STDLIB_H 1
| #define HAVE_STRING_H 1
| #define HAVE_INTTYPES_H 1
| #define HAVE_STDINT_H 1
| #define HAVE_STRINGS_H 1
| #define HAVE_SYS_STAT_H 1
| #define HAVE_SYS_TYPES_H 1
| #define HAVE_UNISTD_H 1
| #define HAVE_WCHAR_H 1
| #define STDC_HEADERS 1
| #define _ALL_SOURCE 1
| #define _DARWIN_C_SOURCE 1
| #define _GNU_SOURCE 1
| #define _HPUX_ALT_XOPEN_SOCKET_API 1
| #define _NETBSD_SOURCE 1
| #define _OPENBSD_SOURCE 1
| #define _POSIX_PTHREAD_SEMANTICS 1
| #define __STDC_WANT_IEC_60559_ATTRIBS_EXT__ 1
| #define __STDC_WANT_IEC_60559_BFP_EXT__ 1
| #define __STDC_WANT_IEC_60559_DFP_EXT__ 1
| #define __STDC_WANT_IEC_60559_FUNCS_EXT__ 1
| #define __STDC_WANT_IEC_60559_TYPES_EXT__ 1
| #define __STDC_WANT_LIB_EXT2__ 1
| #define __STDC_WANT_MATH_SPEC_FUNCS__ 1
| #define _TANDEM_SOURCE 1
| #define __EXTENSIONS__ 1
| #define HAVE_DLFCN_H 1
| #define LT_OBJDIR ".libs/"
| #define PACKAGE "flex"
| #define VERSION "2.6.4"
| /* end confdefs.h.  */
| #include <ac_nonexistent.h>
configure:14230: result: clang -E
configure:14244: clang -E  conftest.c
configure:14244: $? = 0
configure:14259: clang -E  conftest.c
conftest.c:40:10: fatal error: 'ac_nonexistent.h' file not found
   40 | #include <ac_nonexistent.h>
      |          ^~~~~~~~~~~~~~~~~~
1 error generated.
configure:14259: $? = 1
configure: failed program was:
| /* confdefs.h */
| #define PACKAGE_NAME "the fast lexical analyser generator"
| #define PACKAGE_TARNAME "flex"
| #define PACKAGE_VERSION "2.6.4"
| #define PACKAGE_STRING "the fast lexical analyser generator 2.6.4"
| #define PACKAGE_BUGREPORT "flex-help@lists.sourceforge.net"
| #define PACKAGE_URL ""
| #define HAVE_STDIO_H 1
| #define HAVE_STDLIB_H 1
| #define HAVE_STRING_H 1
| #define HAVE_INTTYPES_H 1
| #define HAVE_STDINT_H 1
| #define HAVE_STRINGS_H 1
| #define HAVE_SYS_STAT_H 1
| #define HAVE_SYS_TYPES_H 1
| #define HAVE_UNISTD_H 1
| #define HAVE_WCHAR_H 1
| #define STDC_HEADERS 1
| #define _ALL_SOURCE 1
| #define _DARWIN_C_SOURCE 1
| #define _GNU_SOURCE 1
| #define _HPUX_ALT_XOPEN_SOCKET_API 1
| #define _NETBSD_SOURCE 1
| #define _OPENBSD_SOURCE 1
| #define _POSIX_PTHREAD_SEMANTICS 1
| #define __STDC_WANT_IEC_60559_ATTRIBS_EXT__ 1
| #define __STDC_WANT_IEC_60559_BFP_EXT__ 1
| #define __STDC_WANT_IEC_60559_DFP_EXT__ 1
| #define __STDC_WANT_IEC_60559_FUNCS_EXT__ 1
| #define __STDC_WANT_IEC_60559_TYPES_EXT__ 1
| #define __STDC_WANT_LIB_EXT2__ 1
| #define __STDC_WANT_MATH_SPEC_FUNCS__ 1
| #define _TANDEM_SOURCE 1
| #define __EXTENSIONS__ 1
| #define HAVE_DLFCN_H 1
| #define LT_OBJDIR ".libs/"
| #define PACKAGE "flex"
| #define VERSION "2.6.4"
| /* end confdefs.h.  */
| #include <ac_nonexistent.h>
configure:14294: checking for ELF binary format
configure:14318: result: yes
configure:14367: checking for the common suffixes of directories in the library search path
configure:14436: result: lib,lib,lib64
configure:14954: checking for CFPreferencesCopyAppValue
configure:14973: clang -o conftest -g -O2   conftest.c  -Wl,-framework -Wl,CoreFoundation >&5
conftest.c:40:10: fatal error: 'CoreFoundation/CFPreferences.h' file not found
   40 | #include <CoreFoundation/CFPreferences.h>
      |          ^~~~~~~~~~~~~~~~~~~~~~~~~~~~~~~~
1 error generated.
configure:14973: $? = 1
configure: failed program was:
| /* confdefs.h */
| #define PACKAGE_NAME "the fast lexical analyser generator"
| #define PACKAGE_TARNAME "flex"
| #define PACKAGE_VERSION "2.6.4"
| #define PACKAGE_STRING "the fast lexical analyser generator 2.6.4"
| #define PACKAGE_BUGREPORT "flex-help@lists.sourceforge.net"
| #define PACKAGE_URL ""
| #define HAVE_STDIO_H 1
| #define HAVE_STDLIB_H 1
| #define HAVE_STRING_H 1
| #define HAVE_INTTYPES_H 1
| #define HAVE_STDINT_H 1
| #define HAVE_STRINGS_H 1
| #define HAVE_SYS_STAT_H 1
| #define HAVE_SYS_TYPES_H 1
| #define HAVE_UNISTD_H 1
| #define HAVE_WCHAR_H 1
| #define STDC_HEADERS 1
| #define _ALL_SOURCE 1
| #define _DARWIN_C_SOURCE 1
| #define _GNU_SOURCE 1
| #define _HPUX_ALT_XOPEN_SOCKET_API 1
| #define _NETBSD_SOURCE 1
| #define _OPENBSD_SOURCE 1
| #define _POSIX_PTHREAD_SEMANTICS 1
| #define __STDC_WANT_IEC_60559_ATTRIBS_EXT__ 1
| #define __STDC_WANT_IEC_60559_BFP_EXT__ 1
| #define __STDC_WANT_IEC_60559_DFP_EXT__ 1
| #define __STDC_WANT_IEC_60559_FUNCS_EXT__ 1
| #define __STDC_WANT_IEC_60559_TYPES_EXT__ 1
| #define __STDC_WANT_LIB_EXT2__ 1
| #define __STDC_WANT_MATH_SPEC_FUNCS__ 1
| #define _TANDEM_SOURCE 1
| #define __EXTENSIONS__ 1
| #define HAVE_DLFCN_H 1
| #define LT_OBJDIR ".libs/"
| #define PACKAGE "flex"
| #define VERSION "2.6.4"
| /* end confdefs.h.  */
| #include <CoreFoundation/CFPreferences.h>
| int
| main (void)
| {
| CFPreferencesCopyAppValue(NULL, NULL)
|   ;
|   return 0;
| }
configure:14983: result: no
configure:14990: checking for CFLocaleCopyPreferredLanguages
configure:15009: clang -o conftest -g -O2   conftest.c  -Wl,-framework -Wl,CoreFoundation >&5
conftest.c:40:10: fatal error: 'CoreFoundation/CFLocale.h' file not found
   40 | #include <CoreFoundation/CFLocale.h>
      |          ^~~~~~~~~~~~~~~~~~~~~~~~~~~
1 error generated.
configure:15009: $? = 1
configure: failed program was:
| /* confdefs.h */
| #define PACKAGE_NAME "the fast lexical analyser generator"
| #define PACKAGE_TARNAME "flex"
| #define PACKAGE_VERSION "2.6.4"
| #define PACKAGE_STRING "the fast lexical analyser generator 2.6.4"
| #define PACKAGE_BUGREPORT "flex-help@lists.sourceforge.net"
| #define PACKAGE_URL ""
| #define HAVE_STDIO_H 1
| #define HAVE_STDLIB_H 1
| #define HAVE_STRING_H 1
| #define HAVE_INTTYPES_H 1
| #define HAVE_STDINT_H 1
| #define HAVE_STRINGS_H 1
| #define HAVE_SYS_STAT_H 1
| #define HAVE_SYS_TYPES_H 1
| #define HAVE_UNISTD_H 1
| #define HAVE_WCHAR_H 1
| #define STDC_HEADERS 1
| #define _ALL_SOURCE 1
| #define _DARWIN_C_SOURCE 1
| #define _GNU_SOURCE 1
| #define _HPUX_ALT_XOPEN_SOCKET_API 1
| #define _NETBSD_SOURCE 1
| #define _OPENBSD_SOURCE 1
| #define _POSIX_PTHREAD_SEMANTICS 1
| #define __STDC_WANT_IEC_60559_ATTRIBS_EXT__ 1
| #define __STDC_WANT_IEC_60559_BFP_EXT__ 1
| #define __STDC_WANT_IEC_60559_DFP_EXT__ 1
| #define __STDC_WANT_IEC_60559_FUNCS_EXT__ 1
| #define __STDC_WANT_IEC_60559_TYPES_EXT__ 1
| #define __STDC_WANT_LIB_EXT2__ 1
| #define __STDC_WANT_MATH_SPEC_FUNCS__ 1
| #define _TANDEM_SOURCE 1
| #define __EXTENSIONS__ 1
| #define HAVE_DLFCN_H 1
| #define LT_OBJDIR ".libs/"
| #define PACKAGE "flex"
| #define VERSION "2.6.4"
| /* end confdefs.h.  */
| #include <CoreFoundation/CFLocale.h>
| int
| main (void)
| {
| CFLocaleCopyPreferredLanguages();
|   ;
|   return 0;
| }
configure:15019: result: no
configure:15069: checking for GNU gettext in libc
configure:15099: clang -o conftest -g -O2   conftest.c  >&5
configure:15099: $? = 0
configure:15109: result: yes
configure:16000: checking whether to use NLS
configure:16002: result: yes
configure:16005: checking where the gettext function comes from
configure:16016: result: libc
configure:16079: checking for bison
configure:16100: found /usr/bin/bison
configure:16111: result: bison -y
configure:16123: checking whether bison -y is GNU Bison
configure:16127: result: yes
configure:16151: checking for flex
configure:16172: found /usr/bin/flex
configure:16183: result: flex
configure:16232: checking for lex output file root
configure:16245: flex conftest.l
configure:16249: $? = 0
configure:16257: result: lex.yy
configure:16272: checking for lex library
configure:16297: clang -o conftest -g -O2   conftest.c  >&5
configure:16297: $? = 0
configure:16310: result: none needed
configure:16330: checking whether yytext is a pointer
configure:16346: clang -c -g -O2  conftest.c >&5
configure:16346: $? = 0
configure:16353: result: yes
configure:16421: checking for gcc
configure:16453: result: clang
configure:16806: checking for C compiler version
configure:16815: clang --version >&5
Ubuntu clang version 18.1.3 (1ubuntu1)
Target: x86_64-pc-linux-gnu
Thread model: posix
InstalledDir: /usr/bin
configure:16826: $? = 0
configure:16815: clang -v >&5
Ubuntu clang version 18.1.3 (1ubuntu1)
Target: x86_64-pc-linux-gnu
Thread model: posix
InstalledDir: /usr/bin
Found candidate GCC installation: /usr/bin/../lib/gcc/x86_64-linux-gnu/13
Selected GCC installation: /usr/bin/../lib/gcc/x86_64-linux-gnu/13
Candidate multilib: .;@m64
Selected multilib: .;@m64
configure:16826: $? = 0
configure:16815: clang -V >&5
clang: error: argument to '-V' is missing (expected 1 value)
clang: error: no input files
configure:16826: $? = 1
configure:16815: clang -qversion >&5
clang: error: unknown argument '-qversion'; did you mean '--version'?
clang: error: no input files
configure:16826: $? = 1
configure:16815: clang -version >&5
clang: error: unknown argument '-version'; did you mean '--version'?
clang: error: no input files
configure:16826: $? = 1
configure:16830: checking whether the compiler supports GNU C
configure:16860: result: yes
configure:16871: checking whether clang accepts -g
configure:16936: result: yes
configure:16956: checking for clang option to enable C11 features
configure:16989: result: none needed
configure:17105: checking whether clang understands -c and -o together
configure:17143: result: yes
configure:17208: checking for x86_64-pc-linux-gnu-gcc
configure:17243: result: no
configure:17253: checking for gcc
configure:17274: found /usr/bin/gcc
configure:17285: result: gcc
configure:17638: checking for C compiler version
configure:17647: gcc --version >&5
gcc (Ubuntu 13.3.0-6ubuntu2~24.04) 13.3.0
Copyright (C) 2023 Free Software Foundation, Inc.
This is free software; see the source for copying conditions.  There is NO
warranty; not even for MERCHANTABILITY or FITNESS FOR A PARTICULAR PURPOSE.

configure:17658: $? = 0
configure:17647: gcc -v >&5
Using built-in specs.
COLLECT_GCC=gcc
COLLECT_LTO_WRAPPER=/usr/libexec/gcc/x86_64-linux-gnu/13/lto-wrapper
OFFLOAD_TARGET_NAMES=nvptx-none:amdgcn-amdhsa
OFFLOAD_TARGET_DEFAULT=1
Target: x86_64-linux-gnu
Configured with: ../src/configure -v --with-pkgversion='Ubuntu 13.3.0-6ubuntu2~24.04' --with-bugurl=file:///usr/share/doc/gcc-13/README.Bugs --enable-languages=c,ada,c++,go,d,fortran,objc,obj-c++,m2 --prefix=/usr --with-gcc-major-version-only --program-suffix=-13 --program-prefix=x86_64-linux-gnu- --enable-shared --enable-linker-build-id --libexecdir=/usr/libexec --without-included-gettext --enable-threads=posix --libdir=/usr/lib --enable-nls --enable-bootstrap --enable-clocale=gnu --enable-libstdcxx-debug --enable-libstdcxx-time=yes --with-default-libstdcxx-abi=new --enable-libstdcxx-backtrace --enable-gnu-unique-object --disable-vtable-verify --enable-plugin --enable-default-pie --with-system-zlib --enable-libphobos-checking=release --with-target-system-zlib=auto --enable-objc-gc=auto --enable-multiarch --disable-werror --enable-cet --with-arch-32=i686 --with-abi=m64 --with-multilib-list=m32,m64,mx32 --enable-multilib --with-tune=generic --enable-offload-targets=nvptx-none=/build/gcc-13-fG75Ri/gcc-13-13.3.0/debian/tmp-nvptx/usr,amdgcn-amdhsa=/build/gcc-13-fG75Ri/gcc-13-13.3.0/debian/tmp-gcn/usr --enable-offload-defaulted --without-cuda-driver --enable-checking=release --build=x86_64-linux-gnu --host=x86_64-linux-gnu --target=x86_64-linux-gnu --with-build-config=bootstrap-lto-lean --enable-link-serialization=2
Thread model: posix
Supported LTO compression algorithms: zlib zstd
gcc version 13.3.0 (Ubuntu 13.3.0-6ubuntu2~24.04) 
... rest of stderr output deleted ...
configure:17658: $? = 0
configure:17647: gcc -V >&5
gcc: error: unrecognized command-line option '-V'
gcc: fatal error: no input files
compilation terminated.
configure:17658: $? = 1
configure:17647: gcc -qversion >&5
gcc: error: unrecognized command-line option '-qversion'; did you mean '--version'?
gcc: fatal error: no input files
compilation terminated.
configure:17658: $? = 1
configure:17647: gcc -version >&5
gcc: error: unrecognized command-line option '-version'
gcc: fatal error: no input files
compilation terminated.
configure:17658: $? = 1
configure:17662: checking whether the compiler supports GNU C
configure:17682: gcc -c   conftest.c >&5
configure:17682: $? = 0
configure:17692: result: yes
configure:17703: checking whether gcc accepts -g
configure:17724: gcc -c -g  conftest.c >&5
configure:17724: $? = 0
configure:17768: result: yes
configure:17788: checking for gcc option to enable C11 features
configure:17803: gcc  -c -g -O2  conftest.c >&5
configure:17803: $? = 0
configure:17821: result: none needed
configure:17937: checking whether gcc understands -c and -o together
configure:17960: gcc -c conftest.c -o conftest2.
configure:17963: $? = 0
configure:17960: gcc -c conftest.c -o conftest2.
configure:17963: $? = 0
configure:17975: result: yes
configure:18008: checking whether the C compiler works
configure:18030: gcc -g -O2   conftest.c  >&5
configure:18034: $? = 0
configure:18084: result: yes
configure:18087: checking for C compiler default output file name
configure:18089: result: a.out
configure:18095: checking for suffix of executables
configure:18102: gcc -o conftest -g -O2   conftest.c  >&5
configure:18106: $? = 0
configure:18129: result: 
configure:18151: checking whether we are cross compiling
configure:18159: gcc -o conftest -g -O2   conftest.c  >&5
configure:18163: $? = 0
configure:18170: ./conftest
configure:18174: $? = 0
configure:18189: result: no
configure:18195: checking for suffix of object files
configure:18218: gcc -c -g -O2  conftest.c >&5
configure:18222: $? = 0
configure:18244: result: o
configure:18254: checking how to run the C preprocessor
configure:18280: gcc -E  conftest.c
configure:18280: $? = 0
configure:18295: gcc -E  conftest.c
conftest.c:44:10: fatal error: ac_nonexistent.h: No such file or directory
   44 | #include <ac_nonexistent.h>
      |          ^~~~~~~~~~~~~~~~~~
compilation terminated.
configure:18295: $? = 1
configure: failed program was:
| /* confdefs.h */
| #define PACKAGE_NAME "the fast lexical analyser generator"
| #define PACKAGE_TARNAME "flex"
| #define PACKAGE_VERSION "2.6.4"
| #define PACKAGE_STRING "the fast lexical analyser generator 2.6.4"
| #define PACKAGE_BUGREPORT "flex-help@lists.sourceforge.net"
| #define PACKAGE_URL ""
| #define HAVE_STDIO_H 1
| #define HAVE_STDLIB_H 1
| #define HAVE_STRING_H 1
| #define HAVE_INTTYPES_H 1
| #define HAVE_STDINT_H 1
| #define HAVE_STRINGS_H 1
| #define HAVE_SYS_STAT_H 1
| #define HAVE_SYS_TYPES_H 1
| #define HAVE_UNISTD_H 1
| #define HAVE_WCHAR_H 1
| #define STDC_HEADERS 1
| #define _ALL_SOURCE 1
| #define _DARWIN_C_SOURCE 1
| #define _GNU_SOURCE 1
| #define _HPUX_ALT_XOPEN_SOCKET_API 1
| #define _NETBSD_SOURCE 1
| #define _OPENBSD_SOURCE 1
| #define _POSIX_PTHREAD_SEMANTICS 1
| #define __STDC_WANT_IEC_60559_ATTRIBS_EXT__ 1
| #define __STDC_WANT_IEC_60559_BFP_EXT__ 1
| #define __STDC_WANT_IEC_60559_DFP_EXT__ 1
| #define __STDC_WANT_IEC_60559_FUNCS_EXT__ 1
| #define __STDC_WANT_IEC_60559_TYPES_EXT__ 1
| #define __STDC_WANT_LIB_EXT2__ 1
| #define __STDC_WANT_MATH_SPEC_FUNCS__ 1
| #define _TANDEM_SOURCE 1
| #define __EXTENSIONS__ 1
| #define HAVE_DLFCN_H 1
| #define LT_OBJDIR ".libs/"
| #define PACKAGE "flex"
| #define VERSION "2.6.4"
| #define ENABLE_NLS 1
| #define HAVE_GETTEXT 1
| #define HAVE_DCGETTEXT 1
| #define YYTEXT_POINTER 1
| /* end confdefs.h.  */
| #include <ac_nonexistent.h>
configure:18322: result: gcc -E
configure:18336: gcc -E  conftest.c
configure:18336: $? = 0
configure:18351: gcc -E  conftest.c
conftest.c:44:10: fatal error: ac_nonexistent.h: No such file or directory
   44 | #include <ac_nonexistent.h>
      |          ^~~~~~~~~~~~~~~~~~
compilation terminated.
configure:18351: $? = 1
configure: failed program was:
| /* confdefs.h */
| #define PACKAGE_NAME "the fast lexical analyser generator"
| #define PACKAGE_TARNAME "flex"
| #define PACKAGE_VERSION "2.6.4"
| #define PACKAGE_STRING "the fast lexical analyser generator 2.6.4"
| #define PACKAGE_BUGREPORT "flex-help@lists.sourceforge.net"
| #define PACKAGE_URL ""
| #define HAVE_STDIO_H 1
| #define HAVE_STDLIB_H 1
| #define HAVE_STRING_H 1
| #define HAVE_INTTYPES_H 1
| #define HAVE_STDINT_H 1
| #define HAVE_STRINGS_H 1
| #define HAVE_SYS_STAT_H 1
| #define HAVE_SYS_TYPES_H 1
| #define HAVE_UNISTD_H 1
| #define HAVE_WCHAR_H 1
| #define STDC_HEADERS 1
| #define _ALL_SOURCE 1
| #define _DARWIN_C_SOURCE 1
| #define _GNU_SOURCE 1
| #define _HPUX_ALT_XOPEN_SOCKET_API 1
| #define _NETBSD_SOURCE 1
| #define _OPENBSD_SOURCE 1
| #define _POSIX_PTHREAD_SEMANTICS 1
| #define __STDC_WANT_IEC_60559_ATTRIBS_EXT__ 1
| #define __STDC_WANT_IEC_60559_BFP_EXT__ 1
| #define __STDC_WANT_IEC_60559_DFP_EXT__ 1
| #define __STDC_WANT_IEC_60559_FUNCS_EXT__ 1
| #define __STDC_WANT_IEC_60559_TYPES_EXT__ 1
| #define __STDC_WANT_LIB_EXT2__ 1
| #define __STDC_WANT_MATH_SPEC_FUNCS__ 1
| #define _TANDEM_SOURCE 1
| #define __EXTENSIONS__ 1
| #define HAVE_DLFCN_H 1
| #define LT_OBJDIR ".libs/"
| #define PACKAGE "flex"
| #define VERSION "2.6.4"
| #define ENABLE_NLS 1
| #define HAVE_GETTEXT 1
| #define HAVE_DCGETTEXT 1
| #define YYTEXT_POINTER 1
| /* end confdefs.h.  */
| #include <ac_nonexistent.h>
configure:18528: checking for C++ compiler version
configure:18537: clang++ --version >&5
Ubuntu clang version 18.1.3 (1ubuntu1)
Target: x86_64-pc-linux-gnu
Thread model: posix
InstalledDir: /usr/bin
configure:18548: $? = 0
configure:18537: clang++ -v >&5
Ubuntu clang version 18.1.3 (1ubuntu1)
Target: x86_64-pc-linux-gnu
Thread model: posix
InstalledDir: /usr/bin
Found candidate GCC installation: /usr/bin/../lib/gcc/x86_64-linux-gnu/13
Selected GCC installation: /usr/bin/../lib/gcc/x86_64-linux-gnu/13
Candidate multilib: .;@m64
Selected multilib: .;@m64
configure:18548: $? = 0
configure:18537: clang++ -V >&5
clang++: error: argument to '-V' is missing (expected 1 value)
clang++: error: no input files
configure:18548: $? = 1
configure:18537: clang++ -qversion >&5
clang++: error: unknown argument '-qversion'; did you mean '--version'?
clang++: error: no input files
configure:18548: $? = 1
configure:18552: checking whether the compiler supports GNU C++
configure:18572: clang++ -c   conftest.cpp >&5
configure:18572: $? = 0
configure:18582: result: yes
configure:18593: checking whether clang++ accepts -g
configure:18614: clang++ -c -g  conftest.cpp >&5
configure:18614: $? = 0
configure:18658: result: yes
configure:18678: checking for clang++ option to enable C++11 features
configure:18693: clang++  -c -g -O2  conftest.cpp >&5
conftest.cpp:210:25: warning: empty parentheses interpreted as a function declaration [-Wvexing-parse]
  210 |   cxx11test::delegate d2();
      |                         ^~
conftest.cpp:210:25: note: remove parentheses to declare a variable
  210 |   cxx11test::delegate d2();
      |                         ^~
1 warning generated.
configure:18693: $? = 0
configure:18711: result: none needed
configure:18793: checking how to run the C++ preprocessor
configure:18815: clang++ -E  conftest.cpp
configure:18815: $? = 0
configure:18830: clang++ -E  conftest.cpp
conftest.cpp:44:10: fatal error: 'ac_nonexistent.h' file not found
   44 | #include <ac_nonexistent.h>
      |          ^~~~~~~~~~~~~~~~~~
1 error generated.
configure:18830: $? = 1
configure: failed program was:
| /* confdefs.h */
| #define PACKAGE_NAME "the fast lexical analyser generator"
| #define PACKAGE_TARNAME "flex"
| #define PACKAGE_VERSION "2.6.4"
| #define PACKAGE_STRING "the fast lexical analyser generator 2.6.4"
| #define PACKAGE_BUGREPORT "flex-help@lists.sourceforge.net"
| #define PACKAGE_URL ""
| #define HAVE_STDIO_H 1
| #define HAVE_STDLIB_H 1
| #define HAVE_STRING_H 1
| #define HAVE_INTTYPES_H 1
| #define HAVE_STDINT_H 1
| #define HAVE_STRINGS_H 1
| #define HAVE_SYS_STAT_H 1
| #define HAVE_SYS_TYPES_H 1
| #define HAVE_UNISTD_H 1
| #define HAVE_WCHAR_H 1
| #define STDC_HEADERS 1
| #define _ALL_SOURCE 1
| #define _DARWIN_C_SOURCE 1
| #define _GNU_SOURCE 1
| #define _HPUX_ALT_XOPEN_SOCKET_API 1
| #define _NETBSD_SOURCE 1
| #define _OPENBSD_SOURCE 1
| #define _POSIX_PTHREAD_SEMANTICS 1
| #define __STDC_WANT_IEC_60559_ATTRIBS_EXT__ 1
| #define __STDC_WANT_IEC_60559_BFP_EXT__ 1
| #define __STDC_WANT_IEC_60559_DFP_EXT__ 1
| #define __STDC_WANT_IEC_60559_FUNCS_EXT__ 1
| #define __STDC_WANT_IEC_60559_TYPES_EXT__ 1
| #define __STDC_WANT_LIB_EXT2__ 1
| #define __STDC_WANT_MATH_SPEC_FUNCS__ 1
| #define _TANDEM_SOURCE 1
| #define __EXTENSIONS__ 1
| #define HAVE_DLFCN_H 1
| #define LT_OBJDIR ".libs/"
| #define PACKAGE "flex"
| #define VERSION "2.6.4"
| #define ENABLE_NLS 1
| #define HAVE_GETTEXT 1
| #define HAVE_DCGETTEXT 1
| #define YYTEXT_POINTER 1
| /* end confdefs.h.  */
| #include <ac_nonexistent.h>
configure:18857: result: clang++ -E
configure:18871: clang++ -E  conftest.cpp
configure:18871: $? = 0
configure:18886: clang++ -E  conftest.cpp
conftest.cpp:44:10: fatal error: 'ac_nonexistent.h' file not found
   44 | #include <ac_nonexistent.h>
      |          ^~~~~~~~~~~~~~~~~~
1 error generated.
configure:18886: $? = 1
configure: failed program was:
| /* confdefs.h */
| #define PACKAGE_NAME "the fast lexical analyser generator"
| #define PACKAGE_TARNAME "flex"
| #define PACKAGE_VERSION "2.6.4"
| #define PACKAGE_STRING "the fast lexical analyser generator 2.6.4"
| #define PACKAGE_BUGREPORT "flex-help@lists.sourceforge.net"
| #define PACKAGE_URL ""
| #define HAVE_STDIO_H 1
| #define HAVE_STDLIB_H 1
| #define HAVE_STRING_H 1
| #define HAVE_INTTYPES_H 1
| #define HAVE_STDINT_H 1
| #define HAVE_STRINGS_H 1
| #define HAVE_SYS_STAT_H 1
| #define HAVE_SYS_TYPES_H 1
| #define HAVE_UNISTD_H 1
| #define HAVE_WCHAR_H 1
| #define STDC_HEADERS 1
| #define _ALL_SOURCE 1
| #define _DARWIN_C_SOURCE 1
| #define _GNU_SOURCE 1
| #define _HPUX_ALT_XOPEN_SOCKET_API 1
| #define _NETBSD_SOURCE 1
| #define _OPENBSD_SOURCE 1
| #define _POSIX_PTHREAD_SEMANTICS 1
| #define __STDC_WANT_IEC_60559_ATTRIBS_EXT__ 1
| #define __STDC_WANT_IEC_60559_BFP_EXT__ 1
| #define __STDC_WANT_IEC_60559_DFP_EXT__ 1
| #define __STDC_WANT_IEC_60559_FUNCS_EXT__ 1
| #define __STDC_WANT_IEC_60559_TYPES_EXT__ 1
| #define __STDC_WANT_LIB_EXT2__ 1
| #define __STDC_WANT_MATH_SPEC_FUNCS__ 1
| #define _TANDEM_SOURCE 1
| #define __EXTENSIONS__ 1
| #define HAVE_DLFCN_H 1
| #define LT_OBJDIR ".libs/"
| #define PACKAGE "flex"
| #define VERSION "2.6.4"
| #define ENABLE_NLS 1
| #define HAVE_GETTEXT 1
| #define HAVE_DCGETTEXT 1
| #define YYTEXT_POINTER 1
| /* end confdefs.h.  */
| #include <ac_nonexistent.h>
configure:19051: checking for ld used by clang++
configure:19119: result: /usr/bin/ld -m elf_x86_64
configure:19126: checking if the linker (/usr/bin/ld -m elf_x86_64) is GNU ld
configure:19142: result: yes
configure:19197: checking whether the clang++ linker (/usr/bin/ld -m elf_x86_64) supports shared libraries
configure:20275: result: yes
configure:20311: clang++ -c -g -O2  conftest.cpp >&5
configure:20314: $? = 0
configure:20795: checking for clang++ option to produce PIC
configure:20803: result: -fPIC -DPIC
configure:20811: checking if clang++ PIC flag -fPIC -DPIC works
configure:20830: clang++ -c -g -O2  -fPIC -DPIC -DPIC conftest.cpp >&5
configure:20834: $? = 0
configure:20847: result: yes
configure:20870: checking if clang++ static flag -static works
configure:20899: result: yes
configure:20911: checking if clang++ supports -c -o file.o
configure:20933: clang++ -c -g -O2  -o out/conftest2.o conftest.cpp >&5
configure:20937: $? = 0
configure:20959: result: yes
configure:20964: checking if clang++ supports -c -o file.o
configure:21012: result: yes
configure:21042: checking whether the clang++ linker (/usr/bin/ld -m elf_x86_64) supports shared libraries
configure:21085: result: yes
configure:21227: checking dynamic linker characteristics
configure:21987: result: GNU/Linux ld.so
configure:22052: checking how to hardcode library paths into programs
configure:22077: result: immediate
configure:22119: checking dependency style of clang++
configure:22231: result: gcc3
configure:22247: checking whether ln -s works
configure:22251: result: yes
configure:22262: checking for gawk
configure:22294: result: mawk
configure:22390: checking for help2man
configure:22426: result: ${top_srcdir}/build-aux/missing help2man
configure:22436: WARNING: help2man: program not found: building man page will not work
configure:22445: checking for gtexi2dvi
configure:22483: result: no
configure:22445: checking for texi2dvi
configure:22483: result: no
configure:22494: WARNING: texi2dvi: program not found: building pdf version of manual will not work
configure:22501: checking for m4 that supports -P
configure:22540: result: /usr/bin/m4
configure:22550: checking for indent
configure:22588: result: no
configure:22618: checking for regex.h
configure:22618: clang -c -g -O2  conftest.c >&5
configure:22618: $? = 0
configure:22618: result: yes
configure:22618: checking for strings.h
configure:22618: result: yes
configure:22618: checking for sys/wait.h
configure:22618: clang -c -g -O2  conftest.c >&5
configure:22618: $? = 0
configure:22618: result: yes
configure:22618: checking for unistd.h
configure:22618: result: yes
configure:22631: checking for inttypes.h
configure:22631: result: yes
configure:22637: checking for libintl.h
configure:22637: clang -c -g -O2  conftest.c >&5
configure:22637: $? = 0
configure:22637: result: yes
configure:22643: checking for limits.h
configure:22643: clang -c -g -O2  conftest.c >&5
configure:22643: $? = 0
configure:22643: result: yes
configure:22649: checking for locale.h
configure:22649: clang -c -g -O2  conftest.c >&5
configure:22649: $? = 0
configure:22649: result: yes
configure:22655: checking for malloc.h
configure:22655: clang -c -g -O2  conftest.c >&5
configure:22655: $? = 0
configure:22655: result: yes
configure:22661: checking for netinet/in.h
configure:22661: clang -c -g -O2  conftest.c >&5
configure:22661: $? = 0
configure:22661: result: yes
configure:22676: checking for pthread_mutex_lock in -lpthread
configure:22699: clang -o conftest -g -O2   conftest.c -lpthread   >&5
configure:22699: $? = 0
configure:22709: result: yes
configure:22715: checking for pthread.h
configure:22715: clang -c -g -O2  conftest.c >&5
configure:22715: $? = 0
configure:22715: result: yes
configure:22733: checking for log10 in -lm
configure:22756: clang -o conftest -g -O2   conftest.c -lm   >&5
conftest.c:60:6: warning: incompatible redeclaration of library function 'log10' [-Wincompatible-library-redeclaration]
   60 | char log10 ();
      |      ^
conftest.c:60:6: note: 'log10' is a builtin with type 'double (double)'
1 warning generated.
configure:22756: $? = 0
configure:22766: result: yes
configure:22779: checking for _Bool
configure:22779: clang -c -g -O2  conftest.c >&5
configure:22779: $? = 0
configure:22779: clang -c -g -O2  conftest.c >&5
conftest.c:88:20: error: expected expression
   88 | if (sizeof ((_Bool)))
      |                    ^
1 error generated.
configure:22779: $? = 1
configure: failed program was:
| /* confdefs.h */
| #define PACKAGE_NAME "the fast lexical analyser generator"
| #define PACKAGE_TARNAME "flex"
| #define PACKAGE_VERSION "2.6.4"
| #define PACKAGE_STRING "the fast lexical analyser generator 2.6.4"
| #define PACKAGE_BUGREPORT "flex-help@lists.sourceforge.net"
| #define PACKAGE_URL ""
| #define HAVE_STDIO_H 1
| #define HAVE_STDLIB_H 1
| #define HAVE_STRING_H 1
| #define HAVE_INTTYPES_H 1
| #define HAVE_STDINT_H 1
| #define HAVE_STRINGS_H 1
| #define HAVE_SYS_STAT_H 1
| #define HAVE_SYS_TYPES_H 1
| #define HAVE_UNISTD_H 1
| #define HAVE_WCHAR_H 1
| #define STDC_HEADERS 1
| #define _ALL_SOURCE 1
| #define _DARWIN_C_SOURCE 1
| #define _GNU_SOURCE 1
| #define _HPUX_ALT_XOPEN_SOCKET_API 1
| #define _NETBSD_SOURCE 1
| #define _OPENBSD_SOURCE 1
| #define _POSIX_PTHREAD_SEMANTICS 1
| #define __STDC_WANT_IEC_60559_ATTRIBS_EXT__ 1
| #define __STDC_WANT_IEC_60559_BFP_EXT__ 1
| #define __STDC_WANT_IEC_60559_DFP_EXT__ 1
| #define __STDC_WANT_IEC_60559_FUNCS_EXT__ 1
| #define __STDC_WANT_IEC_60559_TYPES_EXT__ 1
| #define __STDC_WANT_LIB_EXT2__ 1
| #define __STDC_WANT_MATH_SPEC_FUNCS__ 1
| #define _TANDEM_SOURCE 1
| #define __EXTENSIONS__ 1
| #define HAVE_DLFCN_H 1
| #define LT_OBJDIR ".libs/"
| #define PACKAGE "flex"
| #define VERSION "2.6.4"
| #define ENABLE_NLS 1
| #define HAVE_GETTEXT 1
| #define HAVE_DCGETTEXT 1
| #define YYTEXT_POINTER 1
| #define M4 "/usr/bin/m4"
| #define HAVE_REGEX_H 1
| #define HAVE_STRINGS_H 1
| #define HAVE_SYS_WAIT_H 1
| #define HAVE_UNISTD_H 1
| #define HAVE_INTTYPES_H 1
| #define HAVE_LIBINTL_H 1
| #define HAVE_LIMITS_H 1
| #define HAVE_LOCALE_H 1
| #define HAVE_MALLOC_H 1
| #define HAVE_NETINET_IN_H 1
| #define HAVE_PTHREAD_H 1
| #define HAVE_LIBM 1
| /* end confdefs.h.  */
| #include <stddef.h>
| #ifdef HAVE_STDIO_H
| # include <stdio.h>
| #endif
| #ifdef HAVE_STDLIB_H
| # include <stdlib.h>
| #endif
| #ifdef HAVE_STRING_H
| # include <string.h>
| #endif
| #ifdef HAVE_INTTYPES_H
| # include <inttypes.h>
| #endif
| #ifdef HAVE_STDINT_H
| # include <stdint.h>
| #endif
| #ifdef HAVE_STRINGS_H
| # include <strings.h>
| #endif
| #ifdef HAVE_SYS_TYPES_H
| # include <sys/types.h>
| #endif
| #ifdef HAVE_SYS_STAT_H
| # include <sys/stat.h>
| #endif
| #ifdef HAVE_UNISTD_H
| # include <unistd.h>
| #endif
| int
| main (void)
| {
| if (sizeof ((_Bool)))
| 	    return 0;
|   ;
|   return 0;
| }
configure:22779: result: yes
configure:22788: checking for stdbool.h that conforms to C99
configure:22904: clang -c -g -O2  conftest.c >&5
conftest.c:143:25: warning: address of 's' will always evaluate to 'true' [-Wpointer-bool-conversion]
  143 |              bool ps = &s;
      |                   ~~    ^
conftest.c:148:28: warning: address of 't' will always evaluate to 'true' [-Wpointer-bool-conversion]
  148 |                _Bool pt = &t;
      |                      ~~    ^
conftest.c:158:55: warning: address of array 'y' will always evaluate to 'true' [-Wpointer-bool-conversion]
  158 |                      + !q + !r + !u + !v + !w + !x + !y + !z + !pt
      |                                                      ~^
conftest.c:158:50: warning: address of array 'x' will always evaluate to 'true' [-Wpointer-bool-conversion]
  158 |                      + !q + !r + !u + !v + !w + !x + !y + !z + !pt
      |                                                 ~^
conftest.c:158:45: warning: address of array 'w' will always evaluate to 'true' [-Wpointer-bool-conversion]
  158 |                      + !q + !r + !u + !v + !w + !x + !y + !z + !pt
      |                                            ~^
conftest.c:158:40: warning: address of array 'v' will always evaluate to 'true' [-Wpointer-bool-conversion]
  158 |                      + !q + !r + !u + !v + !w + !x + !y + !z + !pt
      |                                       ~^
conftest.c:158:35: warning: address of array 'u' will always evaluate to 'true' [-Wpointer-bool-conversion]
  158 |                      + !q + !r + !u + !v + !w + !x + !y + !z + !pt
      |                                  ~^
conftest.c:158:30: warning: address of array 'r' will always evaluate to 'true' [-Wpointer-bool-conversion]
  158 |                      + !q + !r + !u + !v + !w + !x + !y + !z + !pt
      |                             ~^
conftest.c:158:25: warning: address of array 'q' will always evaluate to 'true' [-Wpointer-bool-conversion]
  158 |                      + !q + !r + !u + !v + !w + !x + !y + !z + !pt
      |                        ~^
conftest.c:156:40: warning: address of array 'o' will always evaluate to 'true' [-Wpointer-bool-conversion]
  156 |                      + !l + !m + !n + !o + !p + !pp + !ps
      |                                       ~^
conftest.c:156:35: warning: address of array 'n' will always evaluate to 'true' [-Wpointer-bool-conversion]
  156 |                      + !l + !m + !n + !o + !p + !pp + !ps
      |                                  ~^
conftest.c:156:30: warning: address of array 'm' will always evaluate to 'true' [-Wpointer-bool-conversion]
  156 |                      + !l + !m + !n + !o + !p + !pp + !ps
      |                             ~^
conftest.c:156:25: warning: address of array 'l' will always evaluate to 'true' [-Wpointer-bool-conversion]
  156 |                      + !l + !m + !n + !o + !p + !pp + !ps
      |                        ~^
conftest.c:155:73: warning: address of array 'k' will always evaluate to 'true' [-Wpointer-bool-conversion]
  155 |              return (!a + !b + !c + !d + !e + !f + !g + !h + !i + !j + !k
      |                                                                        ~^
conftest.c:155:68: warning: address of array 'j' will always evaluate to 'true' [-Wpointer-bool-conversion]
  155 |              return (!a + !b + !c + !d + !e + !f + !g + !h + !i + !j + !k
      |                                                                   ~^
conftest.c:155:63: warning: address of array 'i' will always evaluate to 'true' [-Wpointer-bool-conversion]
  155 |              return (!a + !b + !c + !d + !e + !f + !g + !h + !i + !j + !k
      |                                                              ~^
conftest.c:155:38: warning: address of array 'd' will always evaluate to 'true' [-Wpointer-bool-conversion]
  155 |              return (!a + !b + !c + !d + !e + !f + !g + !h + !i + !j + !k
      |                                     ~^
conftest.c:155:33: warning: address of array 'c' will always evaluate to 'true' [-Wpointer-bool-conversion]
  155 |              return (!a + !b + !c + !d + !e + !f + !g + !h + !i + !j + !k
      |                                ~^
conftest.c:155:28: warning: address of array 'b' will always evaluate to 'true' [-Wpointer-bool-conversion]
  155 |              return (!a + !b + !c + !d + !e + !f + !g + !h + !i + !j + !k
      |                           ~^
conftest.c:155:23: warning: address of array 'a' will always evaluate to 'true' [-Wpointer-bool-conversion]
  155 |              return (!a + !b + !c + !d + !e + !f + !g + !h + !i + !j + !k
      |                      ~^
20 warnings generated.
configure:22904: $? = 0
configure:22912: result: yes
configure:22921: checking for an ANSI C-conforming const
configure:22988: clang -c -g -O2  conftest.c >&5
configure:22988: $? = 0
configure:22996: result: yes
configure:23004: checking for size_t
configure:23004: clang -c -g -O2  conftest.c >&5
configure:23004: $? = 0
configure:23004: clang -c -g -O2  conftest.c >&5
conftest.c:90:21: error: expected expression
   90 | if (sizeof ((size_t)))
      |                     ^
1 error generated.
configure:23004: $? = 1
configure: failed program was:
| /* confdefs.h */
| #define PACKAGE_NAME "the fast lexical analyser generator"
| #define PACKAGE_TARNAME "flex"
| #define PACKAGE_VERSION "2.6.4"
| #define PACKAGE_STRING "the fast lexical analyser generator 2.6.4"
| #define PACKAGE_BUGREPORT "flex-help@lists.sourceforge.net"
| #define PACKAGE_URL ""
| #define HAVE_STDIO_H 1
| #define HAVE_STDLIB_H 1
| #define HAVE_STRING_H 1
| #define HAVE_INTTYPES_H 1
| #define HAVE_STDINT_H 1
| #define HAVE_STRINGS_H 1
| #define HAVE_SYS_STAT_H 1
| #define HAVE_SYS_TYPES_H 1
| #define HAVE_UNISTD_H 1
| #define HAVE_WCHAR_H 1
| #define STDC_HEADERS 1
| #define _ALL_SOURCE 1
| #define _DARWIN_C_SOURCE 1
| #define _GNU_SOURCE 1
| #define _HPUX_ALT_XOPEN_SOCKET_API 1
| #define _NETBSD_SOURCE 1
| #define _OPENBSD_SOURCE 1
| #define _POSIX_PTHREAD_SEMANTICS 1
| #define __STDC_WANT_IEC_60559_ATTRIBS_EXT__ 1
| #define __STDC_WANT_IEC_60559_BFP_EXT__ 1
| #define __STDC_WANT_IEC_60559_DFP_EXT__ 1
| #define __STDC_WANT_IEC_60559_FUNCS_EXT__ 1
| #define __STDC_WANT_IEC_60559_TYPES_EXT__ 1
| #define __STDC_WANT_LIB_EXT2__ 1
| #define __STDC_WANT_MATH_SPEC_FUNCS__ 1
| #define _TANDEM_SOURCE 1
| #define __EXTENSIONS__ 1
| #define HAVE_DLFCN_H 1
| #define LT_OBJDIR ".libs/"
| #define PACKAGE "flex"
| #define VERSION "2.6.4"
| #define ENABLE_NLS 1
| #define HAVE_GETTEXT 1
| #define HAVE_DCGETTEXT 1
| #define YYTEXT_POINTER 1
| #define M4 "/usr/bin/m4"
| #define HAVE_REGEX_H 1
| #define HAVE_STRINGS_H 1
| #define HAVE_SYS_WAIT_H 1
| #define HAVE_UNISTD_H 1
| #define HAVE_INTTYPES_H 1
| #define HAVE_LIBINTL_H 1
| #define HAVE_LIMITS_H 1
| #define HAVE_LOCALE_H 1
| #define HAVE_MALLOC_H 1
| #define HAVE_NETINET_IN_H 1
| #define HAVE_PTHREAD_H 1
| #define HAVE_LIBM 1
| #define HAVE__BOOL 1
| #define HAVE_STDBOOL_H 1
| /* end confdefs.h.  */
| #include <stddef.h>
| #ifdef HAVE_STDIO_H
| # include <stdio.h>
| #endif
| #ifdef HAVE_STDLIB_H
| # include <stdlib.h>
| #endif
| #ifdef HAVE_STRING_H
| # include <string.h>
| #endif
| #ifdef HAVE_INTTYPES_H
| # include <inttypes.h>
| #endif
| #ifdef HAVE_STDINT_H
| # include <stdint.h>
| #endif
| #ifdef HAVE_STRINGS_H
| # include <strings.h>
| #endif
| #ifdef HAVE_SYS_TYPES_H
| # include <sys/types.h>
| #endif
| #ifdef HAVE_SYS_STAT_H
| # include <sys/stat.h>
| #endif
| #ifdef HAVE_UNISTD_H
| # include <unistd.h>
| #endif
| int
| main (void)
| {
| if (sizeof ((size_t)))
| 	    return 0;
|   ;
|   return 0;
| }
configure:23004: result: yes
configure:23019: checking for working alloca.h
configure:23037: clang -o conftest -g -O2   conftest.c -lm  >&5
configure:23037: $? = 0
configure:23046: result: yes
configure:23054: checking for alloca
configure:23099: result: yes
configure:23167: checking for pid_t
configure:23167: clang -c -g -O2  conftest.c >&5
configure:23167: $? = 0
configure:23167: clang -c -g -O2  conftest.c >&5
conftest.c:93:20: error: expected expression
   93 | if (sizeof ((pid_t)))
      |                    ^
1 error generated.
configure:23167: $? = 1
configure: failed program was:
| /* confdefs.h */
| #define PACKAGE_NAME "the fast lexical analyser generator"
| #define PACKAGE_TARNAME "flex"
| #define PACKAGE_VERSION "2.6.4"
| #define PACKAGE_STRING "the fast lexical analyser generator 2.6.4"
| #define PACKAGE_BUGREPORT "flex-help@lists.sourceforge.net"
| #define PACKAGE_URL ""
| #define HAVE_STDIO_H 1
| #define HAVE_STDLIB_H 1
| #define HAVE_STRING_H 1
| #define HAVE_INTTYPES_H 1
| #define HAVE_STDINT_H 1
| #define HAVE_STRINGS_H 1
| #define HAVE_SYS_STAT_H 1
| #define HAVE_SYS_TYPES_H 1
| #define HAVE_UNISTD_H 1
| #define HAVE_WCHAR_H 1
| #define STDC_HEADERS 1
| #define _ALL_SOURCE 1
| #define _DARWIN_C_SOURCE 1
| #define _GNU_SOURCE 1
| #define _HPUX_ALT_XOPEN_SOCKET_API 1
| #define _NETBSD_SOURCE 1
| #define _OPENBSD_SOURCE 1
| #define _POSIX_PTHREAD_SEMANTICS 1
| #define __STDC_WANT_IEC_60559_ATTRIBS_EXT__ 1
| #define __STDC_WANT_IEC_60559_BFP_EXT__ 1
| #define __STDC_WANT_IEC_60559_DFP_EXT__ 1
| #define __STDC_WANT_IEC_60559_FUNCS_EXT__ 1
| #define __STDC_WANT_IEC_60559_TYPES_EXT__ 1
| #define __STDC_WANT_LIB_EXT2__ 1
| #define __STDC_WANT_MATH_SPEC_FUNCS__ 1
| #define _TANDEM_SOURCE 1
| #define __EXTENSIONS__ 1
| #define HAVE_DLFCN_H 1
| #define LT_OBJDIR ".libs/"
| #define PACKAGE "flex"
| #define VERSION "2.6.4"
| #define ENABLE_NLS 1
| #define HAVE_GETTEXT 1
| #define HAVE_DCGETTEXT 1
| #define YYTEXT_POINTER 1
| #define M4 "/usr/bin/m4"
| #define HAVE_REGEX_H 1
| #define HAVE_STRINGS_H 1
| #define HAVE_SYS_WAIT_H 1
| #define HAVE_UNISTD_H 1
| #define HAVE_INTTYPES_H 1
| #define HAVE_LIBINTL_H 1
| #define HAVE_LIMITS_H 1
| #define HAVE_LOCALE_H 1
| #define HAVE_MALLOC_H 1
| #define HAVE_NETINET_IN_H 1
| #define HAVE_PTHREAD_H 1
| #define HAVE_LIBM 1
| #define HAVE__BOOL 1
| #define HAVE_STDBOOL_H 1
| #define HAVE_ALLOCA_H 1
| #define HAVE_ALLOCA 1
| /* end confdefs.h.  */
| #include <stddef.h>
| #ifdef HAVE_STDIO_H
| # include <stdio.h>
| #endif
| #ifdef HAVE_STDLIB_H
| # include <stdlib.h>
| #endif
| #ifdef HAVE_STRING_H
| # include <string.h>
| #endif
| #ifdef HAVE_INTTYPES_H
| # include <inttypes.h>
| #endif
| #ifdef HAVE_STDINT_H
| # include <stdint.h>
| #endif
| #ifdef HAVE_STRINGS_H
| # include <strings.h>
| #endif
| #ifdef HAVE_SYS_TYPES_H
| # include <sys/types.h>
| #endif
| #ifdef HAVE_SYS_STAT_H
| # include <sys/stat.h>
| #endif
| #ifdef HAVE_UNISTD_H
| # include <unistd.h>
| #endif
| 
| int
| main (void)
| {
| if (sizeof ((pid_t)))
| 	    return 0;
|   ;
|   return 0;
| }
configure:23167: result: yes
configure:23208: checking for fork
configure:23208: clang -o conftest -g -O2   conftest.c -lm  >&5
configure:23208: $? = 0
configure:23208: result: yes
configure:23208: checking for vfork
configure:23208: clang -o conftest -g -O2   conftest.c -lm  >&5
conftest.c:78:6: warning: incompatible redeclaration of library function 'vfork' [-Wincompatible-library-redeclaration]
   78 | char vfork ();
      |      ^
conftest.c:78:6: note: 'vfork' is a builtin with type 'int (void)'
1 warning generated.
configure:23208: $? = 0
configure:23208: result: yes
configure:23221: checking for working fork
configure:23245: clang -o conftest -g -O2   conftest.c -lm  >&5
configure:23245: $? = 0
configure:23245: ./conftest
configure:23245: $? = 0
configure:23256: result: yes
configure:23277: checking for working vfork
configure:23406: result: yes
configure:23431: checking for GNU libc compatible malloc
configure:23463: clang -o conftest -g -O2   conftest.c -lm  >&5
configure:23463: $? = 0
configure:23463: ./conftest
configure:23463: $? = 0
configure:23474: result: yes
configure:23501: checking for GNU libc compatible realloc
configure:23533: clang -o conftest -g -O2   conftest.c -lm  >&5
configure:23533: $? = 0
configure:23533: ./conftest
configure:23533: $? = 0
configure:23544: result: yes
configure:23577: checking for dup2
configure:23577: clang -o conftest -g -O2   conftest.c -lm  >&5
configure:23577: $? = 0
configure:23577: result: yes
configure:23577: checking for memset
configure:23577: clang -o conftest -g -O2   conftest.c -lm  >&5
conftest.c:84:6: warning: incompatible redeclaration of library function 'memset' [-Wincompatible-library-redeclaration]
   84 | char memset ();
      |      ^
conftest.c:84:6: note: 'memset' is a builtin with type 'void *(void *, int, unsigned long)'
1 warning generated.
configure:23577: $? = 0
configure:23577: result: yes
configure:23577: checking for regcomp
configure:23577: clang -o conftest -g -O2   conftest.c -lm  >&5
configure:23577: $? = 0
configure:23577: result: yes
configure:23577: checking for strcasecmp
configure:23577: clang -o conftest -g -O2   conftest.c -lm  >&5
conftest.c:86:6: warning: incompatible redeclaration of library function 'strcasecmp' [-Wincompatible-library-redeclaration]
   86 | char strcasecmp ();
      |      ^
conftest.c:86:6: note: 'strcasecmp' is a builtin with type 'int (const char *, const char *)'
1 warning generated.
configure:23577: $? = 0
configure:23577: result: yes
configure:23577: checking for strchr
configure:23577: clang -o conftest -g -O2   conftest.c -lm  >&5
conftest.c:87:6: warning: incompatible redeclaration of library function 'strchr' [-Wincompatible-library-redeclaration]
   87 | char strchr ();
      |      ^
conftest.c:87:6: note: 'strchr' is a builtin with type 'char *(const char *, int)'
1 warning generated.
configure:23577: $? = 0
configure:23577: result: yes
configure:23577: checking for strdup
configure:23577: clang -o conftest -g -O2   conftest.c -lm  >&5
conftest.c:88:6: warning: incompatible redeclaration of library function 'strdup' [-Wincompatible-library-redeclaration]
   88 | char strdup ();
      |      ^
conftest.c:88:6: note: 'strdup' is a builtin with type 'char *(const char *)'
1 warning generated.
configure:23577: $? = 0
configure:23577: result: yes
configure:23577: checking for strtol
configure:23577: clang -o conftest -g -O2   conftest.c -lm  >&5
conftest.c:89:6: warning: incompatible redeclaration of library function 'strtol' [-Wincompatible-library-redeclaration]
   89 | char strtol ();
      |      ^
conftest.c:89:6: note: 'strtol' is a builtin with type 'long (const char *, char **, int)'
1 warning generated.
configure:23577: $? = 0
configure:23577: result: yes
configure:23595: checking for pow
configure:23595: clang -o conftest -g -O2   conftest.c -lm  >&5
conftest.c:90:6: warning: incompatible redeclaration of library function 'pow' [-Wincompatible-library-redeclaration]
   90 | char pow ();
      |      ^
conftest.c:90:6: note: 'pow' is a builtin with type 'double (double, double)'
1 warning generated.
configure:23595: $? = 0
configure:23595: result: yes
configure:23601: checking for setlocale
configure:23601: clang -o conftest -g -O2   conftest.c -lm  >&5
configure:23601: $? = 0
configure:23601: result: yes
configure:23607: checking for reallocarr
configure:23607: clang -o conftest -g -O2   conftest.c -lm  >&5
/usr/bin/ld: /tmp/conftest-44c867.o: in function `main':
/home/fruitto/Project/engine/bin/dependencies/flex/conftest.c:103:(.text+0x4): undefined reference to `reallocarr'
clang: error: linker command failed with exit code 1 (use -v to see invocation)
configure:23607: $? = 1
configure: failed program was:
| /* confdefs.h */
| #define PACKAGE_NAME "the fast lexical analyser generator"
| #define PACKAGE_TARNAME "flex"
| #define PACKAGE_VERSION "2.6.4"
| #define PACKAGE_STRING "the fast lexical analyser generator 2.6.4"
| #define PACKAGE_BUGREPORT "flex-help@lists.sourceforge.net"
| #define PACKAGE_URL ""
| #define HAVE_STDIO_H 1
| #define HAVE_STDLIB_H 1
| #define HAVE_STRING_H 1
| #define HAVE_INTTYPES_H 1
| #define HAVE_STDINT_H 1
| #define HAVE_STRINGS_H 1
| #define HAVE_SYS_STAT_H 1
| #define HAVE_SYS_TYPES_H 1
| #define HAVE_UNISTD_H 1
| #define HAVE_WCHAR_H 1
| #define STDC_HEADERS 1
| #define _ALL_SOURCE 1
| #define _DARWIN_C_SOURCE 1
| #define _GNU_SOURCE 1
| #define _HPUX_ALT_XOPEN_SOCKET_API 1
| #define _NETBSD_SOURCE 1
| #define _OPENBSD_SOURCE 1
| #define _POSIX_PTHREAD_SEMANTICS 1
| #define __STDC_WANT_IEC_60559_ATTRIBS_EXT__ 1
| #define __STDC_WANT_IEC_60559_BFP_EXT__ 1
| #define __STDC_WANT_IEC_60559_DFP_EXT__ 1
| #define __STDC_WANT_IEC_60559_FUNCS_EXT__ 1
| #define __STDC_WANT_IEC_60559_TYPES_EXT__ 1
| #define __STDC_WANT_LIB_EXT2__ 1
| #define __STDC_WANT_MATH_SPEC_FUNCS__ 1
| #define _TANDEM_SOURCE 1
| #define __EXTENSIONS__ 1
| #define HAVE_DLFCN_H 1
| #define LT_OBJDIR ".libs/"
| #define PACKAGE "flex"
| #define VERSION "2.6.4"
| #define ENABLE_NLS 1
| #define HAVE_GETTEXT 1
| #define HAVE_DCGETTEXT 1
| #define YYTEXT_POINTER 1
| #define M4 "/usr/bin/m4"
| #define HAVE_REGEX_H 1
| #define HAVE_STRINGS_H 1
| #define HAVE_SYS_WAIT_H 1
| #define HAVE_UNISTD_H 1
| #define HAVE_INTTYPES_H 1
| #define HAVE_LIBINTL_H 1
| #define HAVE_LIMITS_H 1
| #define HAVE_LOCALE_H 1
| #define HAVE_MALLOC_H 1
| #define HAVE_NETINET_IN_H 1
| #define HAVE_PTHREAD_H 1
| #define HAVE_LIBM 1
| #define HAVE__BOOL 1
| #define HAVE_STDBOOL_H 1
| #define HAVE_ALLOCA_H 1
| #define HAVE_ALLOCA 1
| #define HAVE_FORK 1
| #define HAVE_VFORK 1
| #define HAVE_WORKING_VFORK 1
| #define HAVE_WORKING_FORK 1
| #define HAVE_MALLOC 1
| #define HAVE_REALLOC 1
| #define HAVE_DUP2 1
| #define HAVE_MEMSET 1
| #define HAVE_REGCOMP 1
| #define HAVE_STRCASECMP 1
| #define HAVE_STRCHR 1
| #define HAVE_STRDUP 1
| #define HAVE_STRTOL 1
| #define HAVE_POW 1
| #define HAVE_SETLOCALE 1
| /* end confdefs.h.  */
| /* Define reallocarr to an innocuous variant, in case <limits.h> declares reallocarr.
|    For example, HP-UX 11i <limits.h> declares gettimeofday.  */
| #define reallocarr innocuous_reallocarr
| 
| /* System header to define __stub macros and hopefully few prototypes,
|    which can conflict with char reallocarr (); below.  */
| 
| #include <limits.h>
| #undef reallocarr
| 
| /* Override any GCC internal prototype to avoid an error.
|    Use char because int might match the return type of a GCC
|    builtin and then its argument prototype would still apply.  */
| #ifdef __cplusplus
| extern "C"
| #endif
| char reallocarr ();
| /* The GNU C library defines this for functions which it implements
|     to always fail with ENOSYS.  Some functions are actually named
|     something starting with __ and the normal name is an alias.  */
| #if defined __stub_reallocarr || defined __stub___reallocarr
| choke me
| #endif
| 
| int
| main (void)
| {
| return reallocarr ();
|   ;
|   return 0;
| }
configure:23607: result: no
configure:23613: checking for reallocarray
configure:23613: clang -o conftest -g -O2   conftest.c -lm  >&5
configure:23613: $? = 0
configure:23613: result: yes
configure:23620: checking for clang options needed to detect all undeclared functions
configure:23642: clang -c -g -O2   conftest.c >&5
conftest.c:81:8: error: call to undeclared library function 'strchr' with type 'char *(const char *, int)'; ISO C99 and later do not support implicit function declarations [-Wimplicit-function-declaration]
   81 | (void) strchr;
      |        ^
conftest.c:81:8: note: include the header <string.h> or explicitly provide a declaration for 'strchr'
1 error generated.
configure:23642: $? = 1
configure: failed program was:
| /* confdefs.h */
| #define PACKAGE_NAME "the fast lexical analyser generator"
| #define PACKAGE_TARNAME "flex"
| #define PACKAGE_VERSION "2.6.4"
| #define PACKAGE_STRING "the fast lexical analyser generator 2.6.4"
| #define PACKAGE_BUGREPORT "flex-help@lists.sourceforge.net"
| #define PACKAGE_URL ""
| #define HAVE_STDIO_H 1
| #define HAVE_STDLIB_H 1
| #define HAVE_STRING_H 1
| #define HAVE_INTTYPES_H 1
| #define HAVE_STDINT_H 1
| #define HAVE_STRINGS_H 1
| #define HAVE_SYS_STAT_H 1
| #define HAVE_SYS_TYPES_H 1
| #define HAVE_UNISTD_H 1
| #define HAVE_WCHAR_H 1
| #define STDC_HEADERS 1
| #define _ALL_SOURCE 1
| #define _DARWIN_C_SOURCE 1
| #define _GNU_SOURCE 1
| #define _HPUX_ALT_XOPEN_SOCKET_API 1
| #define _NETBSD_SOURCE 1
| #define _OPENBSD_SOURCE 1
| #define _POSIX_PTHREAD_SEMANTICS 1
| #define __STDC_WANT_IEC_60559_ATTRIBS_EXT__ 1
| #define __STDC_WANT_IEC_60559_BFP_EXT__ 1
| #define __STDC_WANT_IEC_60559_DFP_EXT__ 1
| #define __STDC_WANT_IEC_60559_FUNCS_EXT__ 1
| #define __STDC_WANT_IEC_60559_TYPES_EXT__ 1
| #define __STDC_WANT_LIB_EXT2__ 1
| #define __STDC_WANT_MATH_SPEC_FUNCS__ 1
| #define _TANDEM_SOURCE 1
| #define __EXTENSIONS__ 1
| #define HAVE_DLFCN_H 1
| #define LT_OBJDIR ".libs/"
| #define PACKAGE "flex"
| #define VERSION "2.6.4"
| #define ENABLE_NLS 1
| #define HAVE_GETTEXT 1
| #define HAVE_DCGETTEXT 1
| #define YYTEXT_POINTER 1
| #define M4 "/usr/bin/m4"
| #define HAVE_REGEX_H 1
| #define HAVE_STRINGS_H 1
| #define HAVE_SYS_WAIT_H 1
| #define HAVE_UNISTD_H 1
| #define HAVE_INTTYPES_H 1
| #define HAVE_LIBINTL_H 1
| #define HAVE_LIMITS_H 1
| #define HAVE_LOCALE_H 1
| #define HAVE_MALLOC_H 1
| #define HAVE_NETINET_IN_H 1
| #define HAVE_PTHREAD_H 1
| #define HAVE_LIBM 1
| #define HAVE__BOOL 1
| #define HAVE_STDBOOL_H 1
| #define HAVE_ALLOCA_H 1
| #define HAVE_ALLOCA 1
| #define HAVE_FORK 1
| #define HAVE_VFORK 1
| #define HAVE_WORKING_VFORK 1
| #define HAVE_WORKING_FORK 1
| #define HAVE_MALLOC 1
| #define HAVE_REALLOC 1
| #define HAVE_DUP2 1
| #define HAVE_MEMSET 1
| #define HAVE_REGCOMP 1
| #define HAVE_STRCASECMP 1
| #define HAVE_STRCHR 1
| #define HAVE_STRDUP 1
| #define HAVE_STRTOL 1
| #define HAVE_POW 1
| #define HAVE_SETLOCALE 1
| #define HAVE_REALLOCARRAY 1
| /* end confdefs.h.  */
| 
| int
| main (void)
| {
| (void) strchr;
|   ;
|   return 0;
| }
configure:23669: clang -c -g -O2   conftest.c >&5
configure:23669: $? = 0
configure:23686: result: none needed
configure:23700: checking whether __func__ is declared
configure:23700: clang -c -g -O2   conftest.c >&5
configure:23700: $? = 0
configure:23700: result: yes
configure:23820: checking that generated files are newer than configure
configure:23826: result: done
configure:23869: creating ./config.status

## ---------------------- ##
## Running config.status. ##
## ---------------------- ##

This file was extended by the fast lexical analyser generator config.status 2.6.4, which was
generated by GNU Autoconf 2.71.  Invocation command line was

  CONFIG_FILES    = 
  CONFIG_HEADERS  = 
  CONFIG_LINKS    = 
  CONFIG_COMMANDS = 
  $ ./config.status 

on FruitTo

config.status:1265: creating Makefile
config.status:1265: creating doc/Makefile
config.status:1265: creating examples/Makefile
config.status:1265: creating examples/fastwc/Makefile
config.status:1265: creating examples/manual/Makefile
config.status:1265: creating po/Makefile.in
config.status:1265: creating src/libfl.pc
config.status:1265: creating src/Makefile
config.status:1265: creating tools/Makefile
config.status:1265: creating tests/Makefile
config.status:1265: creating src/config.h
config.status:1494: executing libtool commands
config.status:1494: executing depfiles commands
config.status:2287: cd src       && sed -e '/# am--include-marker/d' Makefile         | make -f - am--depfiles
config.status:2292: $? = 0
config.status:2287: cd tests       && sed -e '/# am--include-marker/d' Makefile         | make -f - am--depfiles
/tmp/GmJcTXdi:6680: warning: ignoring prerequisites on suffix rule definition
/tmp/GmJcTXdi:6683: warning: ignoring prerequisites on suffix rule definition
/tmp/GmJcTXdi:6717: warning: ignoring prerequisites on suffix rule definition
config.status:2292: $? = 0
config.status:1494: executing po-directories commands

## ---------------- ##
## Cache variables. ##
## ---------------- ##

ac_cv_build=x86_64-pc-linux-gnu
ac_cv_build_prog_CPP='gcc -E'
ac_cv_build_prog_cc_c11=
ac_cv_build_prog_cc_g=yes
ac_cv_build_prog_cc_stdc=
ac_cv_c_compiler_gnu=yes
ac_cv_c_const=yes
ac_cv_c_undeclared_builtin_options='none needed'
ac_cv_cxx_compiler_gnu=yes
ac_cv_env_CCC_set=
ac_cv_env_CCC_value=
ac_cv_env_CC_set=set
ac_cv_env_CC_value=clang
ac_cv_env_CFLAGS_set=
ac_cv_env_CFLAGS_value=
ac_cv_env_CPPFLAGS_set=
ac_cv_env_CPPFLAGS_value=
ac_cv_env_CPP_set=
ac_cv_env_CPP_value=
ac_cv_env_CXXCPP_set=
ac_cv_env_CXXCPP_value=
ac_cv_env_CXXFLAGS_set=
ac_cv_env_CXXFLAGS_value=
ac_cv_env_CXX_set=set
ac_cv_env_CXX_value=clang++
ac_cv_env_LDFLAGS_set=
ac_cv_env_LDFLAGS_value=
ac_cv_env_LIBS_set=
ac_cv_env_LIBS_value=
ac_cv_env_LT_SYS_LIBRARY_PATH_set=
ac_cv_env_LT_SYS_LIBRARY_PATH_value=
ac_cv_env_YACC_set=
ac_cv_env_YACC_value=
ac_cv_env_YFLAGS_set=
ac_cv_env_YFLAGS_value=
ac_cv_env_build_alias_set=
ac_cv_env_build_alias_value=
ac_cv_env_host_alias_set=
ac_cv_env_host_alias_value=
ac_cv_env_target_alias_set=
ac_cv_env_target_alias_value=
ac_cv_exeext=
ac_cv_func_alloca_works=yes
ac_cv_func_dup2=yes
ac_cv_func_fork=yes
ac_cv_func_fork_works=yes
ac_cv_func_malloc_0_nonnull=yes
ac_cv_func_memset=yes
ac_cv_func_pow=yes
ac_cv_func_realloc_0_nonnull=yes
ac_cv_func_reallocarr=no
ac_cv_func_reallocarray=yes
ac_cv_func_regcomp=yes
ac_cv_func_setlocale=yes
ac_cv_func_strcasecmp=yes
ac_cv_func_strchr=yes
ac_cv_func_strdup=yes
ac_cv_func_strtol=yes
ac_cv_func_vfork=yes
ac_cv_func_vfork_works=yes
ac_cv_have_decl___func__=yes
ac_cv_header_dlfcn_h=yes
ac_cv_header_inttypes_h=yes
ac_cv_header_libintl_h=yes
ac_cv_header_limits_h=yes
ac_cv_header_locale_h=yes
ac_cv_header_malloc_h=yes
ac_cv_header_minix_config_h=no
ac_cv_header_netinet_in_h=yes
ac_cv_header_pthread_h=yes
ac_cv_header_regex_h=yes
ac_cv_header_stdbool_h=yes
ac_cv_header_stdint_h=yes
ac_cv_header_stdio_h=yes
ac_cv_header_stdlib_h=yes
ac_cv_header_string_h=yes
ac_cv_header_strings_h=yes
ac_cv_header_sys_stat_h=yes
ac_cv_header_sys_types_h=yes
ac_cv_header_sys_wait_h=yes
ac_cv_header_unistd_h=yes
ac_cv_header_vfork_h=no
ac_cv_header_wchar_h=yes
ac_cv_host=x86_64-pc-linux-gnu
ac_cv_host_c_compiler_gnu=yes
ac_cv_host_exeext=
ac_cv_host_objext=o
ac_cv_lib_lex='none needed'
ac_cv_lib_m_log10=yes
ac_cv_lib_pthread_pthread_mutex_lock=yes
ac_cv_objext=o
ac_cv_path_EGREP='/usr/bin/grep -E'
ac_cv_path_FGREP='/usr/bin/grep -F'
ac_cv_path_GMSGFMT=/usr/bin/msgfmt
ac_cv_path_GREP=/usr/bin/grep
ac_cv_path_HELP2MAN='${top_srcdir}/build-aux/missing help2man'
ac_cv_path_M4=/usr/bin/m4
ac_cv_path_MSGFMT=/usr/bin/msgfmt
ac_cv_path_MSGMERGE=/usr/bin/msgmerge
ac_cv_path_SED=/usr/bin/sed
ac_cv_path_XGETTEXT=/usr/bin/xgettext
ac_cv_path_install='/usr/bin/install -c'
ac_cv_path_lt_DD=/usr/bin/dd
ac_cv_path_mkdir=/usr/bin/mkdir
ac_cv_prog_AWK=mawk
ac_cv_prog_CPP='clang -E'
ac_cv_prog_CXXCPP='clang++ -E'
ac_cv_prog_LEX=flex
ac_cv_prog_YACC='bison -y'
ac_cv_prog_ac_ct_AR=ar
ac_cv_prog_ac_ct_CC=clang
ac_cv_prog_ac_ct_CC_FOR_BUILD=gcc
ac_cv_prog_ac_ct_FILECMD=file
ac_cv_prog_ac_ct_MANIFEST_TOOL=mt
ac_cv_prog_ac_ct_OBJDUMP=objdump
ac_cv_prog_ac_ct_RANLIB=ranlib
ac_cv_prog_ac_ct_STRIP=strip
ac_cv_prog_cc_c11=
ac_cv_prog_cc_g=yes
ac_cv_prog_cc_stdc=
ac_cv_prog_cxx_cxx11=
ac_cv_prog_cxx_g=yes
ac_cv_prog_cxx_stdcxx=
ac_cv_prog_lex_root=lex.yy
ac_cv_prog_lex_yytext_pointer=yes
ac_cv_prog_make_make_set=yes
ac_cv_safe_to_define___extensions__=yes
ac_cv_should_define__xopen_source=no
ac_cv_type__Bool=yes
ac_cv_type_pid_t=yes
ac_cv_type_size_t=yes
ac_cv_working_alloca_h=yes
acl_cv_hardcode_direct=no
acl_cv_hardcode_libdir_flag_spec='${wl}-rpath ${wl}$libdir'
acl_cv_hardcode_libdir_separator=
acl_cv_hardcode_minus_L=no
acl_cv_libdirstems=lib,lib,lib64
acl_cv_libext=a
acl_cv_libname_spec='lib$name'
acl_cv_library_names_spec='$libname$shrext'
acl_cv_prog_gnu_ld=yes
acl_cv_rpath=done
acl_cv_shlibext=so
acl_cv_wl=-Wl,
am_cv_CC_dependencies_compiler_type=gcc3
am_cv_CXX_dependencies_compiler_type=gcc3
am_cv_build_prog_cc_c_o=yes
am_cv_make_support_nested_variables=yes
am_cv_prog_cc_c_o=yes
gl_cv_elf=yes
gl_cv_host_cpu_c_abi_32bit=no
gt_cv_func_CFLocaleCopyPreferredLanguages=no
gt_cv_func_CFPreferencesCopyAppValue=no
gt_cv_func_gnugettext1_libc=yes
lt_cv_ar_at_file=@
lt_cv_archive_cmds_need_lc=no
lt_cv_deplibs_check_method=pass_all
lt_cv_file_magic_cmd='$MAGIC_CMD'
lt_cv_file_magic_test_file=
lt_cv_ld_reload_flag=-r
lt_cv_nm_interface='BSD nm'
lt_cv_objdir=.libs
lt_cv_path_LD=/usr/bin/ld
lt_cv_path_LDCXX='/usr/bin/ld -m elf_x86_64'
lt_cv_path_NM='/usr/bin/nm -B'
lt_cv_path_mainfest_tool=no
lt_cv_prog_compiler_c_o=yes
lt_cv_prog_compiler_c_o_CXX=yes
lt_cv_prog_compiler_pic='-fPIC -DPIC'
lt_cv_prog_compiler_pic_CXX='-fPIC -DPIC'
lt_cv_prog_compiler_pic_works=yes
lt_cv_prog_compiler_pic_works_CXX=yes
lt_cv_prog_compiler_rtti_exceptions=yes
lt_cv_prog_compiler_static_works=yes
lt_cv_prog_compiler_static_works_CXX=yes
lt_cv_prog_gnu_ld=yes
lt_cv_prog_gnu_ldcxx=yes
lt_cv_sharedlib_from_linklib_cmd='printf %s\n'
lt_cv_shlibpath_overrides_runpath=yes
lt_cv_sys_global_symbol_pipe='/usr/bin/sed -n -e '\''s/^.*[	 ]\([ABCDGIRSTW][ABCDGIRSTW]*\)[	 ][	 ]*\([_A-Za-z][_A-Za-z0-9]*\)$/\1 \2 \2/p'\'' | /usr/bin/sed '\''/ __gnu_lto/d'\'''
lt_cv_sys_global_symbol_to_c_name_address='/usr/bin/sed -n -e '\''s/^: \(.*\) .*$/  {"\1", (void *) 0},/p'\'' -e '\''s/^[ABCDGIRSTW][ABCDGIRSTW]* .* \(.*\)$/  {"\1", (void *) \&\1},/p'\'''
lt_cv_sys_global_symbol_to_c_name_address_lib_prefix='/usr/bin/sed -n -e '\''s/^: \(.*\) .*$/  {"\1", (void *) 0},/p'\'' -e '\''s/^[ABCDGIRSTW][ABCDGIRSTW]* .* \(lib.*\)$/  {"\1", (void *) \&\1},/p'\'' -e '\''s/^[ABCDGIRSTW][ABCDGIRSTW]* .* \(.*\)$/  {"lib\1", (void *) \&\1},/p'\'''
lt_cv_sys_global_symbol_to_cdecl='/usr/bin/sed -n -e '\''s/^T .* \(.*\)$/extern int \1();/p'\'' -e '\''s/^[ABCDGIRSTW][ABCDGIRSTW]* .* \(.*\)$/extern char \1;/p'\'''
lt_cv_sys_global_symbol_to_import=
lt_cv_sys_max_cmd_len=1572864
lt_cv_to_host_file_cmd=func_convert_file_noop
lt_cv_to_tool_file_cmd=func_convert_file_noop
lt_cv_truncate_bin='/usr/bin/dd bs=4096 count=1'

## ----------------- ##
## Output variables. ##
## ----------------- ##

ACLOCAL='${SHELL} '\''/home/fruitto/Project/engine/bin/dependencies/flex/build-aux/missing'\'' aclocal-1.16'
ALLOCA=''
AMDEPBACKSLASH='\'
AMDEP_FALSE='#'
AMDEP_TRUE=''
AMTAR='$${TAR-tar}'
AM_BACKSLASH='\'
AM_DEFAULT_V='$(AM_DEFAULT_VERBOSITY)'
AM_DEFAULT_VERBOSITY='1'
AM_V='$(V)'
AR='ar'
AUTOCONF='${SHELL} '\''/home/fruitto/Project/engine/bin/dependencies/flex/build-aux/missing'\'' autoconf'
AUTOHEADER='${SHELL} '\''/home/fruitto/Project/engine/bin/dependencies/flex/build-aux/missing'\'' autoheader'
AUTOMAKE='${SHELL} '\''/home/fruitto/Project/engine/bin/dependencies/flex/build-aux/missing'\'' automake-1.16'
AWK='mawk'
BUILD_EXEEXT=''
BUILD_OBJEXT='o'
CC='clang'
CCDEPMODE='depmode=gcc3'
CC_FOR_BUILD='gcc'
CFLAGS='-g -O2'
CFLAGS_FOR_BUILD='-g -O2'
CPP='clang -E'
CPPFLAGS=''
CPPFLAGS_FOR_BUILD=''
CPP_FOR_BUILD='gcc -E'
CROSS_FALSE=''
CROSS_TRUE='#'
CSCOPE='cscope'
CTAGS='ctags'
CXX='clang++'
CXXCPP='clang++ -E'
CXXDEPMODE='depmode=gcc3'
CXXFLAGS='-g -O2'
CYGPATH_W='echo'
DEFS='-DHAVE_CONFIG_H'
DEPDIR='.deps'
DLLTOOL='false'
DSYMUTIL=''
DUMPBIN=''
ECHO_C=''
ECHO_N='-n'
ECHO_T=''
EGREP='/usr/bin/grep -E'
ENABLE_BOOTSTRAP_FALSE='#'
ENABLE_BOOTSTRAP_TRUE=''
ENABLE_LIBFL_FALSE='#'
ENABLE_LIBFL_TRUE=''
ETAGS='etags'
EXEEXT=''
FGREP='/usr/bin/grep -F'
FILECMD='file'
GETTEXT_MACRO_VERSION='0.20'
GMSGFMT='/usr/bin/msgfmt'
GMSGFMT_015='/usr/bin/msgfmt'
GREP='/usr/bin/grep'
HAVE_BISON_FALSE='#'
HAVE_BISON_TRUE=''
HELP2MAN='${top_srcdir}/build-aux/missing help2man'
INDENT=''
INSTALL_DATA='${INSTALL} -m 644'
INSTALL_PROGRAM='${INSTALL}'
INSTALL_SCRIPT='${INSTALL}'
INSTALL_STRIP_PROGRAM='$(install_sh) -c -s'
INTLLIBS=''
INTL_MACOSX_LIBS=''
LD='/usr/bin/ld -m elf_x86_64'
LDFLAGS=''
LDFLAGS_FOR_BUILD=''
LEX='flex'
LEXLIB=''
LEX_OUTPUT_ROOT='lex.yy'
LIBICONV='-liconv'
LIBINTL=''
LIBOBJS=''
LIBPTHREAD='-lpthread'
LIBS='-lm '
LIBTOOL='$(SHELL) $(top_builddir)/libtool'
LIPO=''
LN_S='ln -s'
LTLIBICONV='-liconv'
LTLIBINTL=''
LTLIBOBJS=''
LT_SYS_LIBRARY_PATH=''
M4='/usr/bin/m4'
MAKEINFO='${SHELL} '\''/home/fruitto/Project/engine/bin/dependencies/flex/build-aux/missing'\'' makeinfo'
MANIFEST_TOOL=':'
MKDIR_P='/usr/bin/mkdir -p'
MSGFMT='/usr/bin/msgfmt'
MSGMERGE='/usr/bin/msgmerge'
MSGMERGE_FOR_MSGFMT_OPTION='--for-msgfmt'
NM='/usr/bin/nm -B'
NMEDIT=''
OBJDUMP='objdump'
OBJEXT='o'
OTOOL64=''
OTOOL=''
PACKAGE='flex'
PACKAGE_BUGREPORT='flex-help@lists.sourceforge.net'
PACKAGE_NAME='the fast lexical analyser generator'
PACKAGE_STRING='the fast lexical analyser generator 2.6.4'
PACKAGE_TARNAME='flex'
PACKAGE_URL=''
PACKAGE_VERSION='2.6.4'
PATH_SEPARATOR=':'
POSUB='po'
RANLIB='ranlib'
SED='/usr/bin/sed'
SET_MAKE=''
SHARED_VERSION_INFO='2:0:0'
SHELL='/bin/bash'
STRIP='strip'
TEXI2DVI='${top_srcdir}/build-aux/missing texi2dvi'
USE_NLS='yes'
VERSION='2.6.4'
WARNINGFLAGS=''
XGETTEXT='/usr/bin/xgettext'
XGETTEXT_015='/usr/bin/xgettext'
XGETTEXT_EXTRA_OPTIONS=''
YACC='bison -y'
YFLAGS=''
ac_ct_AR='ar'
ac_ct_CC='clang'
ac_ct_CC_FOR_BUILD='gcc'
ac_ct_CXX=''
ac_ct_DUMPBIN=''
am__EXEEXT_FALSE=''
am__EXEEXT_TRUE='#'
am__fastdepCC_FALSE='#'
am__fastdepCC_TRUE=''
am__fastdepCXX_FALSE='#'
am__fastdepCXX_TRUE=''
am__include='include'
am__isrc=''
am__leading_dot='.'
am__nodep='_no'
am__quote=''
am__tar='$${TAR-tar} chof - "$$tardir"'
am__untar='$${TAR-tar} xf -'
bindir='${exec_prefix}/bin'
build='x86_64-pc-linux-gnu'
build_alias=''
build_cpu='x86_64'
build_os='linux-gnu'
build_vendor='pc'
datadir='${datarootdir}'
datarootdir='${prefix}/share'
docdir='${datarootdir}/doc/${PACKAGE_TARNAME}'
dvidir='${docdir}'
exec_prefix='${prefix}'
host='x86_64-pc-linux-gnu'
host_alias=''
host_cpu='x86_64'
host_os='linux-gnu'
host_vendor='pc'
htmldir='${docdir}'
includedir='${prefix}/include'
infodir='${datarootdir}/info'
install_sh='${SHELL} /home/fruitto/Project/engine/bin/dependencies/flex/build-aux/install-sh'
libdir='${exec_prefix}/lib'
libexecdir='${exec_prefix}/libexec'
localedir='${datarootdir}/locale'
localstatedir='${prefix}/var'
mandir='${datarootdir}/man'
mkdir_p='$(MKDIR_P)'
oldincludedir='/usr/include'
pdfdir='${docdir}'
pkgconfigdir='${exec_prefix}/lib/pkgconfig'
prefix='/home/fruitto/Project/engine/bin/dependencies'
program_transform_name='s,x,x,'
psdir='${docdir}'
runstatedir='${localstatedir}/run'
sbindir='${exec_prefix}/sbin'
sharedstatedir='${prefix}/com'
sysconfdir='${prefix}/etc'
target_alias=''

## ----------- ##
## confdefs.h. ##
## ----------- ##

/* confdefs.h */
#define PACKAGE_NAME "the fast lexical analyser generator"
#define PACKAGE_TARNAME "flex"
#define PACKAGE_VERSION "2.6.4"
#define PACKAGE_STRING "the fast lexical analyser generator 2.6.4"
#define PACKAGE_BUGREPORT "flex-help@lists.sourceforge.net"
#define PACKAGE_URL ""
#define HAVE_STDIO_H 1
#define HAVE_STDLIB_H 1
#define HAVE_STRING_H 1
#define HAVE_INTTYPES_H 1
#define HAVE_STDINT_H 1
#define HAVE_STRINGS_H 1
#define HAVE_SYS_STAT_H 1
#define HAVE_SYS_TYPES_H 1
#define HAVE_UNISTD_H 1
#define HAVE_WCHAR_H 1
#define STDC_HEADERS 1
#define _ALL_SOURCE 1
#define _DARWIN_C_SOURCE 1
#define _GNU_SOURCE 1
#define _HPUX_ALT_XOPEN_SOCKET_API 1
#define _NETBSD_SOURCE 1
#define _OPENBSD_SOURCE 1
#define _POSIX_PTHREAD_SEMANTICS 1
#define __STDC_WANT_IEC_60559_ATTRIBS_EXT__ 1
#define __STDC_WANT_IEC_60559_BFP_EXT__ 1
#define __STDC_WANT_IEC_60559_DFP_EXT__ 1
#define __STDC_WANT_IEC_60559_FUNCS_EXT__ 1
#define __STDC_WANT_IEC_60559_TYPES_EXT__ 1
#define __STDC_WANT_LIB_EXT2__ 1
#define __STDC_WANT_MATH_SPEC_FUNCS__ 1
#define _TANDEM_SOURCE 1
#define __EXTENSIONS__ 1
#define HAVE_DLFCN_H 1
#define LT_OBJDIR ".libs/"
#define PACKAGE "flex"
#define VERSION "2.6.4"
#define ENABLE_NLS 1
#define HAVE_GETTEXT 1
#define HAVE_DCGETTEXT 1
#define YYTEXT_POINTER 1
#define M4 "/usr/bin/m4"
#define HAVE_REGEX_H 1
#define HAVE_STRINGS_H 1
#define HAVE_SYS_WAIT_H 1
#define HAVE_UNISTD_H 1
#define HAVE_INTTYPES_H 1
#define HAVE_LIBINTL_H 1
#define HAVE_LIMITS_H 1
#define HAVE_LOCALE_H 1
#define HAVE_MALLOC_H 1
#define HAVE_NETINET_IN_H 1
#define HAVE_PTHREAD_H 1
#define HAVE_LIBM 1
#define HAVE__BOOL 1
#define HAVE_STDBOOL_H 1
#define HAVE_ALLOCA_H 1
#define HAVE_ALLOCA 1
#define HAVE_FORK 1
#define HAVE_VFORK 1
#define HAVE_WORKING_VFORK 1
#define HAVE_WORKING_FORK 1
#define HAVE_MALLOC 1
#define HAVE_REALLOC 1
#define HAVE_DUP2 1
#define HAVE_MEMSET 1
#define HAVE_REGCOMP 1
#define HAVE_STRCASECMP 1
#define HAVE_STRCHR 1
#define HAVE_STRDUP 1
#define HAVE_STRTOL 1
#define HAVE_POW 1
#define HAVE_SETLOCALE 1
#define HAVE_REALLOCARRAY 1
#define HAVE_DECL___FUNC__ 1

configure: exit 0
