This file contains any messages produced by compilers while
running configure, to aid debugging if configure makes a mistake.

It was created by libdnet configure 1.18.0, which was
generated by GNU Autoconf 2.72.  Invocation command line was

  $ ./configure --prefix=/home/fruitto/Project/engine/bin/dependencies/dependencies --without-check

## --------- ##
## Platform. ##
## --------- ##

hostname = FruitTo
uname -m = x86_64
uname -r = 6.11.0-29-generic
uname -s = Linux
uname -v = #29~24.04.1-Ubuntu SMP PREEMPT_DYNAMIC Thu Jun 26 14:16:59 UTC 2

/usr/bin/uname -p = x86_64
/bin/uname -X     = unknown

/bin/arch              = x86_64
/usr/bin/arch -k       = unknown
/usr/convex/getsysinfo = unknown
/usr/bin/hostinfo      = unknown
/bin/machine           = unknown
/usr/bin/oslevel       = unknown
/bin/universe          = unknown

PATH: /usr/local/sbin/
PATH: /usr/local/bin/
PATH: /usr/sbin/
PATH: /usr/bin/
PATH: /sbin/
PATH: /bin/
PATH: /usr/games/
PATH: /usr/local/games/
PATH: /snap/bin/
PATH: /snap/bin/


## ----------- ##
## Core tests. ##
## ----------- ##

configure:2516: looking for aux files: compile config.guess config.sub ltmain.sh missing install-sh
configure:2529:  trying ./config/
configure:2558:   ./config/compile found
configure:2558:   ./config/config.guess found
configure:2558:   ./config/config.sub found
configure:2558:   ./config/ltmain.sh found
configure:2558:   ./config/missing found
configure:2540:   ./config/install-sh found
configure:2692: checking for a BSD-compatible install
configure:2766: result: /usr/bin/install -c
configure:2777: checking whether build environment is sane
configure:2832: result: yes
configure:2993: checking for a race-free mkdir -p
configure:3036: result: /usr/bin/mkdir -p
configure:3043: checking for gawk
configure:3079: result: no
configure:3043: checking for mawk
configure:3064: found /usr/bin/mawk
configure:3076: result: mawk
configure:3087: checking whether make sets $(MAKE)
configure:3111: result: yes
configure:3141: checking whether make supports nested variables
configure:3160: result: yes
configure:3332: checking build system type
configure:3348: result: x86_64-pc-linux-gnu
configure:3368: checking host system type
configure:3383: result: x86_64-pc-linux-gnu
configure:3424: checking how to print strings
configure:3451: result: printf
configure:3485: checking whether make supports the include directive
configure:3500: make -f confmf.GNU && cat confinc.out
this is the am__doit target
configure:3503: $? = 0
configure:3522: result: yes (GNU style)
configure:3599: checking for gcc
configure:3632: result: clang
configure:3991: checking for C compiler version
configure:4000: clang --version >&5
Ubuntu clang version 18.1.3 (1ubuntu1)
Target: x86_64-pc-linux-gnu
Thread model: posix
InstalledDir: /usr/bin
configure:4011: $? = 0
configure:4000: clang -v >&5
Ubuntu clang version 18.1.3 (1ubuntu1)
Target: x86_64-pc-linux-gnu
Thread model: posix
InstalledDir: /usr/bin
Found candidate GCC installation: /usr/bin/../lib/gcc/x86_64-linux-gnu/13
Selected GCC installation: /usr/bin/../lib/gcc/x86_64-linux-gnu/13
Candidate multilib: .;@m64
Selected multilib: .;@m64
configure:4011: $? = 0
configure:4000: clang -V >&5
clang: error: argument to '-V' is missing (expected 1 value)
clang: error: no input files
configure:4011: $? = 1
configure:4000: clang -qversion >&5
clang: error: unknown argument '-qversion'; did you mean '--version'?
clang: error: no input files
configure:4011: $? = 1
configure:4000: clang -version >&5
clang: error: unknown argument '-version'; did you mean '--version'?
clang: error: no input files
configure:4011: $? = 1
configure:4031: checking whether the C compiler works
configure:4053: clang    conftest.c  >&5
configure:4057: $? = 0
configure:4108: result: yes
configure:4112: checking for C compiler default output file name
configure:4114: result: a.out
configure:4120: checking for suffix of executables
configure:4127: clang -o conftest    conftest.c  >&5
configure:4131: $? = 0
configure:4155: result: 
configure:4179: checking whether we are cross compiling
configure:4187: clang -o conftest    conftest.c  >&5
configure:4191: $? = 0
configure:4198: ./conftest
configure:4202: $? = 0
configure:4217: result: no
configure:4223: checking for suffix of object files
configure:4246: clang -c   conftest.c >&5
configure:4250: $? = 0
configure:4274: result: o
configure:4278: checking whether the compiler supports GNU C
configure:4298: clang -c   conftest.c >&5
configure:4298: $? = 0
configure:4310: result: yes
configure:4321: checking whether clang accepts -g
configure:4342: clang -c -g  conftest.c >&5
configure:4342: $? = 0
configure:4389: result: yes
configure:4409: checking for clang option to enable C11 features
configure:4424: clang  -c -g -O2  conftest.c >&5
configure:4424: $? = 0
configure:4443: result: none needed
configure:4567: checking whether clang understands -c and -o together
configure:4590: clang -c conftest.c -o conftest2.o
configure:4593: $? = 0
configure:4590: clang -c conftest.c -o conftest2.o
configure:4593: $? = 0
configure:4606: result: yes
configure:4625: checking dependency style of clang
configure:4738: result: none
configure:4753: checking for a sed that does not truncate output
configure:4825: result: /usr/bin/sed
configure:4843: checking for grep that handles long lines and -e
configure:4909: result: /usr/bin/grep
configure:4914: checking for egrep
configure:4984: result: /usr/bin/grep -E
configure:4991: checking for fgrep
configure:5061: result: /usr/bin/grep -F
configure:5098: checking for ld used by clang
configure:5167: result: /usr/bin/ld
configure:5174: checking if the linker (/usr/bin/ld) is GNU ld
configure:5191: result: yes
configure:5203: checking for BSD- or MS-compatible name lister (nm)
configure:5259: result: /usr/bin/nm -B
configure:5401: checking the name lister (/usr/bin/nm -B) interface
configure:5409: clang -c -g -O2  conftest.c >&5
configure:5412: /usr/bin/nm -B "conftest.o"
configure:5415: output
0000000000000000 B some_variable
configure:5423: result: BSD nm
configure:5426: checking whether ln -s works
configure:5430: result: yes
configure:5438: checking the maximum length of command line arguments
configure:5571: result: 1572864
configure:5619: checking how to convert x86_64-pc-linux-gnu file names to x86_64-pc-linux-gnu format
configure:5661: result: func_convert_file_noop
configure:5668: checking how to convert x86_64-pc-linux-gnu file names to toolchain format
configure:5690: result: func_convert_file_noop
configure:5697: checking for /usr/bin/ld option to reload object files
configure:5706: result: -r
configure:5786: checking for file
configure:5807: found /usr/bin/file
configure:5819: result: file
configure:5896: checking for objdump
configure:5917: found /usr/bin/objdump
configure:5929: result: objdump
configure:5961: checking how to recognize dependent libraries
configure:6163: result: pass_all
configure:6254: checking for dlltool
configure:6290: result: no
configure:6320: checking how to associate runtime and link libraries
configure:6349: result: printf %s\n
configure:6416: checking for ar
configure:6437: found /usr/bin/ar
configure:6449: result: ar
configure:6502: checking for archiver @FILE support
configure:6520: clang -c -g -O2  conftest.c >&5
configure:6520: $? = 0
configure:6524: ar cr libconftest.a @conftest.lst >&5
configure:6527: $? = 0
configure:6532: ar cr libconftest.a @conftest.lst >&5
ar: conftest.o: No such file or directory
configure:6535: $? = 1
configure:6548: result: @
configure:6612: checking for strip
configure:6633: found /usr/bin/strip
configure:6645: result: strip
configure:6723: checking for ranlib
configure:6744: found /usr/bin/ranlib
configure:6756: result: ranlib
configure:6858: checking command to parse /usr/bin/nm -B output from clang object
configure:7012: clang -c -g -O2  conftest.c >&5
configure:7015: $? = 0
configure:7019: /usr/bin/nm -B conftest.o \| /usr/bin/sed -n -e 's/^.*[ ]\([ABCDGIRSTW][ABCDGIRSTW]*\)[ ][ ]*\([_A-Za-z][_A-Za-z0-9]*\)$/\1 \2 \2/p' | /usr/bin/sed '/ __gnu_lto/d' \> conftest.nm
configure:7022: $? = 0
configure:7088: clang -o conftest -g -O2   conftest.c conftstm.o >&5
configure:7091: $? = 0
configure:7130: result: ok
configure:7177: checking for sysroot
configure:7209: result: no
configure:7216: checking for a working dd
configure:7261: result: /usr/bin/dd
configure:7265: checking how to truncate binary pipes
configure:7282: result: /usr/bin/dd bs=4096 count=1
configure:7419: clang -c -g -O2  conftest.c >&5
configure:7422: $? = 0
configure:7622: checking for mt
configure:7643: found /usr/bin/mt
configure:7655: result: mt
configure:7678: checking if mt is a manifest tool
configure:7685: mt '-?'
configure:7694: result: no
configure:8433: checking for stdio.h
configure:8433: clang -c -g -O2  conftest.c >&5
configure:8433: $? = 0
configure:8433: result: yes
configure:8433: checking for stdlib.h
configure:8433: clang -c -g -O2  conftest.c >&5
configure:8433: $? = 0
configure:8433: result: yes
configure:8433: checking for string.h
configure:8433: clang -c -g -O2  conftest.c >&5
configure:8433: $? = 0
configure:8433: result: yes
configure:8433: checking for inttypes.h
configure:8433: clang -c -g -O2  conftest.c >&5
configure:8433: $? = 0
configure:8433: result: yes
configure:8433: checking for stdint.h
configure:8433: clang -c -g -O2  conftest.c >&5
configure:8433: $? = 0
configure:8433: result: yes
configure:8433: checking for strings.h
configure:8433: clang -c -g -O2  conftest.c >&5
configure:8433: $? = 0
configure:8433: result: yes
configure:8433: checking for sys/stat.h
configure:8433: clang -c -g -O2  conftest.c >&5
configure:8433: $? = 0
configure:8433: result: yes
configure:8433: checking for sys/types.h
configure:8433: clang -c -g -O2  conftest.c >&5
configure:8433: $? = 0
configure:8433: result: yes
configure:8433: checking for unistd.h
configure:8433: clang -c -g -O2  conftest.c >&5
configure:8433: $? = 0
configure:8433: result: yes
configure:8458: checking for dlfcn.h
configure:8458: clang -c -g -O2  conftest.c >&5
configure:8458: $? = 0
configure:8458: result: yes
configure:8723: checking for objdir
configure:8740: result: .libs
configure:9006: checking if clang supports -fno-rtti -fno-exceptions
configure:9025: clang -c -g -O2  -fno-rtti -fno-exceptions conftest.c >&5
configure:9029: $? = 0
configure:9043: result: yes
configure:9401: checking for clang option to produce PIC
configure:9410: result: -fPIC -DPIC
configure:9418: checking if clang PIC flag -fPIC -DPIC works
configure:9437: clang -c -g -O2  -fPIC -DPIC -DPIC conftest.c >&5
configure:9441: $? = 0
configure:9455: result: yes
configure:9484: checking if clang static flag -static works
configure:9514: result: yes
configure:9529: checking if clang supports -c -o file.o
configure:9551: clang -c -g -O2  -o out/conftest2.o conftest.c >&5
configure:9555: $? = 0
configure:9578: result: yes
configure:9586: checking if clang supports -c -o file.o
configure:9635: result: yes
configure:9668: checking whether the clang linker (/usr/bin/ld -m elf_x86_64) supports shared libraries
configure:10941: result: yes
configure:10978: checking whether -lc should be explicitly linked in
configure:10987: clang -c -g -O2  conftest.c >&5
configure:10990: $? = 0
configure:11005: clang -shared  -fPIC -DPIC conftest.o  -v -Wl,-soname -Wl,conftest -o conftest 2\>\&1 \| /usr/bin/grep  -lc  \>/dev/null 2\>\&1
configure:11008: $? = 0
configure:11023: result: no
configure:11183: checking dynamic linker characteristics
configure:11765: clang -o conftest -g -O2   -Wl,-rpath -Wl,/foo conftest.c  >&5
configure:11765: $? = 0
configure:12005: result: GNU/Linux ld.so
configure:12127: checking how to hardcode library paths into programs
configure:12152: result: immediate
configure:12752: checking whether stripping libraries is possible
configure:12761: result: yes
configure:12803: checking if libtool supports shared libraries
configure:12805: result: yes
configure:12808: checking whether to build shared libraries
configure:12833: result: yes
configure:12836: checking whether to build static libraries
configure:12840: result: yes
configure:12879: checking whether to enable maintainer-specific portions of Makefiles
configure:12890: result: no
configure:12968: checking for gcc
configure:13001: result: clang
configure:13360: checking for C compiler version
configure:13369: clang --version >&5
Ubuntu clang version 18.1.3 (1ubuntu1)
Target: x86_64-pc-linux-gnu
Thread model: posix
InstalledDir: /usr/bin
configure:13380: $? = 0
configure:13369: clang -v >&5
Ubuntu clang version 18.1.3 (1ubuntu1)
Target: x86_64-pc-linux-gnu
Thread model: posix
InstalledDir: /usr/bin
Found candidate GCC installation: /usr/bin/../lib/gcc/x86_64-linux-gnu/13
Selected GCC installation: /usr/bin/../lib/gcc/x86_64-linux-gnu/13
Candidate multilib: .;@m64
Selected multilib: .;@m64
configure:13380: $? = 0
configure:13369: clang -V >&5
clang: error: argument to '-V' is missing (expected 1 value)
clang: error: no input files
configure:13380: $? = 1
configure:13369: clang -qversion >&5
clang: error: unknown argument '-qversion'; did you mean '--version'?
clang: error: no input files
configure:13380: $? = 1
configure:13369: clang -version >&5
clang: error: unknown argument '-version'; did you mean '--version'?
clang: error: no input files
configure:13380: $? = 1
configure:13384: checking whether the compiler supports GNU C
configure:13416: result: yes
configure:13427: checking whether clang accepts -g
configure:13495: result: yes
configure:13515: checking for clang option to enable C11 features
configure:13549: result: none needed
configure:13673: checking whether clang understands -c and -o together
configure:13712: result: yes
configure:13731: checking dependency style of clang
configure:13844: result: none
configure:13866: checking for Python
configure:14060: checking for gethostbyname
configure:14060: clang -o conftest -g -O2   conftest.c  >&5
configure:14060: $? = 0
configure:14060: result: yes
configure:14280: checking for socket
configure:14280: clang -o conftest -g -O2   conftest.c  >&5
configure:14280: $? = 0
configure:14280: result: yes
configure:14390: checking for putmsg in -lstr
configure:14419: clang -o conftest -g -O2   conftest.c -lstr   >&5
/usr/bin/ld: cannot find -lstr: No such file or directory
clang: error: linker command failed with exit code 1 (use -v to see invocation)
configure:14419: $? = 1
configure: failed program was:
| /* confdefs.h */
| #define PACKAGE_NAME "libdnet"
| #define PACKAGE_TARNAME "libdnet"
| #define PACKAGE_VERSION "1.18.0"
| #define PACKAGE_STRING "libdnet 1.18.0"
| #define PACKAGE_BUGREPORT ""
| #define PACKAGE_URL ""
| #define PACKAGE "libdnet"
| #define VERSION "1.18.0"
| #define HAVE_STDIO_H 1
| #define HAVE_STDLIB_H 1
| #define HAVE_STRING_H 1
| #define HAVE_INTTYPES_H 1
| #define HAVE_STDINT_H 1
| #define HAVE_STRINGS_H 1
| #define HAVE_SYS_STAT_H 1
| #define HAVE_SYS_TYPES_H 1
| #define HAVE_UNISTD_H 1
| #define STDC_HEADERS 1
| #define HAVE_DLFCN_H 1
| #define LT_OBJDIR ".libs/"
| /* end confdefs.h.  */
| 
| /* Override any GCC internal prototype to avoid an error.
|    Use char because int might match the return type of a GCC
|    builtin and then its argument prototype would still apply.
|    The 'extern "C"' is for builds by C++ compilers;
|    although this is not generally supported in C code supporting it here
|    has little cost and some practical benefit (sr 110532).  */
| #ifdef __cplusplus
| extern "C"
| #endif
| char putmsg (void);
| int
| main (void)
| {
| return putmsg ();
|   ;
|   return 0;
| }
configure:14431: result: no
configure:14441: checking for open_mib in -lnm
configure:14470: clang -o conftest -g -O2   conftest.c -lnm   >&5
/usr/bin/ld: cannot find -lnm: No such file or directory
clang: error: linker command failed with exit code 1 (use -v to see invocation)
configure:14470: $? = 1
configure: failed program was:
| /* confdefs.h */
| #define PACKAGE_NAME "libdnet"
| #define PACKAGE_TARNAME "libdnet"
| #define PACKAGE_VERSION "1.18.0"
| #define PACKAGE_STRING "libdnet 1.18.0"
| #define PACKAGE_BUGREPORT ""
| #define PACKAGE_URL ""
| #define PACKAGE "libdnet"
| #define VERSION "1.18.0"
| #define HAVE_STDIO_H 1
| #define HAVE_STDLIB_H 1
| #define HAVE_STRING_H 1
| #define HAVE_INTTYPES_H 1
| #define HAVE_STDINT_H 1
| #define HAVE_STRINGS_H 1
| #define HAVE_SYS_STAT_H 1
| #define HAVE_SYS_TYPES_H 1
| #define HAVE_UNISTD_H 1
| #define STDC_HEADERS 1
| #define HAVE_DLFCN_H 1
| #define LT_OBJDIR ".libs/"
| /* end confdefs.h.  */
| 
| /* Override any GCC internal prototype to avoid an error.
|    Use char because int might match the return type of a GCC
|    builtin and then its argument prototype would still apply.
|    The 'extern "C"' is for builds by C++ compilers;
|    although this is not generally supported in C code supporting it here
|    has little cost and some practical benefit (sr 110532).  */
| #ifdef __cplusplus
| extern "C"
| #endif
| char open_mib (void);
| int
| main (void)
| {
| return open_mib ();
|   ;
|   return 0;
| }
configure:14482: result: no
configure:14494: checking for Check
configure:14563: checking for pkg-config
configure:14586: found /usr/bin/pkg-config
configure:14599: result: /usr/bin/pkg-config
configure:14624: checking pkg-config is at least version 0.9.0
configure:14627: result: yes
configure:14644: result: no
configure:14800: checking for fcntl.h
configure:14800: clang -c -g -O2  conftest.c >&5
configure:14800: $? = 0
configure:14800: result: yes
configure:14806: checking for unistd.h
configure:14806: result: yes
configure:14813: checking for sys/bufmod.h
configure:14813: clang -c -g -O2  conftest.c >&5
conftest.c:53:10: fatal error: 'sys/bufmod.h' file not found
   53 | #include <sys/bufmod.h>
      |          ^~~~~~~~~~~~~~
1 error generated.
configure:14813: $? = 1
configure: failed program was:
| /* confdefs.h */
| #define PACKAGE_NAME "libdnet"
| #define PACKAGE_TARNAME "libdnet"
| #define PACKAGE_VERSION "1.18.0"
| #define PACKAGE_STRING "libdnet 1.18.0"
| #define PACKAGE_BUGREPORT ""
| #define PACKAGE_URL ""
| #define PACKAGE "libdnet"
| #define VERSION "1.18.0"
| #define HAVE_STDIO_H 1
| #define HAVE_STDLIB_H 1
| #define HAVE_STRING_H 1
| #define HAVE_INTTYPES_H 1
| #define HAVE_STDINT_H 1
| #define HAVE_STRINGS_H 1
| #define HAVE_SYS_STAT_H 1
| #define HAVE_SYS_TYPES_H 1
| #define HAVE_UNISTD_H 1
| #define STDC_HEADERS 1
| #define HAVE_DLFCN_H 1
| #define LT_OBJDIR ".libs/"
| #define HAVE_FCNTL_H 1
| #define HAVE_UNISTD_H 1
| /* end confdefs.h.  */
| #include <stddef.h>
| #ifdef HAVE_STDIO_H
| # include <stdio.h>
| #endif
| #ifdef HAVE_STDLIB_H
| # include <stdlib.h>
| #endif
| #ifdef HAVE_STRING_H
| # include <string.h>
| #endif
| #ifdef HAVE_INTTYPES_H
| # include <inttypes.h>
| #endif
| #ifdef HAVE_STDINT_H
| # include <stdint.h>
| #endif
| #ifdef HAVE_STRINGS_H
| # include <strings.h>
| #endif
| #ifdef HAVE_SYS_TYPES_H
| # include <sys/types.h>
| #endif
| #ifdef HAVE_SYS_STAT_H
| # include <sys/stat.h>
| #endif
| #ifdef HAVE_UNISTD_H
| # include <unistd.h>
| #endif
| #include <sys/bufmod.h>
configure:14813: result: no
configure:14819: checking for sys/dlpi.h
configure:14819: clang -c -g -O2  conftest.c >&5
conftest.c:53:10: fatal error: 'sys/dlpi.h' file not found
   53 | #include <sys/dlpi.h>
      |          ^~~~~~~~~~~~
1 error generated.
configure:14819: $? = 1
configure: failed program was:
| /* confdefs.h */
| #define PACKAGE_NAME "libdnet"
| #define PACKAGE_TARNAME "libdnet"
| #define PACKAGE_VERSION "1.18.0"
| #define PACKAGE_STRING "libdnet 1.18.0"
| #define PACKAGE_BUGREPORT ""
| #define PACKAGE_URL ""
| #define PACKAGE "libdnet"
| #define VERSION "1.18.0"
| #define HAVE_STDIO_H 1
| #define HAVE_STDLIB_H 1
| #define HAVE_STRING_H 1
| #define HAVE_INTTYPES_H 1
| #define HAVE_STDINT_H 1
| #define HAVE_STRINGS_H 1
| #define HAVE_SYS_STAT_H 1
| #define HAVE_SYS_TYPES_H 1
| #define HAVE_UNISTD_H 1
| #define STDC_HEADERS 1
| #define HAVE_DLFCN_H 1
| #define LT_OBJDIR ".libs/"
| #define HAVE_FCNTL_H 1
| #define HAVE_UNISTD_H 1
| /* end confdefs.h.  */
| #include <stddef.h>
| #ifdef HAVE_STDIO_H
| # include <stdio.h>
| #endif
| #ifdef HAVE_STDLIB_H
| # include <stdlib.h>
| #endif
| #ifdef HAVE_STRING_H
| # include <string.h>
| #endif
| #ifdef HAVE_INTTYPES_H
| # include <inttypes.h>
| #endif
| #ifdef HAVE_STDINT_H
| # include <stdint.h>
| #endif
| #ifdef HAVE_STRINGS_H
| # include <strings.h>
| #endif
| #ifdef HAVE_SYS_TYPES_H
| # include <sys/types.h>
| #endif
| #ifdef HAVE_SYS_STAT_H
| # include <sys/stat.h>
| #endif
| #ifdef HAVE_UNISTD_H
| # include <unistd.h>
| #endif
| #include <sys/dlpi.h>
configure:14819: result: no
configure:14825: checking for sys/dlpihdr.h
configure:14825: clang -c -g -O2  conftest.c >&5
conftest.c:53:10: fatal error: 'sys/dlpihdr.h' file not found
   53 | #include <sys/dlpihdr.h>
      |          ^~~~~~~~~~~~~~~
1 error generated.
configure:14825: $? = 1
configure: failed program was:
| /* confdefs.h */
| #define PACKAGE_NAME "libdnet"
| #define PACKAGE_TARNAME "libdnet"
| #define PACKAGE_VERSION "1.18.0"
| #define PACKAGE_STRING "libdnet 1.18.0"
| #define PACKAGE_BUGREPORT ""
| #define PACKAGE_URL ""
| #define PACKAGE "libdnet"
| #define VERSION "1.18.0"
| #define HAVE_STDIO_H 1
| #define HAVE_STDLIB_H 1
| #define HAVE_STRING_H 1
| #define HAVE_INTTYPES_H 1
| #define HAVE_STDINT_H 1
| #define HAVE_STRINGS_H 1
| #define HAVE_SYS_STAT_H 1
| #define HAVE_SYS_TYPES_H 1
| #define HAVE_UNISTD_H 1
| #define STDC_HEADERS 1
| #define HAVE_DLFCN_H 1
| #define LT_OBJDIR ".libs/"
| #define HAVE_FCNTL_H 1
| #define HAVE_UNISTD_H 1
| /* end confdefs.h.  */
| #include <stddef.h>
| #ifdef HAVE_STDIO_H
| # include <stdio.h>
| #endif
| #ifdef HAVE_STDLIB_H
| # include <stdlib.h>
| #endif
| #ifdef HAVE_STRING_H
| # include <string.h>
| #endif
| #ifdef HAVE_INTTYPES_H
| # include <inttypes.h>
| #endif
| #ifdef HAVE_STDINT_H
| # include <stdint.h>
| #endif
| #ifdef HAVE_STRINGS_H
| # include <strings.h>
| #endif
| #ifdef HAVE_SYS_TYPES_H
| # include <sys/types.h>
| #endif
| #ifdef HAVE_SYS_STAT_H
| # include <sys/stat.h>
| #endif
| #ifdef HAVE_UNISTD_H
| # include <unistd.h>
| #endif
| #include <sys/dlpihdr.h>
configure:14825: result: no
configure:14831: checking for sys/dlpi_ext.h
configure:14831: clang -c -g -O2  conftest.c >&5
conftest.c:53:10: fatal error: 'sys/dlpi_ext.h' file not found
   53 | #include <sys/dlpi_ext.h>
      |          ^~~~~~~~~~~~~~~~
1 error generated.
configure:14831: $? = 1
configure: failed program was:
| /* confdefs.h */
| #define PACKAGE_NAME "libdnet"
| #define PACKAGE_TARNAME "libdnet"
| #define PACKAGE_VERSION "1.18.0"
| #define PACKAGE_STRING "libdnet 1.18.0"
| #define PACKAGE_BUGREPORT ""
| #define PACKAGE_URL ""
| #define PACKAGE "libdnet"
| #define VERSION "1.18.0"
| #define HAVE_STDIO_H 1
| #define HAVE_STDLIB_H 1
| #define HAVE_STRING_H 1
| #define HAVE_INTTYPES_H 1
| #define HAVE_STDINT_H 1
| #define HAVE_STRINGS_H 1
| #define HAVE_SYS_STAT_H 1
| #define HAVE_SYS_TYPES_H 1
| #define HAVE_UNISTD_H 1
| #define STDC_HEADERS 1
| #define HAVE_DLFCN_H 1
| #define LT_OBJDIR ".libs/"
| #define HAVE_FCNTL_H 1
| #define HAVE_UNISTD_H 1
| /* end confdefs.h.  */
| #include <stddef.h>
| #ifdef HAVE_STDIO_H
| # include <stdio.h>
| #endif
| #ifdef HAVE_STDLIB_H
| # include <stdlib.h>
| #endif
| #ifdef HAVE_STRING_H
| # include <string.h>
| #endif
| #ifdef HAVE_INTTYPES_H
| # include <inttypes.h>
| #endif
| #ifdef HAVE_STDINT_H
| # include <stdint.h>
| #endif
| #ifdef HAVE_STRINGS_H
| # include <strings.h>
| #endif
| #ifdef HAVE_SYS_TYPES_H
| # include <sys/types.h>
| #endif
| #ifdef HAVE_SYS_STAT_H
| # include <sys/stat.h>
| #endif
| #ifdef HAVE_UNISTD_H
| # include <unistd.h>
| #endif
| #include <sys/dlpi_ext.h>
configure:14831: result: no
configure:14837: checking for sys/ioctl.h
configure:14837: clang -c -g -O2  conftest.c >&5
configure:14837: $? = 0
configure:14837: result: yes
configure:14843: checking for sys/mib.h
configure:14843: clang -c -g -O2  conftest.c >&5
conftest.c:54:10: fatal error: 'sys/mib.h' file not found
   54 | #include <sys/mib.h>
      |          ^~~~~~~~~~~
1 error generated.
configure:14843: $? = 1
configure: failed program was:
| /* confdefs.h */
| #define PACKAGE_NAME "libdnet"
| #define PACKAGE_TARNAME "libdnet"
| #define PACKAGE_VERSION "1.18.0"
| #define PACKAGE_STRING "libdnet 1.18.0"
| #define PACKAGE_BUGREPORT ""
| #define PACKAGE_URL ""
| #define PACKAGE "libdnet"
| #define VERSION "1.18.0"
| #define HAVE_STDIO_H 1
| #define HAVE_STDLIB_H 1
| #define HAVE_STRING_H 1
| #define HAVE_INTTYPES_H 1
| #define HAVE_STDINT_H 1
| #define HAVE_STRINGS_H 1
| #define HAVE_SYS_STAT_H 1
| #define HAVE_SYS_TYPES_H 1
| #define HAVE_UNISTD_H 1
| #define STDC_HEADERS 1
| #define HAVE_DLFCN_H 1
| #define LT_OBJDIR ".libs/"
| #define HAVE_FCNTL_H 1
| #define HAVE_UNISTD_H 1
| #define HAVE_SYS_IOCTL_H 1
| /* end confdefs.h.  */
| #include <stddef.h>
| #ifdef HAVE_STDIO_H
| # include <stdio.h>
| #endif
| #ifdef HAVE_STDLIB_H
| # include <stdlib.h>
| #endif
| #ifdef HAVE_STRING_H
| # include <string.h>
| #endif
| #ifdef HAVE_INTTYPES_H
| # include <inttypes.h>
| #endif
| #ifdef HAVE_STDINT_H
| # include <stdint.h>
| #endif
| #ifdef HAVE_STRINGS_H
| # include <strings.h>
| #endif
| #ifdef HAVE_SYS_TYPES_H
| # include <sys/types.h>
| #endif
| #ifdef HAVE_SYS_STAT_H
| # include <sys/stat.h>
| #endif
| #ifdef HAVE_UNISTD_H
| # include <unistd.h>
| #endif
| #include <sys/mib.h>
configure:14843: result: no
configure:14849: checking for sys/ndd_var.h
configure:14849: clang -c -g -O2  conftest.c >&5
conftest.c:54:10: fatal error: 'sys/ndd_var.h' file not found
   54 | #include <sys/ndd_var.h>
      |          ^~~~~~~~~~~~~~~
1 error generated.
configure:14849: $? = 1
configure: failed program was:
| /* confdefs.h */
| #define PACKAGE_NAME "libdnet"
| #define PACKAGE_TARNAME "libdnet"
| #define PACKAGE_VERSION "1.18.0"
| #define PACKAGE_STRING "libdnet 1.18.0"
| #define PACKAGE_BUGREPORT ""
| #define PACKAGE_URL ""
| #define PACKAGE "libdnet"
| #define VERSION "1.18.0"
| #define HAVE_STDIO_H 1
| #define HAVE_STDLIB_H 1
| #define HAVE_STRING_H 1
| #define HAVE_INTTYPES_H 1
| #define HAVE_STDINT_H 1
| #define HAVE_STRINGS_H 1
| #define HAVE_SYS_STAT_H 1
| #define HAVE_SYS_TYPES_H 1
| #define HAVE_UNISTD_H 1
| #define STDC_HEADERS 1
| #define HAVE_DLFCN_H 1
| #define LT_OBJDIR ".libs/"
| #define HAVE_FCNTL_H 1
| #define HAVE_UNISTD_H 1
| #define HAVE_SYS_IOCTL_H 1
| /* end confdefs.h.  */
| #include <stddef.h>
| #ifdef HAVE_STDIO_H
| # include <stdio.h>
| #endif
| #ifdef HAVE_STDLIB_H
| # include <stdlib.h>
| #endif
| #ifdef HAVE_STRING_H
| # include <string.h>
| #endif
| #ifdef HAVE_INTTYPES_H
| # include <inttypes.h>
| #endif
| #ifdef HAVE_STDINT_H
| # include <stdint.h>
| #endif
| #ifdef HAVE_STRINGS_H
| # include <strings.h>
| #endif
| #ifdef HAVE_SYS_TYPES_H
| # include <sys/types.h>
| #endif
| #ifdef HAVE_SYS_STAT_H
| # include <sys/stat.h>
| #endif
| #ifdef HAVE_UNISTD_H
| # include <unistd.h>
| #endif
| #include <sys/ndd_var.h>
configure:14849: result: no
configure:14855: checking for sys/socket.h
configure:14855: clang -c -g -O2  conftest.c >&5
configure:14855: $? = 0
configure:14855: result: yes
configure:14861: checking for sys/sockio.h
configure:14861: clang -c -g -O2  conftest.c >&5
conftest.c:55:10: fatal error: 'sys/sockio.h' file not found
   55 | #include <sys/sockio.h>
      |          ^~~~~~~~~~~~~~
1 error generated.
configure:14861: $? = 1
configure: failed program was:
| /* confdefs.h */
| #define PACKAGE_NAME "libdnet"
| #define PACKAGE_TARNAME "libdnet"
| #define PACKAGE_VERSION "1.18.0"
| #define PACKAGE_STRING "libdnet 1.18.0"
| #define PACKAGE_BUGREPORT ""
| #define PACKAGE_URL ""
| #define PACKAGE "libdnet"
| #define VERSION "1.18.0"
| #define HAVE_STDIO_H 1
| #define HAVE_STDLIB_H 1
| #define HAVE_STRING_H 1
| #define HAVE_INTTYPES_H 1
| #define HAVE_STDINT_H 1
| #define HAVE_STRINGS_H 1
| #define HAVE_SYS_STAT_H 1
| #define HAVE_SYS_TYPES_H 1
| #define HAVE_UNISTD_H 1
| #define STDC_HEADERS 1
| #define HAVE_DLFCN_H 1
| #define LT_OBJDIR ".libs/"
| #define HAVE_FCNTL_H 1
| #define HAVE_UNISTD_H 1
| #define HAVE_SYS_IOCTL_H 1
| #define HAVE_SYS_SOCKET_H 1
| /* end confdefs.h.  */
| #include <stddef.h>
| #ifdef HAVE_STDIO_H
| # include <stdio.h>
| #endif
| #ifdef HAVE_STDLIB_H
| # include <stdlib.h>
| #endif
| #ifdef HAVE_STRING_H
| # include <string.h>
| #endif
| #ifdef HAVE_INTTYPES_H
| # include <inttypes.h>
| #endif
| #ifdef HAVE_STDINT_H
| # include <stdint.h>
| #endif
| #ifdef HAVE_STRINGS_H
| # include <strings.h>
| #endif
| #ifdef HAVE_SYS_TYPES_H
| # include <sys/types.h>
| #endif
| #ifdef HAVE_SYS_STAT_H
| # include <sys/stat.h>
| #endif
| #ifdef HAVE_UNISTD_H
| # include <unistd.h>
| #endif
| #include <sys/sockio.h>
configure:14861: result: no
configure:14867: checking for sys/sysctl.h
configure:14867: clang -c -g -O2  conftest.c >&5
conftest.c:55:10: fatal error: 'sys/sysctl.h' file not found
   55 | #include <sys/sysctl.h>
      |          ^~~~~~~~~~~~~~
1 error generated.
configure:14867: $? = 1
configure: failed program was:
| /* confdefs.h */
| #define PACKAGE_NAME "libdnet"
| #define PACKAGE_TARNAME "libdnet"
| #define PACKAGE_VERSION "1.18.0"
| #define PACKAGE_STRING "libdnet 1.18.0"
| #define PACKAGE_BUGREPORT ""
| #define PACKAGE_URL ""
| #define PACKAGE "libdnet"
| #define VERSION "1.18.0"
| #define HAVE_STDIO_H 1
| #define HAVE_STDLIB_H 1
| #define HAVE_STRING_H 1
| #define HAVE_INTTYPES_H 1
| #define HAVE_STDINT_H 1
| #define HAVE_STRINGS_H 1
| #define HAVE_SYS_STAT_H 1
| #define HAVE_SYS_TYPES_H 1
| #define HAVE_UNISTD_H 1
| #define STDC_HEADERS 1
| #define HAVE_DLFCN_H 1
| #define LT_OBJDIR ".libs/"
| #define HAVE_FCNTL_H 1
| #define HAVE_UNISTD_H 1
| #define HAVE_SYS_IOCTL_H 1
| #define HAVE_SYS_SOCKET_H 1
| /* end confdefs.h.  */
| #include <stddef.h>
| #ifdef HAVE_STDIO_H
| # include <stdio.h>
| #endif
| #ifdef HAVE_STDLIB_H
| # include <stdlib.h>
| #endif
| #ifdef HAVE_STRING_H
| # include <string.h>
| #endif
| #ifdef HAVE_INTTYPES_H
| # include <inttypes.h>
| #endif
| #ifdef HAVE_STDINT_H
| # include <stdint.h>
| #endif
| #ifdef HAVE_STRINGS_H
| # include <strings.h>
| #endif
| #ifdef HAVE_SYS_TYPES_H
| # include <sys/types.h>
| #endif
| #ifdef HAVE_SYS_STAT_H
| # include <sys/stat.h>
| #endif
| #ifdef HAVE_UNISTD_H
| # include <unistd.h>
| #endif
| #include <sys/sysctl.h>
configure:14867: result: no
configure:14873: checking for sys/time.h
configure:14873: clang -c -g -O2  conftest.c >&5
configure:14873: $? = 0
configure:14873: result: yes
configure:14880: checking for net/bpf.h
configure:14880: clang -c -g -O2  conftest.c >&5
conftest.c:56:10: fatal error: 'net/bpf.h' file not found
   56 | #include <net/bpf.h>
      |          ^~~~~~~~~~~
1 error generated.
configure:14880: $? = 1
configure: failed program was:
| /* confdefs.h */
| #define PACKAGE_NAME "libdnet"
| #define PACKAGE_TARNAME "libdnet"
| #define PACKAGE_VERSION "1.18.0"
| #define PACKAGE_STRING "libdnet 1.18.0"
| #define PACKAGE_BUGREPORT ""
| #define PACKAGE_URL ""
| #define PACKAGE "libdnet"
| #define VERSION "1.18.0"
| #define HAVE_STDIO_H 1
| #define HAVE_STDLIB_H 1
| #define HAVE_STRING_H 1
| #define HAVE_INTTYPES_H 1
| #define HAVE_STDINT_H 1
| #define HAVE_STRINGS_H 1
| #define HAVE_SYS_STAT_H 1
| #define HAVE_SYS_TYPES_H 1
| #define HAVE_UNISTD_H 1
| #define STDC_HEADERS 1
| #define HAVE_DLFCN_H 1
| #define LT_OBJDIR ".libs/"
| #define HAVE_FCNTL_H 1
| #define HAVE_UNISTD_H 1
| #define HAVE_SYS_IOCTL_H 1
| #define HAVE_SYS_SOCKET_H 1
| #define HAVE_SYS_TIME_H 1
| /* end confdefs.h.  */
| #include <stddef.h>
| #ifdef HAVE_STDIO_H
| # include <stdio.h>
| #endif
| #ifdef HAVE_STDLIB_H
| # include <stdlib.h>
| #endif
| #ifdef HAVE_STRING_H
| # include <string.h>
| #endif
| #ifdef HAVE_INTTYPES_H
| # include <inttypes.h>
| #endif
| #ifdef HAVE_STDINT_H
| # include <stdint.h>
| #endif
| #ifdef HAVE_STRINGS_H
| # include <strings.h>
| #endif
| #ifdef HAVE_SYS_TYPES_H
| # include <sys/types.h>
| #endif
| #ifdef HAVE_SYS_STAT_H
| # include <sys/stat.h>
| #endif
| #ifdef HAVE_UNISTD_H
| # include <unistd.h>
| #endif
| #include <net/bpf.h>
configure:14880: result: no
configure:14886: checking for net/if.h
configure:14886: clang -c -g -O2  conftest.c >&5
configure:14886: $? = 0
configure:14886: result: yes
configure:14892: checking for net/if_var.h
configure:14892: clang -c -g -O2  conftest.c >&5
conftest.c:57:10: fatal error: 'net/if_var.h' file not found
   57 | #include <net/if_var.h>
      |          ^~~~~~~~~~~~~~
1 error generated.
configure:14892: $? = 1
configure: failed program was:
| /* confdefs.h */
| #define PACKAGE_NAME "libdnet"
| #define PACKAGE_TARNAME "libdnet"
| #define PACKAGE_VERSION "1.18.0"
| #define PACKAGE_STRING "libdnet 1.18.0"
| #define PACKAGE_BUGREPORT ""
| #define PACKAGE_URL ""
| #define PACKAGE "libdnet"
| #define VERSION "1.18.0"
| #define HAVE_STDIO_H 1
| #define HAVE_STDLIB_H 1
| #define HAVE_STRING_H 1
| #define HAVE_INTTYPES_H 1
| #define HAVE_STDINT_H 1
| #define HAVE_STRINGS_H 1
| #define HAVE_SYS_STAT_H 1
| #define HAVE_SYS_TYPES_H 1
| #define HAVE_UNISTD_H 1
| #define STDC_HEADERS 1
| #define HAVE_DLFCN_H 1
| #define LT_OBJDIR ".libs/"
| #define HAVE_FCNTL_H 1
| #define HAVE_UNISTD_H 1
| #define HAVE_SYS_IOCTL_H 1
| #define HAVE_SYS_SOCKET_H 1
| #define HAVE_SYS_TIME_H 1
| #define HAVE_NET_IF_H 1
| /* end confdefs.h.  */
| #include <stddef.h>
| #ifdef HAVE_STDIO_H
| # include <stdio.h>
| #endif
| #ifdef HAVE_STDLIB_H
| # include <stdlib.h>
| #endif
| #ifdef HAVE_STRING_H
| # include <string.h>
| #endif
| #ifdef HAVE_INTTYPES_H
| # include <inttypes.h>
| #endif
| #ifdef HAVE_STDINT_H
| # include <stdint.h>
| #endif
| #ifdef HAVE_STRINGS_H
| # include <strings.h>
| #endif
| #ifdef HAVE_SYS_TYPES_H
| # include <sys/types.h>
| #endif
| #ifdef HAVE_SYS_STAT_H
| # include <sys/stat.h>
| #endif
| #ifdef HAVE_UNISTD_H
| # include <unistd.h>
| #endif
| #include <net/if_var.h>
configure:14892: result: no
configure:14898: checking for net/if_arp.h
configure:14898: clang -c -g -O2  conftest.c >&5
configure:14898: $? = 0
configure:14898: result: yes
configure:14904: checking for net/if_dl.h
configure:14904: clang -c -g -O2  conftest.c >&5
conftest.c:58:10: fatal error: 'net/if_dl.h' file not found
   58 | #include <net/if_dl.h>
      |          ^~~~~~~~~~~~~
1 error generated.
configure:14904: $? = 1
configure: failed program was:
| /* confdefs.h */
| #define PACKAGE_NAME "libdnet"
| #define PACKAGE_TARNAME "libdnet"
| #define PACKAGE_VERSION "1.18.0"
| #define PACKAGE_STRING "libdnet 1.18.0"
| #define PACKAGE_BUGREPORT ""
| #define PACKAGE_URL ""
| #define PACKAGE "libdnet"
| #define VERSION "1.18.0"
| #define HAVE_STDIO_H 1
| #define HAVE_STDLIB_H 1
| #define HAVE_STRING_H 1
| #define HAVE_INTTYPES_H 1
| #define HAVE_STDINT_H 1
| #define HAVE_STRINGS_H 1
| #define HAVE_SYS_STAT_H 1
| #define HAVE_SYS_TYPES_H 1
| #define HAVE_UNISTD_H 1
| #define STDC_HEADERS 1
| #define HAVE_DLFCN_H 1
| #define LT_OBJDIR ".libs/"
| #define HAVE_FCNTL_H 1
| #define HAVE_UNISTD_H 1
| #define HAVE_SYS_IOCTL_H 1
| #define HAVE_SYS_SOCKET_H 1
| #define HAVE_SYS_TIME_H 1
| #define HAVE_NET_IF_H 1
| #define HAVE_NET_IF_ARP_H 1
| /* end confdefs.h.  */
| #include <stddef.h>
| #ifdef HAVE_STDIO_H
| # include <stdio.h>
| #endif
| #ifdef HAVE_STDLIB_H
| # include <stdlib.h>
| #endif
| #ifdef HAVE_STRING_H
| # include <string.h>
| #endif
| #ifdef HAVE_INTTYPES_H
| # include <inttypes.h>
| #endif
| #ifdef HAVE_STDINT_H
| # include <stdint.h>
| #endif
| #ifdef HAVE_STRINGS_H
| # include <strings.h>
| #endif
| #ifdef HAVE_SYS_TYPES_H
| # include <sys/types.h>
| #endif
| #ifdef HAVE_SYS_STAT_H
| # include <sys/stat.h>
| #endif
| #ifdef HAVE_UNISTD_H
| # include <unistd.h>
| #endif
| #include <net/if_dl.h>
configure:14904: result: no
configure:14910: checking for net/pfilt.h
configure:14910: clang -c -g -O2  conftest.c >&5
conftest.c:58:10: fatal error: 'net/pfilt.h' file not found
   58 | #include <net/pfilt.h>
      |          ^~~~~~~~~~~~~
1 error generated.
configure:14910: $? = 1
configure: failed program was:
| /* confdefs.h */
| #define PACKAGE_NAME "libdnet"
| #define PACKAGE_TARNAME "libdnet"
| #define PACKAGE_VERSION "1.18.0"
| #define PACKAGE_STRING "libdnet 1.18.0"
| #define PACKAGE_BUGREPORT ""
| #define PACKAGE_URL ""
| #define PACKAGE "libdnet"
| #define VERSION "1.18.0"
| #define HAVE_STDIO_H 1
| #define HAVE_STDLIB_H 1
| #define HAVE_STRING_H 1
| #define HAVE_INTTYPES_H 1
| #define HAVE_STDINT_H 1
| #define HAVE_STRINGS_H 1
| #define HAVE_SYS_STAT_H 1
| #define HAVE_SYS_TYPES_H 1
| #define HAVE_UNISTD_H 1
| #define STDC_HEADERS 1
| #define HAVE_DLFCN_H 1
| #define LT_OBJDIR ".libs/"
| #define HAVE_FCNTL_H 1
| #define HAVE_UNISTD_H 1
| #define HAVE_SYS_IOCTL_H 1
| #define HAVE_SYS_SOCKET_H 1
| #define HAVE_SYS_TIME_H 1
| #define HAVE_NET_IF_H 1
| #define HAVE_NET_IF_ARP_H 1
| /* end confdefs.h.  */
| #include <stddef.h>
| #ifdef HAVE_STDIO_H
| # include <stdio.h>
| #endif
| #ifdef HAVE_STDLIB_H
| # include <stdlib.h>
| #endif
| #ifdef HAVE_STRING_H
| # include <string.h>
| #endif
| #ifdef HAVE_INTTYPES_H
| # include <inttypes.h>
| #endif
| #ifdef HAVE_STDINT_H
| # include <stdint.h>
| #endif
| #ifdef HAVE_STRINGS_H
| # include <strings.h>
| #endif
| #ifdef HAVE_SYS_TYPES_H
| # include <sys/types.h>
| #endif
| #ifdef HAVE_SYS_STAT_H
| # include <sys/stat.h>
| #endif
| #ifdef HAVE_UNISTD_H
| # include <unistd.h>
| #endif
| #include <net/pfilt.h>
configure:14910: result: no
configure:14916: checking for net/pfvar.h
configure:14916: clang -c -g -O2  conftest.c >&5
conftest.c:58:10: fatal error: 'net/pfvar.h' file not found
   58 | #include <net/pfvar.h>
      |          ^~~~~~~~~~~~~
1 error generated.
configure:14916: $? = 1
configure: failed program was:
| /* confdefs.h */
| #define PACKAGE_NAME "libdnet"
| #define PACKAGE_TARNAME "libdnet"
| #define PACKAGE_VERSION "1.18.0"
| #define PACKAGE_STRING "libdnet 1.18.0"
| #define PACKAGE_BUGREPORT ""
| #define PACKAGE_URL ""
| #define PACKAGE "libdnet"
| #define VERSION "1.18.0"
| #define HAVE_STDIO_H 1
| #define HAVE_STDLIB_H 1
| #define HAVE_STRING_H 1
| #define HAVE_INTTYPES_H 1
| #define HAVE_STDINT_H 1
| #define HAVE_STRINGS_H 1
| #define HAVE_SYS_STAT_H 1
| #define HAVE_SYS_TYPES_H 1
| #define HAVE_UNISTD_H 1
| #define STDC_HEADERS 1
| #define HAVE_DLFCN_H 1
| #define LT_OBJDIR ".libs/"
| #define HAVE_FCNTL_H 1
| #define HAVE_UNISTD_H 1
| #define HAVE_SYS_IOCTL_H 1
| #define HAVE_SYS_SOCKET_H 1
| #define HAVE_SYS_TIME_H 1
| #define HAVE_NET_IF_H 1
| #define HAVE_NET_IF_ARP_H 1
| /* end confdefs.h.  */
| #include <stddef.h>
| #ifdef HAVE_STDIO_H
| # include <stdio.h>
| #endif
| #ifdef HAVE_STDLIB_H
| # include <stdlib.h>
| #endif
| #ifdef HAVE_STRING_H
| # include <string.h>
| #endif
| #ifdef HAVE_INTTYPES_H
| # include <inttypes.h>
| #endif
| #ifdef HAVE_STDINT_H
| # include <stdint.h>
| #endif
| #ifdef HAVE_STRINGS_H
| # include <strings.h>
| #endif
| #ifdef HAVE_SYS_TYPES_H
| # include <sys/types.h>
| #endif
| #ifdef HAVE_SYS_STAT_H
| # include <sys/stat.h>
| #endif
| #ifdef HAVE_UNISTD_H
| # include <unistd.h>
| #endif
| #include <net/pfvar.h>
configure:14916: result: no
configure:14922: checking for net/radix.h
configure:14922: clang -c -g -O2  conftest.c >&5
conftest.c:58:10: fatal error: 'net/radix.h' file not found
   58 | #include <net/radix.h>
      |          ^~~~~~~~~~~~~
1 error generated.
configure:14922: $? = 1
configure: failed program was:
| /* confdefs.h */
| #define PACKAGE_NAME "libdnet"
| #define PACKAGE_TARNAME "libdnet"
| #define PACKAGE_VERSION "1.18.0"
| #define PACKAGE_STRING "libdnet 1.18.0"
| #define PACKAGE_BUGREPORT ""
| #define PACKAGE_URL ""
| #define PACKAGE "libdnet"
| #define VERSION "1.18.0"
| #define HAVE_STDIO_H 1
| #define HAVE_STDLIB_H 1
| #define HAVE_STRING_H 1
| #define HAVE_INTTYPES_H 1
| #define HAVE_STDINT_H 1
| #define HAVE_STRINGS_H 1
| #define HAVE_SYS_STAT_H 1
| #define HAVE_SYS_TYPES_H 1
| #define HAVE_UNISTD_H 1
| #define STDC_HEADERS 1
| #define HAVE_DLFCN_H 1
| #define LT_OBJDIR ".libs/"
| #define HAVE_FCNTL_H 1
| #define HAVE_UNISTD_H 1
| #define HAVE_SYS_IOCTL_H 1
| #define HAVE_SYS_SOCKET_H 1
| #define HAVE_SYS_TIME_H 1
| #define HAVE_NET_IF_H 1
| #define HAVE_NET_IF_ARP_H 1
| /* end confdefs.h.  */
| #include <stddef.h>
| #ifdef HAVE_STDIO_H
| # include <stdio.h>
| #endif
| #ifdef HAVE_STDLIB_H
| # include <stdlib.h>
| #endif
| #ifdef HAVE_STRING_H
| # include <string.h>
| #endif
| #ifdef HAVE_INTTYPES_H
| # include <inttypes.h>
| #endif
| #ifdef HAVE_STDINT_H
| # include <stdint.h>
| #endif
| #ifdef HAVE_STRINGS_H
| # include <strings.h>
| #endif
| #ifdef HAVE_SYS_TYPES_H
| # include <sys/types.h>
| #endif
| #ifdef HAVE_SYS_STAT_H
| # include <sys/stat.h>
| #endif
| #ifdef HAVE_UNISTD_H
| # include <unistd.h>
| #endif
| #include <net/radix.h>
configure:14922: result: no
configure:14928: checking for net/raw.h
configure:14928: clang -c -g -O2  conftest.c >&5
conftest.c:58:10: fatal error: 'net/raw.h' file not found
   58 | #include <net/raw.h>
      |          ^~~~~~~~~~~
1 error generated.
configure:14928: $? = 1
configure: failed program was:
| /* confdefs.h */
| #define PACKAGE_NAME "libdnet"
| #define PACKAGE_TARNAME "libdnet"
| #define PACKAGE_VERSION "1.18.0"
| #define PACKAGE_STRING "libdnet 1.18.0"
| #define PACKAGE_BUGREPORT ""
| #define PACKAGE_URL ""
| #define PACKAGE "libdnet"
| #define VERSION "1.18.0"
| #define HAVE_STDIO_H 1
| #define HAVE_STDLIB_H 1
| #define HAVE_STRING_H 1
| #define HAVE_INTTYPES_H 1
| #define HAVE_STDINT_H 1
| #define HAVE_STRINGS_H 1
| #define HAVE_SYS_STAT_H 1
| #define HAVE_SYS_TYPES_H 1
| #define HAVE_UNISTD_H 1
| #define STDC_HEADERS 1
| #define HAVE_DLFCN_H 1
| #define LT_OBJDIR ".libs/"
| #define HAVE_FCNTL_H 1
| #define HAVE_UNISTD_H 1
| #define HAVE_SYS_IOCTL_H 1
| #define HAVE_SYS_SOCKET_H 1
| #define HAVE_SYS_TIME_H 1
| #define HAVE_NET_IF_H 1
| #define HAVE_NET_IF_ARP_H 1
| /* end confdefs.h.  */
| #include <stddef.h>
| #ifdef HAVE_STDIO_H
| # include <stdio.h>
| #endif
| #ifdef HAVE_STDLIB_H
| # include <stdlib.h>
| #endif
| #ifdef HAVE_STRING_H
| # include <string.h>
| #endif
| #ifdef HAVE_INTTYPES_H
| # include <inttypes.h>
| #endif
| #ifdef HAVE_STDINT_H
| # include <stdint.h>
| #endif
| #ifdef HAVE_STRINGS_H
| # include <strings.h>
| #endif
| #ifdef HAVE_SYS_TYPES_H
| # include <sys/types.h>
| #endif
| #ifdef HAVE_SYS_STAT_H
| # include <sys/stat.h>
| #endif
| #ifdef HAVE_UNISTD_H
| # include <unistd.h>
| #endif
| #include <net/raw.h>
configure:14928: result: no
configure:14934: checking for net/route.h
configure:14934: clang -c -g -O2  conftest.c >&5
configure:14934: $? = 0
configure:14934: result: yes
configure:14940: checking for netinet/in_var.h
configure:14940: clang -c -g -O2  conftest.c >&5
conftest.c:59:10: fatal error: 'netinet/in_var.h' file not found
   59 | #include <netinet/in_var.h>
      |          ^~~~~~~~~~~~~~~~~~
1 error generated.
configure:14940: $? = 1
configure: failed program was:
| /* confdefs.h */
| #define PACKAGE_NAME "libdnet"
| #define PACKAGE_TARNAME "libdnet"
| #define PACKAGE_VERSION "1.18.0"
| #define PACKAGE_STRING "libdnet 1.18.0"
| #define PACKAGE_BUGREPORT ""
| #define PACKAGE_URL ""
| #define PACKAGE "libdnet"
| #define VERSION "1.18.0"
| #define HAVE_STDIO_H 1
| #define HAVE_STDLIB_H 1
| #define HAVE_STRING_H 1
| #define HAVE_INTTYPES_H 1
| #define HAVE_STDINT_H 1
| #define HAVE_STRINGS_H 1
| #define HAVE_SYS_STAT_H 1
| #define HAVE_SYS_TYPES_H 1
| #define HAVE_UNISTD_H 1
| #define STDC_HEADERS 1
| #define HAVE_DLFCN_H 1
| #define LT_OBJDIR ".libs/"
| #define HAVE_FCNTL_H 1
| #define HAVE_UNISTD_H 1
| #define HAVE_SYS_IOCTL_H 1
| #define HAVE_SYS_SOCKET_H 1
| #define HAVE_SYS_TIME_H 1
| #define HAVE_NET_IF_H 1
| #define HAVE_NET_IF_ARP_H 1
| #define HAVE_NET_ROUTE_H 1
| /* end confdefs.h.  */
| #include <stddef.h>
| #ifdef HAVE_STDIO_H
| # include <stdio.h>
| #endif
| #ifdef HAVE_STDLIB_H
| # include <stdlib.h>
| #endif
| #ifdef HAVE_STRING_H
| # include <string.h>
| #endif
| #ifdef HAVE_INTTYPES_H
| # include <inttypes.h>
| #endif
| #ifdef HAVE_STDINT_H
| # include <stdint.h>
| #endif
| #ifdef HAVE_STRINGS_H
| # include <strings.h>
| #endif
| #ifdef HAVE_SYS_TYPES_H
| # include <sys/types.h>
| #endif
| #ifdef HAVE_SYS_STAT_H
| # include <sys/stat.h>
| #endif
| #ifdef HAVE_UNISTD_H
| # include <unistd.h>
| #endif
| #include <netinet/in_var.h>
configure:14940: result: no
configure:14946: checking for net/if_tun.h
configure:14946: clang -c -g -O2  conftest.c >&5
conftest.c:59:10: fatal error: 'net/if_tun.h' file not found
   59 | #include <net/if_tun.h>
      |          ^~~~~~~~~~~~~~
1 error generated.
configure:14946: $? = 1
configure: failed program was:
| /* confdefs.h */
| #define PACKAGE_NAME "libdnet"
| #define PACKAGE_TARNAME "libdnet"
| #define PACKAGE_VERSION "1.18.0"
| #define PACKAGE_STRING "libdnet 1.18.0"
| #define PACKAGE_BUGREPORT ""
| #define PACKAGE_URL ""
| #define PACKAGE "libdnet"
| #define VERSION "1.18.0"
| #define HAVE_STDIO_H 1
| #define HAVE_STDLIB_H 1
| #define HAVE_STRING_H 1
| #define HAVE_INTTYPES_H 1
| #define HAVE_STDINT_H 1
| #define HAVE_STRINGS_H 1
| #define HAVE_SYS_STAT_H 1
| #define HAVE_SYS_TYPES_H 1
| #define HAVE_UNISTD_H 1
| #define STDC_HEADERS 1
| #define HAVE_DLFCN_H 1
| #define LT_OBJDIR ".libs/"
| #define HAVE_FCNTL_H 1
| #define HAVE_UNISTD_H 1
| #define HAVE_SYS_IOCTL_H 1
| #define HAVE_SYS_SOCKET_H 1
| #define HAVE_SYS_TIME_H 1
| #define HAVE_NET_IF_H 1
| #define HAVE_NET_IF_ARP_H 1
| #define HAVE_NET_ROUTE_H 1
| /* end confdefs.h.  */
| #include <stddef.h>
| #ifdef HAVE_STDIO_H
| # include <stdio.h>
| #endif
| #ifdef HAVE_STDLIB_H
| # include <stdlib.h>
| #endif
| #ifdef HAVE_STRING_H
| # include <string.h>
| #endif
| #ifdef HAVE_INTTYPES_H
| # include <inttypes.h>
| #endif
| #ifdef HAVE_STDINT_H
| # include <stdint.h>
| #endif
| #ifdef HAVE_STRINGS_H
| # include <strings.h>
| #endif
| #ifdef HAVE_SYS_TYPES_H
| # include <sys/types.h>
| #endif
| #ifdef HAVE_SYS_STAT_H
| # include <sys/stat.h>
| #endif
| #ifdef HAVE_UNISTD_H
| # include <unistd.h>
| #endif
| #include <net/if_tun.h>
configure:14946: result: no
configure:14952: checking for linux/if_tun.h
configure:14952: clang -c -g -O2  conftest.c >&5
configure:14952: $? = 0
configure:14952: result: yes
configure:14958: checking for netinet/ip_fw.h
configure:14958: clang -c -g -O2  conftest.c >&5
conftest.c:60:10: fatal error: 'netinet/ip_fw.h' file not found
   60 | #include <netinet/ip_fw.h>
      |          ^~~~~~~~~~~~~~~~~
1 error generated.
configure:14958: $? = 1
configure: failed program was:
| /* confdefs.h */
| #define PACKAGE_NAME "libdnet"
| #define PACKAGE_TARNAME "libdnet"
| #define PACKAGE_VERSION "1.18.0"
| #define PACKAGE_STRING "libdnet 1.18.0"
| #define PACKAGE_BUGREPORT ""
| #define PACKAGE_URL ""
| #define PACKAGE "libdnet"
| #define VERSION "1.18.0"
| #define HAVE_STDIO_H 1
| #define HAVE_STDLIB_H 1
| #define HAVE_STRING_H 1
| #define HAVE_INTTYPES_H 1
| #define HAVE_STDINT_H 1
| #define HAVE_STRINGS_H 1
| #define HAVE_SYS_STAT_H 1
| #define HAVE_SYS_TYPES_H 1
| #define HAVE_UNISTD_H 1
| #define STDC_HEADERS 1
| #define HAVE_DLFCN_H 1
| #define LT_OBJDIR ".libs/"
| #define HAVE_FCNTL_H 1
| #define HAVE_UNISTD_H 1
| #define HAVE_SYS_IOCTL_H 1
| #define HAVE_SYS_SOCKET_H 1
| #define HAVE_SYS_TIME_H 1
| #define HAVE_NET_IF_H 1
| #define HAVE_NET_IF_ARP_H 1
| #define HAVE_NET_ROUTE_H 1
| #define HAVE_LINUX_IF_TUN_H 1
| /* end confdefs.h.  */
| #include <stddef.h>
| #ifdef HAVE_STDIO_H
| # include <stdio.h>
| #endif
| #ifdef HAVE_STDLIB_H
| # include <stdlib.h>
| #endif
| #ifdef HAVE_STRING_H
| # include <string.h>
| #endif
| #ifdef HAVE_INTTYPES_H
| # include <inttypes.h>
| #endif
| #ifdef HAVE_STDINT_H
| # include <stdint.h>
| #endif
| #ifdef HAVE_STRINGS_H
| # include <strings.h>
| #endif
| #ifdef HAVE_SYS_TYPES_H
| # include <sys/types.h>
| #endif
| #ifdef HAVE_SYS_STAT_H
| # include <sys/stat.h>
| #endif
| #ifdef HAVE_UNISTD_H
| # include <unistd.h>
| #endif
| #include <netinet/ip_fw.h>
configure:14958: result: no
configure:14964: checking for linux/ip_fw.h
configure:14964: clang -c -g -O2  conftest.c >&5
conftest.c:60:10: fatal error: 'linux/ip_fw.h' file not found
   60 | #include <linux/ip_fw.h>
      |          ^~~~~~~~~~~~~~~
1 error generated.
configure:14964: $? = 1
configure: failed program was:
| /* confdefs.h */
| #define PACKAGE_NAME "libdnet"
| #define PACKAGE_TARNAME "libdnet"
| #define PACKAGE_VERSION "1.18.0"
| #define PACKAGE_STRING "libdnet 1.18.0"
| #define PACKAGE_BUGREPORT ""
| #define PACKAGE_URL ""
| #define PACKAGE "libdnet"
| #define VERSION "1.18.0"
| #define HAVE_STDIO_H 1
| #define HAVE_STDLIB_H 1
| #define HAVE_STRING_H 1
| #define HAVE_INTTYPES_H 1
| #define HAVE_STDINT_H 1
| #define HAVE_STRINGS_H 1
| #define HAVE_SYS_STAT_H 1
| #define HAVE_SYS_TYPES_H 1
| #define HAVE_UNISTD_H 1
| #define STDC_HEADERS 1
| #define HAVE_DLFCN_H 1
| #define LT_OBJDIR ".libs/"
| #define HAVE_FCNTL_H 1
| #define HAVE_UNISTD_H 1
| #define HAVE_SYS_IOCTL_H 1
| #define HAVE_SYS_SOCKET_H 1
| #define HAVE_SYS_TIME_H 1
| #define HAVE_NET_IF_H 1
| #define HAVE_NET_IF_ARP_H 1
| #define HAVE_NET_ROUTE_H 1
| #define HAVE_LINUX_IF_TUN_H 1
| /* end confdefs.h.  */
| #include <stddef.h>
| #ifdef HAVE_STDIO_H
| # include <stdio.h>
| #endif
| #ifdef HAVE_STDLIB_H
| # include <stdlib.h>
| #endif
| #ifdef HAVE_STRING_H
| # include <string.h>
| #endif
| #ifdef HAVE_INTTYPES_H
| # include <inttypes.h>
| #endif
| #ifdef HAVE_STDINT_H
| # include <stdint.h>
| #endif
| #ifdef HAVE_STRINGS_H
| # include <strings.h>
| #endif
| #ifdef HAVE_SYS_TYPES_H
| # include <sys/types.h>
| #endif
| #ifdef HAVE_SYS_STAT_H
| # include <sys/stat.h>
| #endif
| #ifdef HAVE_UNISTD_H
| # include <unistd.h>
| #endif
| #include <linux/ip_fw.h>
configure:14964: result: no
configure:14970: checking for linux/ip_fwchains.h
configure:14970: clang -c -g -O2  conftest.c >&5
conftest.c:60:10: fatal error: 'linux/ip_fwchains.h' file not found
   60 | #include <linux/ip_fwchains.h>
      |          ^~~~~~~~~~~~~~~~~~~~~
1 error generated.
configure:14970: $? = 1
configure: failed program was:
| /* confdefs.h */
| #define PACKAGE_NAME "libdnet"
| #define PACKAGE_TARNAME "libdnet"
| #define PACKAGE_VERSION "1.18.0"
| #define PACKAGE_STRING "libdnet 1.18.0"
| #define PACKAGE_BUGREPORT ""
| #define PACKAGE_URL ""
| #define PACKAGE "libdnet"
| #define VERSION "1.18.0"
| #define HAVE_STDIO_H 1
| #define HAVE_STDLIB_H 1
| #define HAVE_STRING_H 1
| #define HAVE_INTTYPES_H 1
| #define HAVE_STDINT_H 1
| #define HAVE_STRINGS_H 1
| #define HAVE_SYS_STAT_H 1
| #define HAVE_SYS_TYPES_H 1
| #define HAVE_UNISTD_H 1
| #define STDC_HEADERS 1
| #define HAVE_DLFCN_H 1
| #define LT_OBJDIR ".libs/"
| #define HAVE_FCNTL_H 1
| #define HAVE_UNISTD_H 1
| #define HAVE_SYS_IOCTL_H 1
| #define HAVE_SYS_SOCKET_H 1
| #define HAVE_SYS_TIME_H 1
| #define HAVE_NET_IF_H 1
| #define HAVE_NET_IF_ARP_H 1
| #define HAVE_NET_ROUTE_H 1
| #define HAVE_LINUX_IF_TUN_H 1
| /* end confdefs.h.  */
| #include <stddef.h>
| #ifdef HAVE_STDIO_H
| # include <stdio.h>
| #endif
| #ifdef HAVE_STDLIB_H
| # include <stdlib.h>
| #endif
| #ifdef HAVE_STRING_H
| # include <string.h>
| #endif
| #ifdef HAVE_INTTYPES_H
| # include <inttypes.h>
| #endif
| #ifdef HAVE_STDINT_H
| # include <stdint.h>
| #endif
| #ifdef HAVE_STRINGS_H
| # include <strings.h>
| #endif
| #ifdef HAVE_SYS_TYPES_H
| # include <sys/types.h>
| #endif
| #ifdef HAVE_SYS_STAT_H
| # include <sys/stat.h>
| #endif
| #ifdef HAVE_UNISTD_H
| # include <unistd.h>
| #endif
| #include <linux/ip_fwchains.h>
configure:14970: result: no
configure:14976: checking for linux/netfilter_ipv4/ipchains_core.h
configure:14976: clang -c -g -O2  conftest.c >&5
conftest.c:60:10: fatal error: 'linux/netfilter_ipv4/ipchains_core.h' file not found
   60 | #include <linux/netfilter_ipv4/ipchains_core.h>
      |          ^~~~~~~~~~~~~~~~~~~~~~~~~~~~~~~~~~~~~~
1 error generated.
configure:14976: $? = 1
configure: failed program was:
| /* confdefs.h */
| #define PACKAGE_NAME "libdnet"
| #define PACKAGE_TARNAME "libdnet"
| #define PACKAGE_VERSION "1.18.0"
| #define PACKAGE_STRING "libdnet 1.18.0"
| #define PACKAGE_BUGREPORT ""
| #define PACKAGE_URL ""
| #define PACKAGE "libdnet"
| #define VERSION "1.18.0"
| #define HAVE_STDIO_H 1
| #define HAVE_STDLIB_H 1
| #define HAVE_STRING_H 1
| #define HAVE_INTTYPES_H 1
| #define HAVE_STDINT_H 1
| #define HAVE_STRINGS_H 1
| #define HAVE_SYS_STAT_H 1
| #define HAVE_SYS_TYPES_H 1
| #define HAVE_UNISTD_H 1
| #define STDC_HEADERS 1
| #define HAVE_DLFCN_H 1
| #define LT_OBJDIR ".libs/"
| #define HAVE_FCNTL_H 1
| #define HAVE_UNISTD_H 1
| #define HAVE_SYS_IOCTL_H 1
| #define HAVE_SYS_SOCKET_H 1
| #define HAVE_SYS_TIME_H 1
| #define HAVE_NET_IF_H 1
| #define HAVE_NET_IF_ARP_H 1
| #define HAVE_NET_ROUTE_H 1
| #define HAVE_LINUX_IF_TUN_H 1
| /* end confdefs.h.  */
| #include <stddef.h>
| #ifdef HAVE_STDIO_H
| # include <stdio.h>
| #endif
| #ifdef HAVE_STDLIB_H
| # include <stdlib.h>
| #endif
| #ifdef HAVE_STRING_H
| # include <string.h>
| #endif
| #ifdef HAVE_INTTYPES_H
| # include <inttypes.h>
| #endif
| #ifdef HAVE_STDINT_H
| # include <stdint.h>
| #endif
| #ifdef HAVE_STRINGS_H
| # include <strings.h>
| #endif
| #ifdef HAVE_SYS_TYPES_H
| # include <sys/types.h>
| #endif
| #ifdef HAVE_SYS_STAT_H
| # include <sys/stat.h>
| #endif
| #ifdef HAVE_UNISTD_H
| # include <unistd.h>
| #endif
| #include <linux/netfilter_ipv4/ipchains_core.h>
configure:14976: result: no
configure:14983: checking for ip_fil_compat.h
configure:14983: clang -c -g -O2  conftest.c >&5
conftest.c:60:10: fatal error: 'ip_fil_compat.h' file not found
   60 | #include <ip_fil_compat.h>
      |          ^~~~~~~~~~~~~~~~~
1 error generated.
configure:14983: $? = 1
configure: failed program was:
| /* confdefs.h */
| #define PACKAGE_NAME "libdnet"
| #define PACKAGE_TARNAME "libdnet"
| #define PACKAGE_VERSION "1.18.0"
| #define PACKAGE_STRING "libdnet 1.18.0"
| #define PACKAGE_BUGREPORT ""
| #define PACKAGE_URL ""
| #define PACKAGE "libdnet"
| #define VERSION "1.18.0"
| #define HAVE_STDIO_H 1
| #define HAVE_STDLIB_H 1
| #define HAVE_STRING_H 1
| #define HAVE_INTTYPES_H 1
| #define HAVE_STDINT_H 1
| #define HAVE_STRINGS_H 1
| #define HAVE_SYS_STAT_H 1
| #define HAVE_SYS_TYPES_H 1
| #define HAVE_UNISTD_H 1
| #define STDC_HEADERS 1
| #define HAVE_DLFCN_H 1
| #define LT_OBJDIR ".libs/"
| #define HAVE_FCNTL_H 1
| #define HAVE_UNISTD_H 1
| #define HAVE_SYS_IOCTL_H 1
| #define HAVE_SYS_SOCKET_H 1
| #define HAVE_SYS_TIME_H 1
| #define HAVE_NET_IF_H 1
| #define HAVE_NET_IF_ARP_H 1
| #define HAVE_NET_ROUTE_H 1
| #define HAVE_LINUX_IF_TUN_H 1
| /* end confdefs.h.  */
| #include <stddef.h>
| #ifdef HAVE_STDIO_H
| # include <stdio.h>
| #endif
| #ifdef HAVE_STDLIB_H
| # include <stdlib.h>
| #endif
| #ifdef HAVE_STRING_H
| # include <string.h>
| #endif
| #ifdef HAVE_INTTYPES_H
| # include <inttypes.h>
| #endif
| #ifdef HAVE_STDINT_H
| # include <stdint.h>
| #endif
| #ifdef HAVE_STRINGS_H
| # include <strings.h>
| #endif
| #ifdef HAVE_SYS_TYPES_H
| # include <sys/types.h>
| #endif
| #ifdef HAVE_SYS_STAT_H
| # include <sys/stat.h>
| #endif
| #ifdef HAVE_UNISTD_H
| # include <unistd.h>
| #endif
| #include <ip_fil_compat.h>
configure:14983: result: no
configure:14989: checking for netinet/ip_fil_compat.h
configure:14989: clang -c -g -O2  conftest.c >&5
conftest.c:60:10: fatal error: 'netinet/ip_fil_compat.h' file not found
   60 | #include <netinet/ip_fil_compat.h>
      |          ^~~~~~~~~~~~~~~~~~~~~~~~~
1 error generated.
configure:14989: $? = 1
configure: failed program was:
| /* confdefs.h */
| #define PACKAGE_NAME "libdnet"
| #define PACKAGE_TARNAME "libdnet"
| #define PACKAGE_VERSION "1.18.0"
| #define PACKAGE_STRING "libdnet 1.18.0"
| #define PACKAGE_BUGREPORT ""
| #define PACKAGE_URL ""
| #define PACKAGE "libdnet"
| #define VERSION "1.18.0"
| #define HAVE_STDIO_H 1
| #define HAVE_STDLIB_H 1
| #define HAVE_STRING_H 1
| #define HAVE_INTTYPES_H 1
| #define HAVE_STDINT_H 1
| #define HAVE_STRINGS_H 1
| #define HAVE_SYS_STAT_H 1
| #define HAVE_SYS_TYPES_H 1
| #define HAVE_UNISTD_H 1
| #define STDC_HEADERS 1
| #define HAVE_DLFCN_H 1
| #define LT_OBJDIR ".libs/"
| #define HAVE_FCNTL_H 1
| #define HAVE_UNISTD_H 1
| #define HAVE_SYS_IOCTL_H 1
| #define HAVE_SYS_SOCKET_H 1
| #define HAVE_SYS_TIME_H 1
| #define HAVE_NET_IF_H 1
| #define HAVE_NET_IF_ARP_H 1
| #define HAVE_NET_ROUTE_H 1
| #define HAVE_LINUX_IF_TUN_H 1
| /* end confdefs.h.  */
| #include <stddef.h>
| #ifdef HAVE_STDIO_H
| # include <stdio.h>
| #endif
| #ifdef HAVE_STDLIB_H
| # include <stdlib.h>
| #endif
| #ifdef HAVE_STRING_H
| # include <string.h>
| #endif
| #ifdef HAVE_INTTYPES_H
| # include <inttypes.h>
| #endif
| #ifdef HAVE_STDINT_H
| # include <stdint.h>
| #endif
| #ifdef HAVE_STRINGS_H
| # include <strings.h>
| #endif
| #ifdef HAVE_SYS_TYPES_H
| # include <sys/types.h>
| #endif
| #ifdef HAVE_SYS_STAT_H
| # include <sys/stat.h>
| #endif
| #ifdef HAVE_UNISTD_H
| # include <unistd.h>
| #endif
| #include <netinet/ip_fil_compat.h>
configure:14989: result: no
configure:14995: checking for ip_compat.h
configure:14995: clang -c -g -O2  conftest.c >&5
conftest.c:60:10: fatal error: 'ip_compat.h' file not found
   60 | #include <ip_compat.h>
      |          ^~~~~~~~~~~~~
1 error generated.
configure:14995: $? = 1
configure: failed program was:
| /* confdefs.h */
| #define PACKAGE_NAME "libdnet"
| #define PACKAGE_TARNAME "libdnet"
| #define PACKAGE_VERSION "1.18.0"
| #define PACKAGE_STRING "libdnet 1.18.0"
| #define PACKAGE_BUGREPORT ""
| #define PACKAGE_URL ""
| #define PACKAGE "libdnet"
| #define VERSION "1.18.0"
| #define HAVE_STDIO_H 1
| #define HAVE_STDLIB_H 1
| #define HAVE_STRING_H 1
| #define HAVE_INTTYPES_H 1
| #define HAVE_STDINT_H 1
| #define HAVE_STRINGS_H 1
| #define HAVE_SYS_STAT_H 1
| #define HAVE_SYS_TYPES_H 1
| #define HAVE_UNISTD_H 1
| #define STDC_HEADERS 1
| #define HAVE_DLFCN_H 1
| #define LT_OBJDIR ".libs/"
| #define HAVE_FCNTL_H 1
| #define HAVE_UNISTD_H 1
| #define HAVE_SYS_IOCTL_H 1
| #define HAVE_SYS_SOCKET_H 1
| #define HAVE_SYS_TIME_H 1
| #define HAVE_NET_IF_H 1
| #define HAVE_NET_IF_ARP_H 1
| #define HAVE_NET_ROUTE_H 1
| #define HAVE_LINUX_IF_TUN_H 1
| /* end confdefs.h.  */
| #include <stddef.h>
| #ifdef HAVE_STDIO_H
| # include <stdio.h>
| #endif
| #ifdef HAVE_STDLIB_H
| # include <stdlib.h>
| #endif
| #ifdef HAVE_STRING_H
| # include <string.h>
| #endif
| #ifdef HAVE_INTTYPES_H
| # include <inttypes.h>
| #endif
| #ifdef HAVE_STDINT_H
| # include <stdint.h>
| #endif
| #ifdef HAVE_STRINGS_H
| # include <strings.h>
| #endif
| #ifdef HAVE_SYS_TYPES_H
| # include <sys/types.h>
| #endif
| #ifdef HAVE_SYS_STAT_H
| # include <sys/stat.h>
| #endif
| #ifdef HAVE_UNISTD_H
| # include <unistd.h>
| #endif
| #include <ip_compat.h>
configure:14995: result: no
configure:15001: checking for netinet/ip_compat.h
configure:15001: clang -c -g -O2  conftest.c >&5
conftest.c:60:10: fatal error: 'netinet/ip_compat.h' file not found
   60 | #include <netinet/ip_compat.h>
      |          ^~~~~~~~~~~~~~~~~~~~~
1 error generated.
configure:15001: $? = 1
configure: failed program was:
| /* confdefs.h */
| #define PACKAGE_NAME "libdnet"
| #define PACKAGE_TARNAME "libdnet"
| #define PACKAGE_VERSION "1.18.0"
| #define PACKAGE_STRING "libdnet 1.18.0"
| #define PACKAGE_BUGREPORT ""
| #define PACKAGE_URL ""
| #define PACKAGE "libdnet"
| #define VERSION "1.18.0"
| #define HAVE_STDIO_H 1
| #define HAVE_STDLIB_H 1
| #define HAVE_STRING_H 1
| #define HAVE_INTTYPES_H 1
| #define HAVE_STDINT_H 1
| #define HAVE_STRINGS_H 1
| #define HAVE_SYS_STAT_H 1
| #define HAVE_SYS_TYPES_H 1
| #define HAVE_UNISTD_H 1
| #define STDC_HEADERS 1
| #define HAVE_DLFCN_H 1
| #define LT_OBJDIR ".libs/"
| #define HAVE_FCNTL_H 1
| #define HAVE_UNISTD_H 1
| #define HAVE_SYS_IOCTL_H 1
| #define HAVE_SYS_SOCKET_H 1
| #define HAVE_SYS_TIME_H 1
| #define HAVE_NET_IF_H 1
| #define HAVE_NET_IF_ARP_H 1
| #define HAVE_NET_ROUTE_H 1
| #define HAVE_LINUX_IF_TUN_H 1
| /* end confdefs.h.  */
| #include <stddef.h>
| #ifdef HAVE_STDIO_H
| # include <stdio.h>
| #endif
| #ifdef HAVE_STDLIB_H
| # include <stdlib.h>
| #endif
| #ifdef HAVE_STRING_H
| # include <string.h>
| #endif
| #ifdef HAVE_INTTYPES_H
| # include <inttypes.h>
| #endif
| #ifdef HAVE_STDINT_H
| # include <stdint.h>
| #endif
| #ifdef HAVE_STRINGS_H
| # include <strings.h>
| #endif
| #ifdef HAVE_SYS_TYPES_H
| # include <sys/types.h>
| #endif
| #ifdef HAVE_SYS_STAT_H
| # include <sys/stat.h>
| #endif
| #ifdef HAVE_UNISTD_H
| # include <unistd.h>
| #endif
| #include <netinet/ip_compat.h>
configure:15001: result: no
configure:15007: checking for ip_fil.h
configure:15007: clang -c -g -O2  conftest.c >&5
conftest.c:60:10: fatal error: 'ip_fil.h' file not found
   60 | #include <ip_fil.h>
      |          ^~~~~~~~~~
1 error generated.
configure:15007: $? = 1
configure: failed program was:
| /* confdefs.h */
| #define PACKAGE_NAME "libdnet"
| #define PACKAGE_TARNAME "libdnet"
| #define PACKAGE_VERSION "1.18.0"
| #define PACKAGE_STRING "libdnet 1.18.0"
| #define PACKAGE_BUGREPORT ""
| #define PACKAGE_URL ""
| #define PACKAGE "libdnet"
| #define VERSION "1.18.0"
| #define HAVE_STDIO_H 1
| #define HAVE_STDLIB_H 1
| #define HAVE_STRING_H 1
| #define HAVE_INTTYPES_H 1
| #define HAVE_STDINT_H 1
| #define HAVE_STRINGS_H 1
| #define HAVE_SYS_STAT_H 1
| #define HAVE_SYS_TYPES_H 1
| #define HAVE_UNISTD_H 1
| #define STDC_HEADERS 1
| #define HAVE_DLFCN_H 1
| #define LT_OBJDIR ".libs/"
| #define HAVE_FCNTL_H 1
| #define HAVE_UNISTD_H 1
| #define HAVE_SYS_IOCTL_H 1
| #define HAVE_SYS_SOCKET_H 1
| #define HAVE_SYS_TIME_H 1
| #define HAVE_NET_IF_H 1
| #define HAVE_NET_IF_ARP_H 1
| #define HAVE_NET_ROUTE_H 1
| #define HAVE_LINUX_IF_TUN_H 1
| /* end confdefs.h.  */
| #include <stddef.h>
| #ifdef HAVE_STDIO_H
| # include <stdio.h>
| #endif
| #ifdef HAVE_STDLIB_H
| # include <stdlib.h>
| #endif
| #ifdef HAVE_STRING_H
| # include <string.h>
| #endif
| #ifdef HAVE_INTTYPES_H
| # include <inttypes.h>
| #endif
| #ifdef HAVE_STDINT_H
| # include <stdint.h>
| #endif
| #ifdef HAVE_STRINGS_H
| # include <strings.h>
| #endif
| #ifdef HAVE_SYS_TYPES_H
| # include <sys/types.h>
| #endif
| #ifdef HAVE_SYS_STAT_H
| # include <sys/stat.h>
| #endif
| #ifdef HAVE_UNISTD_H
| # include <unistd.h>
| #endif
| #include <ip_fil.h>
configure:15007: result: no
configure:15013: checking for netinet/ip_fil.h
configure:15013: clang -c -g -O2  conftest.c >&5
conftest.c:60:10: fatal error: 'netinet/ip_fil.h' file not found
   60 | #include <netinet/ip_fil.h>
      |          ^~~~~~~~~~~~~~~~~~
1 error generated.
configure:15013: $? = 1
configure: failed program was:
| /* confdefs.h */
| #define PACKAGE_NAME "libdnet"
| #define PACKAGE_TARNAME "libdnet"
| #define PACKAGE_VERSION "1.18.0"
| #define PACKAGE_STRING "libdnet 1.18.0"
| #define PACKAGE_BUGREPORT ""
| #define PACKAGE_URL ""
| #define PACKAGE "libdnet"
| #define VERSION "1.18.0"
| #define HAVE_STDIO_H 1
| #define HAVE_STDLIB_H 1
| #define HAVE_STRING_H 1
| #define HAVE_INTTYPES_H 1
| #define HAVE_STDINT_H 1
| #define HAVE_STRINGS_H 1
| #define HAVE_SYS_STAT_H 1
| #define HAVE_SYS_TYPES_H 1
| #define HAVE_UNISTD_H 1
| #define STDC_HEADERS 1
| #define HAVE_DLFCN_H 1
| #define LT_OBJDIR ".libs/"
| #define HAVE_FCNTL_H 1
| #define HAVE_UNISTD_H 1
| #define HAVE_SYS_IOCTL_H 1
| #define HAVE_SYS_SOCKET_H 1
| #define HAVE_SYS_TIME_H 1
| #define HAVE_NET_IF_H 1
| #define HAVE_NET_IF_ARP_H 1
| #define HAVE_NET_ROUTE_H 1
| #define HAVE_LINUX_IF_TUN_H 1
| /* end confdefs.h.  */
| #include <stddef.h>
| #ifdef HAVE_STDIO_H
| # include <stdio.h>
| #endif
| #ifdef HAVE_STDLIB_H
| # include <stdlib.h>
| #endif
| #ifdef HAVE_STRING_H
| # include <string.h>
| #endif
| #ifdef HAVE_INTTYPES_H
| # include <inttypes.h>
| #endif
| #ifdef HAVE_STDINT_H
| # include <stdint.h>
| #endif
| #ifdef HAVE_STRINGS_H
| # include <strings.h>
| #endif
| #ifdef HAVE_SYS_TYPES_H
| # include <sys/types.h>
| #endif
| #ifdef HAVE_SYS_STAT_H
| # include <sys/stat.h>
| #endif
| #ifdef HAVE_UNISTD_H
| # include <unistd.h>
| #endif
| #include <netinet/ip_fil.h>
configure:15013: result: no
configure:15020: checking for hpsecurity.h
configure:15020: clang -c -g -O2  conftest.c >&5
conftest.c:60:10: fatal error: 'hpsecurity.h' file not found
   60 | #include <hpsecurity.h>
      |          ^~~~~~~~~~~~~~
1 error generated.
configure:15020: $? = 1
configure: failed program was:
| /* confdefs.h */
| #define PACKAGE_NAME "libdnet"
| #define PACKAGE_TARNAME "libdnet"
| #define PACKAGE_VERSION "1.18.0"
| #define PACKAGE_STRING "libdnet 1.18.0"
| #define PACKAGE_BUGREPORT ""
| #define PACKAGE_URL ""
| #define PACKAGE "libdnet"
| #define VERSION "1.18.0"
| #define HAVE_STDIO_H 1
| #define HAVE_STDLIB_H 1
| #define HAVE_STRING_H 1
| #define HAVE_INTTYPES_H 1
| #define HAVE_STDINT_H 1
| #define HAVE_STRINGS_H 1
| #define HAVE_SYS_STAT_H 1
| #define HAVE_SYS_TYPES_H 1
| #define HAVE_UNISTD_H 1
| #define STDC_HEADERS 1
| #define HAVE_DLFCN_H 1
| #define LT_OBJDIR ".libs/"
| #define HAVE_FCNTL_H 1
| #define HAVE_UNISTD_H 1
| #define HAVE_SYS_IOCTL_H 1
| #define HAVE_SYS_SOCKET_H 1
| #define HAVE_SYS_TIME_H 1
| #define HAVE_NET_IF_H 1
| #define HAVE_NET_IF_ARP_H 1
| #define HAVE_NET_ROUTE_H 1
| #define HAVE_LINUX_IF_TUN_H 1
| /* end confdefs.h.  */
| #include <stddef.h>
| #ifdef HAVE_STDIO_H
| # include <stdio.h>
| #endif
| #ifdef HAVE_STDLIB_H
| # include <stdlib.h>
| #endif
| #ifdef HAVE_STRING_H
| # include <string.h>
| #endif
| #ifdef HAVE_INTTYPES_H
| # include <inttypes.h>
| #endif
| #ifdef HAVE_STDINT_H
| # include <stdint.h>
| #endif
| #ifdef HAVE_STRINGS_H
| # include <strings.h>
| #endif
| #ifdef HAVE_SYS_TYPES_H
| # include <sys/types.h>
| #endif
| #ifdef HAVE_SYS_STAT_H
| # include <sys/stat.h>
| #endif
| #ifdef HAVE_UNISTD_H
| # include <unistd.h>
| #endif
| #include <hpsecurity.h>
configure:15020: result: no
configure:15026: checking for stropts.h
configure:15026: clang -c -g -O2  conftest.c >&5
conftest.c:60:10: fatal error: 'stropts.h' file not found
   60 | #include <stropts.h>
      |          ^~~~~~~~~~~
1 error generated.
configure:15026: $? = 1
configure: failed program was:
| /* confdefs.h */
| #define PACKAGE_NAME "libdnet"
| #define PACKAGE_TARNAME "libdnet"
| #define PACKAGE_VERSION "1.18.0"
| #define PACKAGE_STRING "libdnet 1.18.0"
| #define PACKAGE_BUGREPORT ""
| #define PACKAGE_URL ""
| #define PACKAGE "libdnet"
| #define VERSION "1.18.0"
| #define HAVE_STDIO_H 1
| #define HAVE_STDLIB_H 1
| #define HAVE_STRING_H 1
| #define HAVE_INTTYPES_H 1
| #define HAVE_STDINT_H 1
| #define HAVE_STRINGS_H 1
| #define HAVE_SYS_STAT_H 1
| #define HAVE_SYS_TYPES_H 1
| #define HAVE_UNISTD_H 1
| #define STDC_HEADERS 1
| #define HAVE_DLFCN_H 1
| #define LT_OBJDIR ".libs/"
| #define HAVE_FCNTL_H 1
| #define HAVE_UNISTD_H 1
| #define HAVE_SYS_IOCTL_H 1
| #define HAVE_SYS_SOCKET_H 1
| #define HAVE_SYS_TIME_H 1
| #define HAVE_NET_IF_H 1
| #define HAVE_NET_IF_ARP_H 1
| #define HAVE_NET_ROUTE_H 1
| #define HAVE_LINUX_IF_TUN_H 1
| /* end confdefs.h.  */
| #include <stddef.h>
| #ifdef HAVE_STDIO_H
| # include <stdio.h>
| #endif
| #ifdef HAVE_STDLIB_H
| # include <stdlib.h>
| #endif
| #ifdef HAVE_STRING_H
| # include <string.h>
| #endif
| #ifdef HAVE_INTTYPES_H
| # include <inttypes.h>
| #endif
| #ifdef HAVE_STDINT_H
| # include <stdint.h>
| #endif
| #ifdef HAVE_STRINGS_H
| # include <strings.h>
| #endif
| #ifdef HAVE_SYS_TYPES_H
| # include <sys/types.h>
| #endif
| #ifdef HAVE_SYS_STAT_H
| # include <sys/stat.h>
| #endif
| #ifdef HAVE_UNISTD_H
| # include <unistd.h>
| #endif
| #include <stropts.h>
configure:15026: result: no
configure:15034: checking for bsd/string.h
configure:15034: clang -c -g -O2  conftest.c >&5
conftest.c:60:10: fatal error: 'bsd/string.h' file not found
   60 | #include <bsd/string.h>
      |          ^~~~~~~~~~~~~~
1 error generated.
configure:15034: $? = 1
configure: failed program was:
| /* confdefs.h */
| #define PACKAGE_NAME "libdnet"
| #define PACKAGE_TARNAME "libdnet"
| #define PACKAGE_VERSION "1.18.0"
| #define PACKAGE_STRING "libdnet 1.18.0"
| #define PACKAGE_BUGREPORT ""
| #define PACKAGE_URL ""
| #define PACKAGE "libdnet"
| #define VERSION "1.18.0"
| #define HAVE_STDIO_H 1
| #define HAVE_STDLIB_H 1
| #define HAVE_STRING_H 1
| #define HAVE_INTTYPES_H 1
| #define HAVE_STDINT_H 1
| #define HAVE_STRINGS_H 1
| #define HAVE_SYS_STAT_H 1
| #define HAVE_SYS_TYPES_H 1
| #define HAVE_UNISTD_H 1
| #define STDC_HEADERS 1
| #define HAVE_DLFCN_H 1
| #define LT_OBJDIR ".libs/"
| #define HAVE_FCNTL_H 1
| #define HAVE_UNISTD_H 1
| #define HAVE_SYS_IOCTL_H 1
| #define HAVE_SYS_SOCKET_H 1
| #define HAVE_SYS_TIME_H 1
| #define HAVE_NET_IF_H 1
| #define HAVE_NET_IF_ARP_H 1
| #define HAVE_NET_ROUTE_H 1
| #define HAVE_LINUX_IF_TUN_H 1
| /* end confdefs.h.  */
| #include <stddef.h>
| #ifdef HAVE_STDIO_H
| # include <stdio.h>
| #endif
| #ifdef HAVE_STDLIB_H
| # include <stdlib.h>
| #endif
| #ifdef HAVE_STRING_H
| # include <string.h>
| #endif
| #ifdef HAVE_INTTYPES_H
| # include <inttypes.h>
| #endif
| #ifdef HAVE_STDINT_H
| # include <stdint.h>
| #endif
| #ifdef HAVE_STRINGS_H
| # include <strings.h>
| #endif
| #ifdef HAVE_SYS_TYPES_H
| # include <sys/types.h>
| #endif
| #ifdef HAVE_SYS_STAT_H
| # include <sys/stat.h>
| #endif
| #ifdef HAVE_UNISTD_H
| # include <unistd.h>
| #endif
| #include <bsd/string.h>
configure:15034: result: no
configure:15048: checking for an ANSI C-conforming const
configure:15115: clang -c -g -O2  conftest.c >&5
configure:15115: $? = 0
configure:15125: result: yes
configure:15133: checking for inline
configure:15150: clang -c -g -O2  conftest.c >&5
configure:15150: $? = 0
configure:15160: result: inline
configure:15179: checking for pid_t
configure:15179: clang -c -g -O2  conftest.c >&5
configure:15179: $? = 0
configure:15179: clang -c -g -O2  conftest.c >&5
conftest.c:64:20: error: expected expression
   64 | if (sizeof ((pid_t)))
      |                    ^
1 error generated.
configure:15179: $? = 1
configure: failed program was:
| /* confdefs.h */
| #define PACKAGE_NAME "libdnet"
| #define PACKAGE_TARNAME "libdnet"
| #define PACKAGE_VERSION "1.18.0"
| #define PACKAGE_STRING "libdnet 1.18.0"
| #define PACKAGE_BUGREPORT ""
| #define PACKAGE_URL ""
| #define PACKAGE "libdnet"
| #define VERSION "1.18.0"
| #define HAVE_STDIO_H 1
| #define HAVE_STDLIB_H 1
| #define HAVE_STRING_H 1
| #define HAVE_INTTYPES_H 1
| #define HAVE_STDINT_H 1
| #define HAVE_STRINGS_H 1
| #define HAVE_SYS_STAT_H 1
| #define HAVE_SYS_TYPES_H 1
| #define HAVE_UNISTD_H 1
| #define STDC_HEADERS 1
| #define HAVE_DLFCN_H 1
| #define LT_OBJDIR ".libs/"
| #define HAVE_FCNTL_H 1
| #define HAVE_UNISTD_H 1
| #define HAVE_SYS_IOCTL_H 1
| #define HAVE_SYS_SOCKET_H 1
| #define HAVE_SYS_TIME_H 1
| #define HAVE_NET_IF_H 1
| #define HAVE_NET_IF_ARP_H 1
| #define HAVE_NET_ROUTE_H 1
| #define HAVE_LINUX_IF_TUN_H 1
| /* end confdefs.h.  */
| #include <stddef.h>
| #ifdef HAVE_STDIO_H
| # include <stdio.h>
| #endif
| #ifdef HAVE_STDLIB_H
| # include <stdlib.h>
| #endif
| #ifdef HAVE_STRING_H
| # include <string.h>
| #endif
| #ifdef HAVE_INTTYPES_H
| # include <inttypes.h>
| #endif
| #ifdef HAVE_STDINT_H
| # include <stdint.h>
| #endif
| #ifdef HAVE_STRINGS_H
| # include <strings.h>
| #endif
| #ifdef HAVE_SYS_TYPES_H
| # include <sys/types.h>
| #endif
| #ifdef HAVE_SYS_STAT_H
| # include <sys/stat.h>
| #endif
| #ifdef HAVE_UNISTD_H
| # include <unistd.h>
| #endif
| 
| int
| main (void)
| {
| if (sizeof ((pid_t)))
| 	    return 0;
|   ;
|   return 0;
| }
configure:15179: result: yes
configure:15217: checking for size_t
configure:15217: clang -c -g -O2  conftest.c >&5
configure:15217: $? = 0
configure:15217: clang -c -g -O2  conftest.c >&5
conftest.c:63:21: error: expected expression
   63 | if (sizeof ((size_t)))
      |                     ^
1 error generated.
configure:15217: $? = 1
configure: failed program was:
| /* confdefs.h */
| #define PACKAGE_NAME "libdnet"
| #define PACKAGE_TARNAME "libdnet"
| #define PACKAGE_VERSION "1.18.0"
| #define PACKAGE_STRING "libdnet 1.18.0"
| #define PACKAGE_BUGREPORT ""
| #define PACKAGE_URL ""
| #define PACKAGE "libdnet"
| #define VERSION "1.18.0"
| #define HAVE_STDIO_H 1
| #define HAVE_STDLIB_H 1
| #define HAVE_STRING_H 1
| #define HAVE_INTTYPES_H 1
| #define HAVE_STDINT_H 1
| #define HAVE_STRINGS_H 1
| #define HAVE_SYS_STAT_H 1
| #define HAVE_SYS_TYPES_H 1
| #define HAVE_UNISTD_H 1
| #define STDC_HEADERS 1
| #define HAVE_DLFCN_H 1
| #define LT_OBJDIR ".libs/"
| #define HAVE_FCNTL_H 1
| #define HAVE_UNISTD_H 1
| #define HAVE_SYS_IOCTL_H 1
| #define HAVE_SYS_SOCKET_H 1
| #define HAVE_SYS_TIME_H 1
| #define HAVE_NET_IF_H 1
| #define HAVE_NET_IF_ARP_H 1
| #define HAVE_NET_ROUTE_H 1
| #define HAVE_LINUX_IF_TUN_H 1
| /* end confdefs.h.  */
| #include <stddef.h>
| #ifdef HAVE_STDIO_H
| # include <stdio.h>
| #endif
| #ifdef HAVE_STDLIB_H
| # include <stdlib.h>
| #endif
| #ifdef HAVE_STRING_H
| # include <string.h>
| #endif
| #ifdef HAVE_INTTYPES_H
| # include <inttypes.h>
| #endif
| #ifdef HAVE_STDINT_H
| # include <stdint.h>
| #endif
| #ifdef HAVE_STRINGS_H
| # include <strings.h>
| #endif
| #ifdef HAVE_SYS_TYPES_H
| # include <sys/types.h>
| #endif
| #ifdef HAVE_SYS_STAT_H
| # include <sys/stat.h>
| #endif
| #ifdef HAVE_UNISTD_H
| # include <unistd.h>
| #endif
| int
| main (void)
| {
| if (sizeof ((size_t)))
| 	    return 0;
|   ;
|   return 0;
| }
configure:15217: result: yes
configure:15228: checking for sockaddr_in6 struct in <netinet/in.h>
configure:15247: clang -c -g -O2  conftest.c >&5
configure:15247: $? = 0
configure:15258: result: yes
configure:15266: checking for sa_len in sockaddr struct
configure:15287: clang -c -g -O2  conftest.c >&5
conftest.c:41:42: error: no member named 'sa_len' in 'struct sockaddr'
   41 | u_int i = sizeof(((struct sockaddr *)0)->sa_len)
      |                  ~~~~~~~~~~~~~~~~~~~~~~  ^
1 error generated.
configure:15287: $? = 1
configure: failed program was:
| /* confdefs.h */
| #define PACKAGE_NAME "libdnet"
| #define PACKAGE_TARNAME "libdnet"
| #define PACKAGE_VERSION "1.18.0"
| #define PACKAGE_STRING "libdnet 1.18.0"
| #define PACKAGE_BUGREPORT ""
| #define PACKAGE_URL ""
| #define PACKAGE "libdnet"
| #define VERSION "1.18.0"
| #define HAVE_STDIO_H 1
| #define HAVE_STDLIB_H 1
| #define HAVE_STRING_H 1
| #define HAVE_INTTYPES_H 1
| #define HAVE_STDINT_H 1
| #define HAVE_STRINGS_H 1
| #define HAVE_SYS_STAT_H 1
| #define HAVE_SYS_TYPES_H 1
| #define HAVE_UNISTD_H 1
| #define STDC_HEADERS 1
| #define HAVE_DLFCN_H 1
| #define LT_OBJDIR ".libs/"
| #define HAVE_FCNTL_H 1
| #define HAVE_UNISTD_H 1
| #define HAVE_SYS_IOCTL_H 1
| #define HAVE_SYS_SOCKET_H 1
| #define HAVE_SYS_TIME_H 1
| #define HAVE_NET_IF_H 1
| #define HAVE_NET_IF_ARP_H 1
| #define HAVE_NET_ROUTE_H 1
| #define HAVE_LINUX_IF_TUN_H 1
| #define HAVE_SOCKADDR_IN6 1
| /* end confdefs.h.  */
| #ifndef _SOCKADDR_LEN
|                         #define _SOCKADDR_LEN 1
|                         #endif
|                         #include <sys/types.h>
|                         #include <sys/socket.h>
| int
| main (void)
| {
| u_int i = sizeof(((struct sockaddr *)0)->sa_len)
|   ;
|   return 0;
| }
configure:15298: result: no
configure:15307: checking for arp_dev in arpreq struct
configure:15326: clang -c -g -O2  conftest.c >&5
configure:15326: $? = 0
configure:15337: result: yes
configure:15346: checking for rt_msghdr struct in <net/route.h>
configure:15366: clang -c -g -O2  conftest.c >&5
conftest.c:41:18: error: variable has incomplete type 'struct rt_msghdr'
   41 | struct rt_msghdr rtm; rtm.rtm_msglen = 0;
      |                  ^
conftest.c:41:8: note: forward declaration of 'struct rt_msghdr'
   41 | struct rt_msghdr rtm; rtm.rtm_msglen = 0;
      |        ^
1 error generated.
configure:15366: $? = 1
configure: failed program was:
| /* confdefs.h */
| #define PACKAGE_NAME "libdnet"
| #define PACKAGE_TARNAME "libdnet"
| #define PACKAGE_VERSION "1.18.0"
| #define PACKAGE_STRING "libdnet 1.18.0"
| #define PACKAGE_BUGREPORT ""
| #define PACKAGE_URL ""
| #define PACKAGE "libdnet"
| #define VERSION "1.18.0"
| #define HAVE_STDIO_H 1
| #define HAVE_STDLIB_H 1
| #define HAVE_STRING_H 1
| #define HAVE_INTTYPES_H 1
| #define HAVE_STDINT_H 1
| #define HAVE_STRINGS_H 1
| #define HAVE_SYS_STAT_H 1
| #define HAVE_SYS_TYPES_H 1
| #define HAVE_UNISTD_H 1
| #define STDC_HEADERS 1
| #define HAVE_DLFCN_H 1
| #define LT_OBJDIR ".libs/"
| #define HAVE_FCNTL_H 1
| #define HAVE_UNISTD_H 1
| #define HAVE_SYS_IOCTL_H 1
| #define HAVE_SYS_SOCKET_H 1
| #define HAVE_SYS_TIME_H 1
| #define HAVE_NET_IF_H 1
| #define HAVE_NET_IF_ARP_H 1
| #define HAVE_NET_ROUTE_H 1
| #define HAVE_LINUX_IF_TUN_H 1
| #define HAVE_SOCKADDR_IN6 1
| #define HAVE_ARPREQ_ARP_DEV 1
| /* end confdefs.h.  */
| #include <sys/types.h>
|                     #include <sys/socket.h>
|                     #include <net/if.h>
|                     #include <net/route.h>
| int
| main (void)
| {
| struct rt_msghdr rtm; rtm.rtm_msglen = 0;
|   ;
|   return 0;
| }
configure:15377: result: no
configure:15390: checking for working memcmp
configure:15435: clang -o conftest -g -O2 -Wall   conftest.c  >&5
configure:15435: $? = 0
configure:15435: ./conftest
configure:15435: $? = 0
configure:15449: result: yes
configure:15458: checking for err
configure:15458: clang -o conftest -g -O2 -Wall   conftest.c  >&5
configure:15458: $? = 0
configure:15458: result: yes
configure:15472: checking for strlcat
configure:15472: clang -o conftest -g -O2 -Wall   conftest.c  >&5
configure:15472: $? = 0
configure:15472: result: yes
configure:15486: checking for strlcpy
configure:15486: clang -o conftest -g -O2 -Wall   conftest.c  >&5
configure:15486: $? = 0
configure:15486: result: yes
configure:15500: checking for strsep
configure:15500: clang -o conftest -g -O2 -Wall   conftest.c  >&5
configure:15500: $? = 0
configure:15500: result: yes
configure:15517: checking for Berkeley Packet Filter
configure:15531: result: no
configure:15538: checking for Linux proc filesystem
configure:15552: result: yes
configure:15559: checking for Linux PF_PACKET sockets
configure:15573: clang -c -g -O2 -Wall  conftest.c >&5
conftest.c:44:11: error: function definition is not allowed here
   44 | int foo() { return ETH_P_ALL; }
      |           ^
1 error generated.
configure:15573: $? = 1
configure: failed program was:
| /* confdefs.h */
| #define PACKAGE_NAME "libdnet"
| #define PACKAGE_TARNAME "libdnet"
| #define PACKAGE_VERSION "1.18.0"
| #define PACKAGE_STRING "libdnet 1.18.0"
| #define PACKAGE_BUGREPORT ""
| #define PACKAGE_URL ""
| #define PACKAGE "libdnet"
| #define VERSION "1.18.0"
| #define HAVE_STDIO_H 1
| #define HAVE_STDLIB_H 1
| #define HAVE_STRING_H 1
| #define HAVE_INTTYPES_H 1
| #define HAVE_STDINT_H 1
| #define HAVE_STRINGS_H 1
| #define HAVE_SYS_STAT_H 1
| #define HAVE_SYS_TYPES_H 1
| #define HAVE_UNISTD_H 1
| #define STDC_HEADERS 1
| #define HAVE_DLFCN_H 1
| #define LT_OBJDIR ".libs/"
| #define HAVE_FCNTL_H 1
| #define HAVE_UNISTD_H 1
| #define HAVE_SYS_IOCTL_H 1
| #define HAVE_SYS_SOCKET_H 1
| #define HAVE_SYS_TIME_H 1
| #define HAVE_NET_IF_H 1
| #define HAVE_NET_IF_ARP_H 1
| #define HAVE_NET_ROUTE_H 1
| #define HAVE_LINUX_IF_TUN_H 1
| #define HAVE_SOCKADDR_IN6 1
| #define HAVE_ARPREQ_ARP_DEV 1
| #define HAVE_ERR 1
| #define HAVE_STRLCAT 1
| #define HAVE_STRLCPY 1
| #define HAVE_STRSEP 1
| #define HAVE_LINUX_PROCFS 1
| /* end confdefs.h.  */
| #include <netpacket/packet.h>
|                     #include <linux/if_ether.h>
| int
| main (void)
| {
| int foo() { return ETH_P_ALL; }
|   ;
|   return 0;
| }
configure:15581: result: no
configure:15588: checking for SNMP MIB2 STREAMS
configure:15602: result: no
configure:15609: checking for route(7) STREAMS
configure:15623: result: no
configure:15630: checking for arp(7) ioctls
configure:15649: clang -c -g -O2 -Wall  conftest.c >&5
conftest.c:45:5: warning: unused variable 'foo' [-Wunused-variable]
   45 | int foo = SIOCGARP;
      |     ^~~
1 warning generated.
configure:15649: $? = 0
configure:15664: result: yes
configure:15671: checking for raw IP sockets ip_{len,off} host byte ordering
configure:15689: result: no
configure:15696: checking for cooked raw IP sockets
configure:15712: result: no
configure:16114: checking that generated files are newer than configure
configure:16120: result: done
configure:16163: creating ./config.status

## ---------------------- ##
## Running config.status. ##
## ---------------------- ##

This file was extended by libdnet config.status 1.18.0, which was
generated by GNU Autoconf 2.72.  Invocation command line was

  CONFIG_FILES    = 
  CONFIG_HEADERS  = 
  CONFIG_LINKS    = 
  CONFIG_COMMANDS = 
  $ ./config.status 

on FruitTo

config.status:1137: creating Makefile
config.status:1137: creating dnet-config
config.status:1137: creating include/Makefile
config.status:1137: creating include/dnet/Makefile
config.status:1137: creating man/Makefile
config.status:1137: creating src/Makefile
config.status:1137: creating python/Makefile
config.status:1137: creating python/setup.py
config.status:1137: creating python/dnet.pxd
config.status:1137: creating test/Makefile
config.status:1137: creating test/check/Makefile
config.status:1137: creating test/dnet/Makefile
config.status:1137: creating include/config.h
config.status:1366: executing depfiles commands
config.status:1366: executing libtool commands
config.status:1366: executing default commands

## ---------------- ##
## Cache variables. ##
## ---------------- ##

ac_cv_build=x86_64-pc-linux-gnu
ac_cv_c_compiler_gnu=yes
ac_cv_c_const=yes
ac_cv_c_inline=inline
ac_cv_dnet_arpreq_has_arp_dev=yes
ac_cv_dnet_bsd_bpf=no
ac_cv_dnet_ioctl_arp=yes
ac_cv_dnet_linux_pf_packet=no
ac_cv_dnet_linux_procfs=yes
ac_cv_dnet_netinet_in_h_has_sockaddr_in6=yes
ac_cv_dnet_rawip_cooked=no
ac_cv_dnet_rawip_host_offlen=no
ac_cv_dnet_route_h_has_rt_msghdr=no
ac_cv_dnet_sockaddr_has_sa_len=no
ac_cv_dnet_streams_mib2=no
ac_cv_dnet_streams_route=no
ac_cv_env_CC_set=set
ac_cv_env_CC_value=clang
ac_cv_env_CFLAGS_set=
ac_cv_env_CFLAGS_value=
ac_cv_env_CHECK_CFLAGS_set=
ac_cv_env_CHECK_CFLAGS_value=
ac_cv_env_CHECK_LIBS_set=
ac_cv_env_CHECK_LIBS_value=
ac_cv_env_CPPFLAGS_set=
ac_cv_env_CPPFLAGS_value=
ac_cv_env_LDFLAGS_set=
ac_cv_env_LDFLAGS_value=
ac_cv_env_LIBS_set=
ac_cv_env_LIBS_value=
ac_cv_env_LT_SYS_LIBRARY_PATH_set=
ac_cv_env_LT_SYS_LIBRARY_PATH_value=
ac_cv_env_PKG_CONFIG_LIBDIR_set=
ac_cv_env_PKG_CONFIG_LIBDIR_value=
ac_cv_env_PKG_CONFIG_PATH_set=
ac_cv_env_PKG_CONFIG_PATH_value=
ac_cv_env_PKG_CONFIG_set=
ac_cv_env_PKG_CONFIG_value=
ac_cv_env_build_alias_set=
ac_cv_env_build_alias_value=
ac_cv_env_host_alias_set=
ac_cv_env_host_alias_value=
ac_cv_env_target_alias_set=
ac_cv_env_target_alias_value=
ac_cv_func_err=yes
ac_cv_func_gethostbyname=yes
ac_cv_func_memcmp_working=yes
ac_cv_func_socket=yes
ac_cv_func_strlcat=yes
ac_cv_func_strlcpy=yes
ac_cv_func_strsep=yes
ac_cv_header_bsd_string_h=no
ac_cv_header_dlfcn_h=yes
ac_cv_header_fcntl_h=yes
ac_cv_header_hpsecurity_h=no
ac_cv_header_inttypes_h=yes
ac_cv_header_ip_compat_h=no
ac_cv_header_ip_fil_compat_h=no
ac_cv_header_ip_fil_h=no
ac_cv_header_linux_if_tun_h=yes
ac_cv_header_linux_ip_fw_h=no
ac_cv_header_linux_ip_fwchains_h=no
ac_cv_header_linux_netfilter_ipv4_ipchains_core_h=no
ac_cv_header_net_bpf_h=no
ac_cv_header_net_if_arp_h=yes
ac_cv_header_net_if_dl_h=no
ac_cv_header_net_if_h=yes
ac_cv_header_net_if_tun_h=no
ac_cv_header_net_if_var_h=no
ac_cv_header_net_pfilt_h=no
ac_cv_header_net_pfvar_h=no
ac_cv_header_net_radix_h=no
ac_cv_header_net_raw_h=no
ac_cv_header_net_route_h=yes
ac_cv_header_netinet_in_var_h=no
ac_cv_header_netinet_ip_compat_h=no
ac_cv_header_netinet_ip_fil_compat_h=no
ac_cv_header_netinet_ip_fil_h=no
ac_cv_header_netinet_ip_fw_h=no
ac_cv_header_stdint_h=yes
ac_cv_header_stdio_h=yes
ac_cv_header_stdlib_h=yes
ac_cv_header_string_h=yes
ac_cv_header_strings_h=yes
ac_cv_header_stropts_h=no
ac_cv_header_sys_bufmod_h=no
ac_cv_header_sys_dlpi_ext_h=no
ac_cv_header_sys_dlpi_h=no
ac_cv_header_sys_dlpihdr_h=no
ac_cv_header_sys_ioctl_h=yes
ac_cv_header_sys_mib_h=no
ac_cv_header_sys_ndd_var_h=no
ac_cv_header_sys_socket_h=yes
ac_cv_header_sys_sockio_h=no
ac_cv_header_sys_stat_h=yes
ac_cv_header_sys_sysctl_h=no
ac_cv_header_sys_time_h=yes
ac_cv_header_sys_types_h=yes
ac_cv_header_unistd_h=yes
ac_cv_host=x86_64-pc-linux-gnu
ac_cv_lib_nm_open_mib=no
ac_cv_lib_str_putmsg=no
ac_cv_objext=o
ac_cv_path_EGREP='/usr/bin/grep -E'
ac_cv_path_EGREP_TRADITIONAL='/usr/bin/grep -E'
ac_cv_path_FGREP='/usr/bin/grep -F'
ac_cv_path_GREP=/usr/bin/grep
ac_cv_path_SED=/usr/bin/sed
ac_cv_path_ac_pt_PKG_CONFIG=/usr/bin/pkg-config
ac_cv_path_install='/usr/bin/install -c'
ac_cv_path_lt_DD=/usr/bin/dd
ac_cv_path_mkdir=/usr/bin/mkdir
ac_cv_prog_AWK=mawk
ac_cv_prog_ac_ct_AR=ar
ac_cv_prog_ac_ct_CC=clang
ac_cv_prog_ac_ct_FILECMD=file
ac_cv_prog_ac_ct_MANIFEST_TOOL=mt
ac_cv_prog_ac_ct_OBJDUMP=objdump
ac_cv_prog_ac_ct_RANLIB=ranlib
ac_cv_prog_ac_ct_STRIP=strip
ac_cv_prog_cc_c11=
ac_cv_prog_cc_g=yes
ac_cv_prog_cc_stdc=
ac_cv_prog_make_make_set=yes
ac_cv_type_pid_t=yes
ac_cv_type_size_t=yes
am_cv_CC_dependencies_compiler_type=none
am_cv_make_support_nested_variables=yes
am_cv_prog_cc_c_o=yes
lt_cv_ar_at_file=@
lt_cv_archive_cmds_need_lc=no
lt_cv_deplibs_check_method=pass_all
lt_cv_file_magic_cmd='$MAGIC_CMD'
lt_cv_file_magic_test_file=
lt_cv_ld_reload_flag=-r
lt_cv_nm_interface='BSD nm'
lt_cv_objdir=.libs
lt_cv_path_LD=/usr/bin/ld
lt_cv_path_NM='/usr/bin/nm -B'
lt_cv_path_mainfest_tool=no
lt_cv_prog_compiler_c_o=yes
lt_cv_prog_compiler_pic='-fPIC -DPIC'
lt_cv_prog_compiler_pic_works=yes
lt_cv_prog_compiler_rtti_exceptions=yes
lt_cv_prog_compiler_static_works=yes
lt_cv_prog_gnu_ld=yes
lt_cv_sharedlib_from_linklib_cmd='printf %s\n'
lt_cv_shlibpath_overrides_runpath=yes
lt_cv_sys_global_symbol_pipe='/usr/bin/sed -n -e '\''s/^.*[	 ]\([ABCDGIRSTW][ABCDGIRSTW]*\)[	 ][	 ]*\([_A-Za-z][_A-Za-z0-9]*\)$/\1 \2 \2/p'\'' | /usr/bin/sed '\''/ __gnu_lto/d'\'''
lt_cv_sys_global_symbol_to_c_name_address='/usr/bin/sed -n -e '\''s/^: \(.*\) .*$/  {"\1", (void *) 0},/p'\'' -e '\''s/^[ABCDGIRSTW][ABCDGIRSTW]* .* \(.*\)$/  {"\1", (void *) \&\1},/p'\'''
lt_cv_sys_global_symbol_to_c_name_address_lib_prefix='/usr/bin/sed -n -e '\''s/^: \(.*\) .*$/  {"\1", (void *) 0},/p'\'' -e '\''s/^[ABCDGIRSTW][ABCDGIRSTW]* .* \(lib.*\)$/  {"\1", (void *) \&\1},/p'\'' -e '\''s/^[ABCDGIRSTW][ABCDGIRSTW]* .* \(.*\)$/  {"lib\1", (void *) \&\1},/p'\'''
lt_cv_sys_global_symbol_to_cdecl='/usr/bin/sed -n -e '\''s/^T .* \(.*\)$/extern int \1();/p'\'' -e '\''s/^[ABCDGIRSTW][ABCDGIRSTW]* .* \(.*\)$/extern char \1;/p'\'''
lt_cv_sys_global_symbol_to_import=
lt_cv_sys_max_cmd_len=1572864
lt_cv_to_host_file_cmd=func_convert_file_noop
lt_cv_to_tool_file_cmd=func_convert_file_noop
lt_cv_truncate_bin='/usr/bin/dd bs=4096 count=1'

## ----------------- ##
## Output variables. ##
## ----------------- ##

ACLOCAL='${SHELL} '\''/home/fruitto/Project/engine/bin/dependencies/libdnet/config/missing'\'' aclocal-1.16'
AMDEPBACKSLASH='\'
AMDEP_FALSE='#'
AMDEP_TRUE=''
AMTAR='$${TAR-tar}'
AM_BACKSLASH='\'
AM_DEFAULT_V='$(AM_DEFAULT_VERBOSITY)'
AM_DEFAULT_VERBOSITY='1'
AM_V='$(V)'
AR='ar'
AUTOCONF='${SHELL} '\''/home/fruitto/Project/engine/bin/dependencies/libdnet/config/missing'\'' autoconf'
AUTOHEADER='${SHELL} '\''/home/fruitto/Project/engine/bin/dependencies/libdnet/config/missing'\'' autoheader'
AUTOMAKE='${SHELL} '\''/home/fruitto/Project/engine/bin/dependencies/libdnet/config/missing'\'' automake-1.16'
AWK='mawk'
CC='clang'
CCDEPMODE='depmode=none'
CFLAGS='-g -O2 -Wall'
CHECKINC=''
CHECKLIB=''
CHECK_CFLAGS=''
CHECK_LIBS=''
CPPFLAGS=''
CSCOPE='cscope'
CTAGS='ctags'
CYGPATH_W='echo'
DEFS='-DHAVE_CONFIG_H'
DEPDIR='.deps'
DLLTOOL='false'
DSYMUTIL=''
DUMPBIN=''
ECHO_C=''
ECHO_N='-n'
ECHO_T=''
EGREP='/usr/bin/grep -E'
ETAGS='etags'
EXEEXT=''
FGREP='/usr/bin/grep -F'
FILECMD='file'
GREP='/usr/bin/grep'
HAVE_CHECK_FALSE=''
HAVE_CHECK_TRUE='#'
INSTALL_DATA='${INSTALL} -m 644'
INSTALL_PROGRAM='${INSTALL}'
INSTALL_SCRIPT='${INSTALL}'
INSTALL_STRIP_PROGRAM='$(install_sh) -c -s'
LD='/usr/bin/ld -m elf_x86_64'
LDFLAGS=''
LIBOBJS=' ${LIBOBJDIR}arp-ioctl$U.o ${LIBOBJDIR}eth-none$U.o ${LIBOBJDIR}fw-none$U.o ${LIBOBJDIR}intf$U.o ${LIBOBJDIR}ip$U.o ${LIBOBJDIR}route-linux$U.o ${LIBOBJDIR}ndisc-linux$U.o ${LIBOBJDIR}tun-linux$U.o'
LIBS=''
LIBTOOL='$(SHELL) $(top_builddir)/libtool'
LIPO=''
LN_S='ln -s'
LTLIBOBJS=' ${LIBOBJDIR}arp-ioctl$U.lo ${LIBOBJDIR}eth-none$U.lo ${LIBOBJDIR}fw-none$U.lo ${LIBOBJDIR}intf$U.lo ${LIBOBJDIR}ip$U.lo ${LIBOBJDIR}route-linux$U.lo ${LIBOBJDIR}ndisc-linux$U.lo ${LIBOBJDIR}tun-linux$U.lo'
LT_SYS_LIBRARY_PATH=''
MAINT='#'
MAINTAINER_MODE_FALSE=''
MAINTAINER_MODE_TRUE='#'
MAKEINFO='${SHELL} '\''/home/fruitto/Project/engine/bin/dependencies/libdnet/config/missing'\'' makeinfo'
MANIFEST_TOOL=':'
MKDIR_P='/usr/bin/mkdir -p'
NM='/usr/bin/nm -B'
NMEDIT=''
OBJDUMP='objdump'
OBJEXT='o'
OTOOL64=''
OTOOL=''
PACKAGE='libdnet'
PACKAGE_BUGREPORT=''
PACKAGE_NAME='libdnet'
PACKAGE_STRING='libdnet 1.18.0'
PACKAGE_TARNAME='libdnet'
PACKAGE_URL=''
PACKAGE_VERSION='1.18.0'
PATH_SEPARATOR=':'
PKG_CONFIG='/usr/bin/pkg-config'
PKG_CONFIG_LIBDIR=''
PKG_CONFIG_PATH=''
PYTHON=''
PYTHON_FALSE=''
PYTHON_TRUE='#'
RANLIB='ranlib'
SED='/usr/bin/sed'
SET_MAKE=''
SHELL='/bin/bash'
STRIP='strip'
STRLCPY_HEADER='string.h'
TCLINC=''
TCLLIB=''
TCL_FALSE=''
TCL_TRUE='#'
VERSION='1.18.0'
ac_aux_dir='./config/'
ac_ct_AR='ar'
ac_ct_CC='clang'
ac_ct_DUMPBIN=''
am__EXEEXT_FALSE=''
am__EXEEXT_TRUE='#'
am__fastdepCC_FALSE=''
am__fastdepCC_TRUE='#'
am__include='include'
am__isrc=''
am__leading_dot='.'
am__nodep='_no'
am__quote=''
am__tar='$${TAR-tar} chof - "$$tardir"'
am__untar='$${TAR-tar} xf -'
bindir='${exec_prefix}/bin'
build='x86_64-pc-linux-gnu'
build_alias=''
build_cpu='x86_64'
build_os='linux-gnu'
build_vendor='pc'
datadir='${datarootdir}'
datarootdir='${prefix}/share'
docdir='${datarootdir}/doc/${PACKAGE_TARNAME}'
dvidir='${docdir}'
exec_prefix='${prefix}'
host='x86_64-pc-linux-gnu'
host_alias=''
host_cpu='x86_64'
host_os='linux-gnu'
host_vendor='pc'
htmldir='${docdir}'
includedir='${prefix}/include'
infodir='${datarootdir}/info'
install_sh='${SHELL} /home/fruitto/Project/engine/bin/dependencies/libdnet/config/install-sh'
libdir='${exec_prefix}/lib'
libexecdir='${exec_prefix}/libexec'
localedir='${datarootdir}/locale'
localstatedir='${prefix}/var'
mandir='${datarootdir}/man'
mkdir_p='$(MKDIR_P)'
oldincludedir='/usr/include'
pdfdir='${docdir}'
prefix='/home/fruitto/Project/engine/bin/dependencies/dependencies'
program_transform_name='s,x,x,'
psdir='${docdir}'
runstatedir='${localstatedir}/run'
sbindir='${exec_prefix}/sbin'
sharedstatedir='${prefix}/com'
sysconfdir='${prefix}/etc'
target_alias=''

## ----------- ##
## confdefs.h. ##
## ----------- ##

/* confdefs.h */
#define PACKAGE_NAME "libdnet"
#define PACKAGE_TARNAME "libdnet"
#define PACKAGE_VERSION "1.18.0"
#define PACKAGE_STRING "libdnet 1.18.0"
#define PACKAGE_BUGREPORT ""
#define PACKAGE_URL ""
#define PACKAGE "libdnet"
#define VERSION "1.18.0"
#define HAVE_STDIO_H 1
#define HAVE_STDLIB_H 1
#define HAVE_STRING_H 1
#define HAVE_INTTYPES_H 1
#define HAVE_STDINT_H 1
#define HAVE_STRINGS_H 1
#define HAVE_SYS_STAT_H 1
#define HAVE_SYS_TYPES_H 1
#define HAVE_UNISTD_H 1
#define STDC_HEADERS 1
#define HAVE_DLFCN_H 1
#define LT_OBJDIR ".libs/"
#define HAVE_FCNTL_H 1
#define HAVE_UNISTD_H 1
#define HAVE_SYS_IOCTL_H 1
#define HAVE_SYS_SOCKET_H 1
#define HAVE_SYS_TIME_H 1
#define HAVE_NET_IF_H 1
#define HAVE_NET_IF_ARP_H 1
#define HAVE_NET_ROUTE_H 1
#define HAVE_LINUX_IF_TUN_H 1
#define HAVE_SOCKADDR_IN6 1
#define HAVE_ARPREQ_ARP_DEV 1
#define HAVE_ERR 1
#define HAVE_STRLCAT 1
#define HAVE_STRLCPY 1
#define HAVE_STRSEP 1
#define HAVE_LINUX_PROCFS 1
#define HAVE_IOCTL_ARP 1

configure: exit 0
