This file contains any messages produced by compilers while
running configure, to aid debugging if configure makes a mistake.

It was created by libdaq configure 3.0.20, which was
generated by GNU Autoconf 2.71.  Invocation command line was

  $ ./configure --prefix=/home/fruitto/Project/engine/bin/dependencies

## --------- ##
## Platform. ##
## --------- ##

hostname = FruitTo
uname -m = x86_64
uname -r = 6.11.0-29-generic
uname -s = Linux
uname -v = #29~24.04.1-Ubuntu SMP PREEMPT_DYNAMIC Thu Jun 26 14:16:59 UTC 2

/usr/bin/uname -p = x86_64
/bin/uname -X     = unknown

/bin/arch              = x86_64
/usr/bin/arch -k       = unknown
/usr/convex/getsysinfo = unknown
/usr/bin/hostinfo      = unknown
/bin/machine           = unknown
/usr/bin/oslevel       = unknown
/bin/universe          = unknown

PATH: /usr/local/sbin/
PATH: /usr/local/bin/
PATH: /usr/sbin/
PATH: /usr/bin/
PATH: /sbin/
PATH: /bin/
PATH: /usr/games/
PATH: /usr/local/games/
PATH: /snap/bin/
PATH: /snap/bin/


## ----------- ##
## Core tests. ##
## ----------- ##

configure:3082: looking for aux files: config.guess config.sub ltmain.sh ar-lib compile missing install-sh
configure:3095:  trying ./
configure:3124:   ./config.guess found
configure:3124:   ./config.sub found
configure:3124:   ./ltmain.sh found
configure:3124:   ./ar-lib found
configure:3124:   ./compile found
configure:3124:   ./missing found
configure:3106:   ./install-sh found
configure:3257: checking for a BSD-compatible install
configure:3330: result: /usr/bin/install -c
configure:3341: checking whether build environment is sane
configure:3396: result: yes
configure:3555: checking for a race-free mkdir -p
configure:3599: result: /usr/bin/mkdir -p
configure:3606: checking for gawk
configure:3641: result: no
configure:3606: checking for mawk
configure:3627: found /usr/bin/mawk
configure:3638: result: mawk
configure:3649: checking whether make sets $(MAKE)
configure:3672: result: yes
configure:3702: checking whether make supports nested variables
configure:3720: result: yes
configure:3924: checking for gcc
configure:3956: result: clang
configure:4309: checking for C compiler version
configure:4318: clang --version >&5
Ubuntu clang version 18.1.3 (1ubuntu1)
Target: x86_64-pc-linux-gnu
Thread model: posix
InstalledDir: /usr/bin
configure:4329: $? = 0
configure:4318: clang -v >&5
Ubuntu clang version 18.1.3 (1ubuntu1)
Target: x86_64-pc-linux-gnu
Thread model: posix
InstalledDir: /usr/bin
Found candidate GCC installation: /usr/bin/../lib/gcc/x86_64-linux-gnu/13
Selected GCC installation: /usr/bin/../lib/gcc/x86_64-linux-gnu/13
Candidate multilib: .;@m64
Selected multilib: .;@m64
configure:4329: $? = 0
configure:4318: clang -V >&5
clang: error: argument to '-V' is missing (expected 1 value)
clang: error: no input files
configure:4329: $? = 1
configure:4318: clang -qversion >&5
clang: error: unknown argument '-qversion'; did you mean '--version'?
clang: error: no input files
configure:4329: $? = 1
configure:4318: clang -version >&5
clang: error: unknown argument '-version'; did you mean '--version'?
clang: error: no input files
configure:4329: $? = 1
configure:4349: checking whether the C compiler works
configure:4371: clang    conftest.c  >&5
configure:4375: $? = 0
configure:4425: result: yes
configure:4428: checking for C compiler default output file name
configure:4430: result: a.out
configure:4436: checking for suffix of executables
configure:4443: clang -o conftest    conftest.c  >&5
configure:4447: $? = 0
configure:4470: result: 
configure:4492: checking whether we are cross compiling
configure:4500: clang -o conftest    conftest.c  >&5
configure:4504: $? = 0
configure:4511: ./conftest
configure:4515: $? = 0
configure:4530: result: no
configure:4535: checking for suffix of object files
configure:4558: clang -c   conftest.c >&5
configure:4562: $? = 0
configure:4584: result: o
configure:4588: checking whether the compiler supports GNU C
configure:4608: clang -c   conftest.c >&5
configure:4608: $? = 0
configure:4618: result: yes
configure:4629: checking whether clang accepts -g
configure:4650: clang -c -g  conftest.c >&5
configure:4650: $? = 0
configure:4694: result: yes
configure:4714: checking for clang option to enable C11 features
configure:4729: clang  -c -g -O2  conftest.c >&5
conftest.c:25:14: warning: a function definition without a prototype is deprecated in all versions of C and is not supported in C23 [-Wdeprecated-non-prototype]
   25 | static char *e (p, i)
      |              ^
1 warning generated.
configure:4729: $? = 0
configure:4747: result: none needed
configure:4863: checking whether clang understands -c and -o together
configure:4886: clang -c conftest.c -o conftest2.o
configure:4889: $? = 0
configure:4886: clang -c conftest.c -o conftest2.o
configure:4889: $? = 0
configure:4901: result: yes
configure:4921: checking whether make supports the include directive
configure:4936: make -f confmf.GNU && cat confinc.out
this is the am__doit target
configure:4939: $? = 0
configure:4958: result: yes (GNU style)
configure:4984: checking dependency style of clang
configure:5096: result: gcc3
configure:5240: checking for C++ compiler version
configure:5249: clang++ --version >&5
Ubuntu clang version 18.1.3 (1ubuntu1)
Target: x86_64-pc-linux-gnu
Thread model: posix
InstalledDir: /usr/bin
configure:5260: $? = 0
configure:5249: clang++ -v >&5
Ubuntu clang version 18.1.3 (1ubuntu1)
Target: x86_64-pc-linux-gnu
Thread model: posix
InstalledDir: /usr/bin
Found candidate GCC installation: /usr/bin/../lib/gcc/x86_64-linux-gnu/13
Selected GCC installation: /usr/bin/../lib/gcc/x86_64-linux-gnu/13
Candidate multilib: .;@m64
Selected multilib: .;@m64
configure:5260: $? = 0
configure:5249: clang++ -V >&5
clang++: error: argument to '-V' is missing (expected 1 value)
clang++: error: no input files
configure:5260: $? = 1
configure:5249: clang++ -qversion >&5
clang++: error: unknown argument '-qversion'; did you mean '--version'?
clang++: error: no input files
configure:5260: $? = 1
configure:5264: checking whether the compiler supports GNU C++
configure:5284: clang++ -c   conftest.cpp >&5
configure:5284: $? = 0
configure:5294: result: yes
configure:5305: checking whether clang++ accepts -g
configure:5326: clang++ -c -g  conftest.cpp >&5
configure:5326: $? = 0
configure:5370: result: yes
configure:5390: checking for clang++ option to enable C++11 features
configure:5405: clang++  -c -g -O2  conftest.cpp >&5
conftest.cpp:177:25: warning: empty parentheses interpreted as a function declaration [-Wvexing-parse]
  177 |   cxx11test::delegate d2();
      |                         ^~
conftest.cpp:177:25: note: remove parentheses to declare a variable
  177 |   cxx11test::delegate d2();
      |                         ^~
1 warning generated.
configure:5405: $? = 0
configure:5423: result: none needed
configure:5489: checking dependency style of clang++
configure:5601: result: gcc3
configure:5672: checking for ar
configure:5693: found /usr/bin/ar
configure:5704: result: ar
configure:5730: checking the archiver (ar) interface
configure:5747: clang -c -g -O2  conftest.c >&5
configure:5747: $? = 0
configure:5750: ar cru libconftest.a conftest.o >&5
ar: `u' modifier ignored since `D' is the default (see `U')
configure:5753: $? = 0
configure:5781: result: ar
configure:5801: checking for a sed that does not truncate output
configure:5871: result: /usr/bin/sed
configure:5890: checking whether clang++ supports C++11 features with -std=gnu++11
configure:6189: clang++ -std=gnu++11 -c -g -O2  conftest.cpp >&5
configure:6189: $? = 0
configure:6199: result: yes
configure:6597: checking build system type
configure:6612: result: x86_64-pc-linux-gnu
configure:6632: checking host system type
configure:6646: result: x86_64-pc-linux-gnu
configure:6687: checking how to print strings
configure:6714: result: printf
configure:6735: checking for a sed that does not truncate output
configure:6805: result: /usr/bin/sed
configure:6823: checking for grep that handles long lines and -e
configure:6887: result: /usr/bin/grep
configure:6892: checking for egrep
configure:6960: result: /usr/bin/grep -E
configure:6965: checking for fgrep
configure:7033: result: /usr/bin/grep -F
configure:7069: checking for ld used by clang
configure:7137: result: /usr/bin/ld
configure:7144: checking if the linker (/usr/bin/ld) is GNU ld
configure:7160: result: yes
configure:7172: checking for BSD- or MS-compatible name lister (nm)
configure:7227: result: /usr/bin/nm -B
configure:7367: checking the name lister (/usr/bin/nm -B) interface
configure:7375: clang -c -g -O2  conftest.c >&5
configure:7378: /usr/bin/nm -B "conftest.o"
configure:7381: output
0000000000000000 B some_variable
configure:7388: result: BSD nm
configure:7391: checking whether ln -s works
configure:7395: result: yes
configure:7403: checking the maximum length of command line arguments
configure:7535: result: 1572864
configure:7583: checking how to convert x86_64-pc-linux-gnu file names to x86_64-pc-linux-gnu format
configure:7624: result: func_convert_file_noop
configure:7631: checking how to convert x86_64-pc-linux-gnu file names to toolchain format
configure:7652: result: func_convert_file_noop
configure:7659: checking for /usr/bin/ld option to reload object files
configure:7667: result: -r
configure:7746: checking for file
configure:7767: found /usr/bin/file
configure:7778: result: file
configure:7854: checking for objdump
configure:7875: found /usr/bin/objdump
configure:7886: result: objdump
configure:7918: checking how to recognize dependent libraries
configure:8119: result: pass_all
configure:8209: checking for dlltool
configure:8244: result: no
configure:8274: checking how to associate runtime and link libraries
configure:8302: result: printf %s\n
configure:8452: checking for archiver @FILE support
configure:8470: clang -c -g -O2  conftest.c >&5
configure:8470: $? = 0
configure:8474: ar cr libconftest.a @conftest.lst >&5
configure:8477: $? = 0
configure:8482: ar cr libconftest.a @conftest.lst >&5
ar: conftest.o: No such file or directory
configure:8485: $? = 1
configure:8497: result: @
configure:8560: checking for strip
configure:8581: found /usr/bin/strip
configure:8592: result: strip
configure:8669: checking for ranlib
configure:8690: found /usr/bin/ranlib
configure:8701: result: ranlib
configure:8803: checking command to parse /usr/bin/nm -B output from clang object
configure:8957: clang -c -g -O2  conftest.c >&5
configure:8960: $? = 0
configure:8964: /usr/bin/nm -B conftest.o | /usr/bin/sed -n -e 's/^.*[	 ]\([ABCDGIRSTW][ABCDGIRSTW]*\)[	 ][	 ]*\([_A-Za-z][_A-Za-z0-9]*\)$/\1 \2 \2/p' | /usr/bin/sed '/ __gnu_lto/d' > conftest.nm
configure:9030: clang -o conftest -g -O2   conftest.c conftstm.o >&5
configure:9033: $? = 0
configure:9071: result: ok
configure:9118: checking for sysroot
configure:9149: result: no
configure:9156: checking for a working dd
configure:9200: result: /usr/bin/dd
configure:9204: checking how to truncate binary pipes
configure:9220: result: /usr/bin/dd bs=4096 count=1
configure:9357: clang -c -g -O2  conftest.c >&5
configure:9360: $? = 0
configure:9557: checking for mt
configure:9578: found /usr/bin/mt
configure:9589: result: mt
configure:9612: checking if mt is a manifest tool
configure:9619: mt '-?'
configure:9627: result: no
configure:10352: checking for stdio.h
configure:10352: clang -c -g -O2  conftest.c >&5
configure:10352: $? = 0
configure:10352: result: yes
configure:10352: checking for stdlib.h
configure:10352: clang -c -g -O2  conftest.c >&5
configure:10352: $? = 0
configure:10352: result: yes
configure:10352: checking for string.h
configure:10352: clang -c -g -O2  conftest.c >&5
configure:10352: $? = 0
configure:10352: result: yes
configure:10352: checking for inttypes.h
configure:10352: clang -c -g -O2  conftest.c >&5
configure:10352: $? = 0
configure:10352: result: yes
configure:10352: checking for stdint.h
configure:10352: clang -c -g -O2  conftest.c >&5
configure:10352: $? = 0
configure:10352: result: yes
configure:10352: checking for strings.h
configure:10352: clang -c -g -O2  conftest.c >&5
configure:10352: $? = 0
configure:10352: result: yes
configure:10352: checking for sys/stat.h
configure:10352: clang -c -g -O2  conftest.c >&5
configure:10352: $? = 0
configure:10352: result: yes
configure:10352: checking for sys/types.h
configure:10352: clang -c -g -O2  conftest.c >&5
configure:10352: $? = 0
configure:10352: result: yes
configure:10352: checking for unistd.h
configure:10352: clang -c -g -O2  conftest.c >&5
configure:10352: $? = 0
configure:10352: result: yes
configure:10352: checking for sys/param.h
configure:10352: clang -c -g -O2  conftest.c >&5
configure:10352: $? = 0
configure:10352: result: yes
configure:10377: checking for dlfcn.h
configure:10377: clang -c -g -O2  conftest.c >&5
configure:10377: $? = 0
configure:10377: result: yes
configure:10646: checking for objdir
configure:10662: result: .libs
configure:10926: checking if clang supports -fno-rtti -fno-exceptions
configure:10945: clang -c -g -O2  -fno-rtti -fno-exceptions conftest.c >&5
configure:10949: $? = 0
configure:10962: result: yes
configure:11326: checking for clang option to produce PIC
configure:11334: result: -fPIC -DPIC
configure:11342: checking if clang PIC flag -fPIC -DPIC works
configure:11361: clang -c -g -O2  -fPIC -DPIC -DPIC conftest.c >&5
configure:11365: $? = 0
configure:11378: result: yes
configure:11407: checking if clang static flag -static works
configure:11436: result: yes
configure:11451: checking if clang supports -c -o file.o
configure:11473: clang -c -g -O2  -o out/conftest2.o conftest.c >&5
configure:11477: $? = 0
configure:11499: result: yes
configure:11507: checking if clang supports -c -o file.o
configure:11555: result: yes
configure:11588: checking whether the clang linker (/usr/bin/ld -m elf_x86_64) supports shared libraries
configure:12862: result: yes
configure:12899: checking whether -lc should be explicitly linked in
configure:12908: clang -c -g -O2  conftest.c >&5
configure:12911: $? = 0
configure:12926: clang -shared  -fPIC -DPIC conftest.o  -v -Wl,-soname -Wl,conftest -o conftest 2\>\&1 \| /usr/bin/grep  -lc  \>/dev/null 2\>\&1
configure:12929: $? = 0
configure:12943: result: no
configure:13103: checking dynamic linker characteristics
configure:13685: clang -o conftest -g -O2   -Wl,-rpath -Wl,/foo conftest.c  >&5
configure:13685: $? = 0
configure:13936: result: GNU/Linux ld.so
configure:14058: checking how to hardcode library paths into programs
configure:14083: result: immediate
configure:14635: checking whether stripping libraries is possible
configure:14644: result: yes
configure:14686: checking if libtool supports shared libraries
configure:14688: result: yes
configure:14691: checking whether to build shared libraries
configure:14716: result: yes
configure:14719: checking whether to build static libraries
configure:14723: result: yes
configure:14746: checking how to run the C++ preprocessor
configure:14768: clang++ -std=gnu++11 -E  conftest.cpp
configure:14768: $? = 0
configure:14783: clang++ -std=gnu++11 -E  conftest.cpp
conftest.cpp:25:10: fatal error: 'ac_nonexistent.h' file not found
   25 | #include <ac_nonexistent.h>
      |          ^~~~~~~~~~~~~~~~~~
1 error generated.
configure:14783: $? = 1
configure: failed program was:
| /* confdefs.h */
| #define PACKAGE_NAME "libdaq"
| #define PACKAGE_TARNAME "libdaq"
| #define PACKAGE_VERSION "3.0.20"
| #define PACKAGE_STRING "libdaq 3.0.20"
| #define PACKAGE_BUGREPORT "snort-team@cisco.com"
| #define PACKAGE_URL ""
| #define PACKAGE "libdaq"
| #define VERSION "3.0.20"
| #define HAVE_CXX11 1
| #define HAVE_STDIO_H 1
| #define HAVE_STDLIB_H 1
| #define HAVE_STRING_H 1
| #define HAVE_INTTYPES_H 1
| #define HAVE_STDINT_H 1
| #define HAVE_STRINGS_H 1
| #define HAVE_SYS_STAT_H 1
| #define HAVE_SYS_TYPES_H 1
| #define HAVE_UNISTD_H 1
| #define HAVE_SYS_PARAM_H 1
| #define STDC_HEADERS 1
| #define HAVE_DLFCN_H 1
| #define LT_OBJDIR ".libs/"
| /* end confdefs.h.  */
| #include <ac_nonexistent.h>
configure:14810: result: clang++ -std=gnu++11 -E
configure:14824: clang++ -std=gnu++11 -E  conftest.cpp
configure:14824: $? = 0
configure:14839: clang++ -std=gnu++11 -E  conftest.cpp
conftest.cpp:25:10: fatal error: 'ac_nonexistent.h' file not found
   25 | #include <ac_nonexistent.h>
      |          ^~~~~~~~~~~~~~~~~~
1 error generated.
configure:14839: $? = 1
configure: failed program was:
| /* confdefs.h */
| #define PACKAGE_NAME "libdaq"
| #define PACKAGE_TARNAME "libdaq"
| #define PACKAGE_VERSION "3.0.20"
| #define PACKAGE_STRING "libdaq 3.0.20"
| #define PACKAGE_BUGREPORT "snort-team@cisco.com"
| #define PACKAGE_URL ""
| #define PACKAGE "libdaq"
| #define VERSION "3.0.20"
| #define HAVE_CXX11 1
| #define HAVE_STDIO_H 1
| #define HAVE_STDLIB_H 1
| #define HAVE_STRING_H 1
| #define HAVE_INTTYPES_H 1
| #define HAVE_STDINT_H 1
| #define HAVE_STRINGS_H 1
| #define HAVE_SYS_STAT_H 1
| #define HAVE_SYS_TYPES_H 1
| #define HAVE_UNISTD_H 1
| #define HAVE_SYS_PARAM_H 1
| #define STDC_HEADERS 1
| #define HAVE_DLFCN_H 1
| #define LT_OBJDIR ".libs/"
| /* end confdefs.h.  */
| #include <ac_nonexistent.h>
configure:15004: checking for ld used by clang++ -std=gnu++11
configure:15072: result: /usr/bin/ld -m elf_x86_64
configure:15079: checking if the linker (/usr/bin/ld -m elf_x86_64) is GNU ld
configure:15095: result: yes
configure:15150: checking whether the clang++ -std=gnu++11 linker (/usr/bin/ld -m elf_x86_64) supports shared libraries
configure:16228: result: yes
configure:16264: clang++ -std=gnu++11 -c -g -O2  conftest.cpp >&5
configure:16267: $? = 0
configure:16748: checking for clang++ -std=gnu++11 option to produce PIC
configure:16756: result: -fPIC -DPIC
configure:16764: checking if clang++ -std=gnu++11 PIC flag -fPIC -DPIC works
configure:16783: clang++ -std=gnu++11 -c -g -O2  -fPIC -DPIC -DPIC conftest.cpp >&5
configure:16787: $? = 0
configure:16800: result: yes
configure:16823: checking if clang++ -std=gnu++11 static flag -static works
configure:16852: result: yes
configure:16864: checking if clang++ -std=gnu++11 supports -c -o file.o
configure:16886: clang++ -std=gnu++11 -c -g -O2  -o out/conftest2.o conftest.cpp >&5
configure:16890: $? = 0
configure:16912: result: yes
configure:16917: checking if clang++ -std=gnu++11 supports -c -o file.o
configure:16965: result: yes
configure:16995: checking whether the clang++ -std=gnu++11 linker (/usr/bin/ld -m elf_x86_64) supports shared libraries
configure:17038: result: yes
configure:17180: checking dynamic linker characteristics
configure:17940: result: GNU/Linux ld.so
configure:18005: checking how to hardcode library paths into programs
configure:18030: result: immediate
configure:18116: checking whether the -Werror option is usable
configure:18136: clang -c -g -O2 -Werror  conftest.c >&5
configure:18136: $? = 0
configure:18146: result: yes
configure:18148: checking for simple visibility declarations
configure:18176: clang -c -g -O2 -fvisibility=hidden -Werror  conftest.c >&5
configure:18176: $? = 0
configure:18186: result: yes
configure:18208: checking how to run the C preprocessor
configure:18234: clang -E  conftest.c
configure:18234: $? = 0
configure:18249: clang -E  conftest.c
conftest.c:26:10: fatal error: 'ac_nonexistent.h' file not found
   26 | #include <ac_nonexistent.h>
      |          ^~~~~~~~~~~~~~~~~~
1 error generated.
configure:18249: $? = 1
configure: failed program was:
| /* confdefs.h */
| #define PACKAGE_NAME "libdaq"
| #define PACKAGE_TARNAME "libdaq"
| #define PACKAGE_VERSION "3.0.20"
| #define PACKAGE_STRING "libdaq 3.0.20"
| #define PACKAGE_BUGREPORT "snort-team@cisco.com"
| #define PACKAGE_URL ""
| #define PACKAGE "libdaq"
| #define VERSION "3.0.20"
| #define HAVE_CXX11 1
| #define HAVE_STDIO_H 1
| #define HAVE_STDLIB_H 1
| #define HAVE_STRING_H 1
| #define HAVE_INTTYPES_H 1
| #define HAVE_STDINT_H 1
| #define HAVE_STRINGS_H 1
| #define HAVE_SYS_STAT_H 1
| #define HAVE_SYS_TYPES_H 1
| #define HAVE_UNISTD_H 1
| #define HAVE_SYS_PARAM_H 1
| #define STDC_HEADERS 1
| #define HAVE_DLFCN_H 1
| #define LT_OBJDIR ".libs/"
| #define HAVE_VISIBILITY 1
| /* end confdefs.h.  */
| #include <ac_nonexistent.h>
configure:18276: result: clang -E
configure:18290: clang -E  conftest.c
configure:18290: $? = 0
configure:18305: clang -E  conftest.c
conftest.c:26:10: fatal error: 'ac_nonexistent.h' file not found
   26 | #include <ac_nonexistent.h>
      |          ^~~~~~~~~~~~~~~~~~
1 error generated.
configure:18305: $? = 1
configure: failed program was:
| /* confdefs.h */
| #define PACKAGE_NAME "libdaq"
| #define PACKAGE_TARNAME "libdaq"
| #define PACKAGE_VERSION "3.0.20"
| #define PACKAGE_STRING "libdaq 3.0.20"
| #define PACKAGE_BUGREPORT "snort-team@cisco.com"
| #define PACKAGE_URL ""
| #define PACKAGE "libdaq"
| #define VERSION "3.0.20"
| #define HAVE_CXX11 1
| #define HAVE_STDIO_H 1
| #define HAVE_STDLIB_H 1
| #define HAVE_STRING_H 1
| #define HAVE_INTTYPES_H 1
| #define HAVE_STDINT_H 1
| #define HAVE_STRINGS_H 1
| #define HAVE_SYS_STAT_H 1
| #define HAVE_SYS_TYPES_H 1
| #define HAVE_UNISTD_H 1
| #define HAVE_SYS_PARAM_H 1
| #define STDC_HEADERS 1
| #define HAVE_DLFCN_H 1
| #define LT_OBJDIR ".libs/"
| #define HAVE_VISIBILITY 1
| /* end confdefs.h.  */
| #include <ac_nonexistent.h>
configure:18336: checking whether C preprocessor accepts -Wall
configure:18356: clang -E   -Wall conftest.c
configure:18356: $? = 0
configure:18365: result: yes
configure:18374: checking whether C preprocessor accepts -Wmissing-declarations
configure:18394: clang -E   -Wmissing-declarations conftest.c
configure:18394: $? = 0
configure:18403: result: yes
configure:18412: checking whether C preprocessor accepts -Wpointer-arith
configure:18432: clang -E   -Wpointer-arith conftest.c
configure:18432: $? = 0
configure:18441: result: yes
configure:18450: checking whether C preprocessor accepts -Wcast-align
configure:18470: clang -E   -Wcast-align conftest.c
configure:18470: $? = 0
configure:18479: result: yes
configure:18488: checking whether C preprocessor accepts -Wcast-qual
configure:18508: clang -E   -Wcast-qual conftest.c
configure:18508: $? = 0
configure:18517: result: yes
configure:18526: checking whether C preprocessor accepts -Wformat
configure:18546: clang -E   -Wformat conftest.c
configure:18546: $? = 0
configure:18555: result: yes
configure:18564: checking whether C preprocessor accepts -Wformat-nonliteral
configure:18584: clang -E   -Wformat-nonliteral conftest.c
configure:18584: $? = 0
configure:18593: result: yes
configure:18602: checking whether C preprocessor accepts -Wformat-security
configure:18622: clang -E   -Wformat-security conftest.c
configure:18622: $? = 0
configure:18631: result: yes
configure:18640: checking whether C preprocessor accepts -Wundef
configure:18660: clang -E   -Wundef conftest.c
configure:18660: $? = 0
configure:18669: result: yes
configure:18678: checking whether C preprocessor accepts -Wwrite-strings
configure:18698: clang -E   -Wwrite-strings conftest.c
configure:18698: $? = 0
configure:18707: result: yes
configure:18716: checking whether C preprocessor accepts -Wextra
configure:18736: clang -E   -Wextra conftest.c
configure:18736: $? = 0
configure:18745: result: yes
configure:18754: checking whether C preprocessor accepts -Wsign-compare
configure:18774: clang -E   -Wsign-compare conftest.c
configure:18774: $? = 0
configure:18783: result: yes
configure:18792: checking whether C preprocessor accepts -Wno-unused-parameter
configure:18812: clang -E   -Wno-unused-parameter conftest.c
configure:18812: $? = 0
configure:18821: result: yes
configure:18830: checking whether C preprocessor accepts -fno-strict-aliasing
configure:18850: clang -E   -fno-strict-aliasing conftest.c
configure:18850: $? = 0
configure:18859: result: yes
configure:18868: checking whether C preprocessor accepts -fdiagnostics-show-option
configure:18888: clang -E   -fdiagnostics-show-option conftest.c
configure:18888: $? = 0
configure:18897: result: yes
configure:18907: checking whether C preprocessor accepts -Wstrict-prototypes
configure:18927: clang -E   -Wstrict-prototypes conftest.c
configure:18927: $? = 0
configure:18936: result: yes
configure:18945: checking whether C preprocessor accepts -Wmissing-prototypes
configure:18965: clang -E   -Wmissing-prototypes conftest.c
configure:18965: $? = 0
configure:18974: result: yes
configure:18983: checking whether C preprocessor accepts -Wold-style-definition
configure:19003: clang -E   -Wold-style-definition conftest.c
configure:19003: $? = 0
configure:19012: result: yes
configure:19021: checking whether C preprocessor accepts -Wnested-externs
configure:19041: clang -E   -Wnested-externs conftest.c
configure:19041: $? = 0
configure:19050: result: yes
configure:19087: checking whether to build with code coverage support
configure:19108: result: no
configure:19506: checking for pkg-config
configure:19529: found /usr/bin/pkg-config
configure:19541: result: /usr/bin/pkg-config
configure:19566: checking pkg-config is at least version 0.9.0
configure:19569: result: yes
configure:19579: $PKG_CONFIG --exists --print-errors "cmocka >= 1.0.0"
Package cmocka was not found in the pkg-config search path.
Perhaps you should add the directory containing `cmocka.pc'
to the PKG_CONFIG_PATH environment variable
Package 'cmocka', required by 'virtual:world', not found
configure:19582: $? = 1
configure:19699: WARNING: No libcmocka-1.0.0 or newer library found, cmocka tests will not be built
configure:19749: checking for pcap.h
configure:19749: clang -c -g -O2   conftest.c >&5
configure:19749: $? = 0
configure:19749: result: yes
configure:19755: checking for pcap_lib_version in -lpcap
configure:19778: clang -o conftest -g -O2     conftest.c -lpcap   >&5
configure:19778: $? = 0
configure:19788: result: yes
configure:19857: checking for linux/if_ether.h
configure:19857: clang -c -g -O2  conftest.c >&5
configure:19857: $? = 0
configure:19857: result: yes
configure:19857: checking for linux/if_packet.h
configure:19857: clang -c -g -O2  conftest.c >&5
configure:19857: $? = 0
configure:19857: result: yes
configure:19870: checking for clang options needed to detect all undeclared functions
configure:19892: clang -c -g -O2   conftest.c >&5
conftest.c:33:8: error: call to undeclared library function 'strchr' with type 'char *(const char *, int)'; ISO C99 and later do not support implicit function declarations [-Wimplicit-function-declaration]
   33 | (void) strchr;
      |        ^
conftest.c:33:8: note: include the header <string.h> or explicitly provide a declaration for 'strchr'
1 error generated.
configure:19892: $? = 1
configure: failed program was:
| /* confdefs.h */
| #define PACKAGE_NAME "libdaq"
| #define PACKAGE_TARNAME "libdaq"
| #define PACKAGE_VERSION "3.0.20"
| #define PACKAGE_STRING "libdaq 3.0.20"
| #define PACKAGE_BUGREPORT "snort-team@cisco.com"
| #define PACKAGE_URL ""
| #define PACKAGE "libdaq"
| #define VERSION "3.0.20"
| #define HAVE_CXX11 1
| #define HAVE_STDIO_H 1
| #define HAVE_STDLIB_H 1
| #define HAVE_STRING_H 1
| #define HAVE_INTTYPES_H 1
| #define HAVE_STDINT_H 1
| #define HAVE_STRINGS_H 1
| #define HAVE_SYS_STAT_H 1
| #define HAVE_SYS_TYPES_H 1
| #define HAVE_UNISTD_H 1
| #define HAVE_SYS_PARAM_H 1
| #define STDC_HEADERS 1
| #define HAVE_DLFCN_H 1
| #define LT_OBJDIR ".libs/"
| #define HAVE_VISIBILITY 1
| #define LIBPCAP_AVAILABLE 1
| #define HAVE_LINUX_IF_ETHER_H 1
| #define HAVE_LINUX_IF_PACKET_H 1
| /* end confdefs.h.  */
| 
| int
| main (void)
| {
| (void) strchr;
|   ;
|   return 0;
| }
configure:19919: clang -c -g -O2   conftest.c >&5
configure:19919: $? = 0
configure:19936: result: none needed
configure:19950: checking whether PACKET_FANOUT_QM is declared
configure:19950: clang -c -g -O2   conftest.c >&5
configure:19950: $? = 0
configure:19950: result: yes
configure:19965: checking whether PACKET_QDISC_BYPASS is declared
configure:19965: clang -c -g -O2   conftest.c >&5
configure:19965: $? = 0
configure:19965: result: yes
configure:19980: checking whether TP_STATUS_VLAN_TPID_VALID is declared
configure:19980: clang -c -g -O2   conftest.c >&5
configure:19980: $? = 0
configure:19980: result: yes
configure:20054: checking whether IPPROTO_DIVERT is declared
configure:20054: clang -c -g -O2   conftest.c >&5
conftest.c:41:10: error: use of undeclared identifier 'IPPROTO_DIVERT'
   41 |   (void) IPPROTO_DIVERT;
      |          ^
1 error generated.
configure:20054: $? = 1
configure: failed program was:
| /* confdefs.h */
| #define PACKAGE_NAME "libdaq"
| #define PACKAGE_TARNAME "libdaq"
| #define PACKAGE_VERSION "3.0.20"
| #define PACKAGE_STRING "libdaq 3.0.20"
| #define PACKAGE_BUGREPORT "snort-team@cisco.com"
| #define PACKAGE_URL ""
| #define PACKAGE "libdaq"
| #define VERSION "3.0.20"
| #define HAVE_CXX11 1
| #define HAVE_STDIO_H 1
| #define HAVE_STDLIB_H 1
| #define HAVE_STRING_H 1
| #define HAVE_INTTYPES_H 1
| #define HAVE_STDINT_H 1
| #define HAVE_STRINGS_H 1
| #define HAVE_SYS_STAT_H 1
| #define HAVE_SYS_TYPES_H 1
| #define HAVE_UNISTD_H 1
| #define HAVE_SYS_PARAM_H 1
| #define STDC_HEADERS 1
| #define HAVE_DLFCN_H 1
| #define LT_OBJDIR ".libs/"
| #define HAVE_VISIBILITY 1
| #define LIBPCAP_AVAILABLE 1
| #define HAVE_LINUX_IF_ETHER_H 1
| #define HAVE_LINUX_IF_PACKET_H 1
| #define HAVE_DECL_PACKET_FANOUT_QM 1
| #define HAVE_DECL_PACKET_QDISC_BYPASS 1
| #define HAVE_DECL_TP_STATUS_VLAN_TPID_VALID 1
| /* end confdefs.h.  */
| #include <netinet/in.h>
| 
| int
| main (void)
| {
| #ifndef IPPROTO_DIVERT
| #ifdef __cplusplus
|   (void) IPPROTO_DIVERT;
| #else
|   (void) IPPROTO_DIVERT;
| #endif
| #endif
| 
|   ;
|   return 0;
| }
configure:20054: result: no
configure:20167: checking for net/netmap.h
configure:20167: clang -c -g -O2   conftest.c >&5
conftest.c:38:10: fatal error: 'net/netmap.h' file not found
   38 | #include <net/netmap.h>
      |          ^~~~~~~~~~~~~~
1 error generated.
configure:20167: $? = 1
configure: failed program was:
| /* confdefs.h */
| #define PACKAGE_NAME "libdaq"
| #define PACKAGE_TARNAME "libdaq"
| #define PACKAGE_VERSION "3.0.20"
| #define PACKAGE_STRING "libdaq 3.0.20"
| #define PACKAGE_BUGREPORT "snort-team@cisco.com"
| #define PACKAGE_URL ""
| #define PACKAGE "libdaq"
| #define VERSION "3.0.20"
| #define HAVE_CXX11 1
| #define HAVE_STDIO_H 1
| #define HAVE_STDLIB_H 1
| #define HAVE_STRING_H 1
| #define HAVE_INTTYPES_H 1
| #define HAVE_STDINT_H 1
| #define HAVE_STRINGS_H 1
| #define HAVE_SYS_STAT_H 1
| #define HAVE_SYS_TYPES_H 1
| #define HAVE_UNISTD_H 1
| #define HAVE_SYS_PARAM_H 1
| #define STDC_HEADERS 1
| #define HAVE_DLFCN_H 1
| #define LT_OBJDIR ".libs/"
| #define HAVE_VISIBILITY 1
| #define LIBPCAP_AVAILABLE 1
| #define HAVE_LINUX_IF_ETHER_H 1
| #define HAVE_LINUX_IF_PACKET_H 1
| #define HAVE_DECL_PACKET_FANOUT_QM 1
| #define HAVE_DECL_PACKET_QDISC_BYPASS 1
| #define HAVE_DECL_TP_STATUS_VLAN_TPID_VALID 1
| #define HAVE_DECL_IPPROTO_DIVERT 0
| /* end confdefs.h.  */
| 
|                       #include <stdint.h>
|                       #include <net/if.h>
| 
| 
| #include <net/netmap.h>
configure:20167: result: no
configure:20167: checking for net/netmap_user.h
configure:20167: clang -c -g -O2   conftest.c >&5
conftest.c:38:10: fatal error: 'net/netmap_user.h' file not found
   38 | #include <net/netmap_user.h>
      |          ^~~~~~~~~~~~~~~~~~~
1 error generated.
configure:20167: $? = 1
configure: failed program was:
| /* confdefs.h */
| #define PACKAGE_NAME "libdaq"
| #define PACKAGE_TARNAME "libdaq"
| #define PACKAGE_VERSION "3.0.20"
| #define PACKAGE_STRING "libdaq 3.0.20"
| #define PACKAGE_BUGREPORT "snort-team@cisco.com"
| #define PACKAGE_URL ""
| #define PACKAGE "libdaq"
| #define VERSION "3.0.20"
| #define HAVE_CXX11 1
| #define HAVE_STDIO_H 1
| #define HAVE_STDLIB_H 1
| #define HAVE_STRING_H 1
| #define HAVE_INTTYPES_H 1
| #define HAVE_STDINT_H 1
| #define HAVE_STRINGS_H 1
| #define HAVE_SYS_STAT_H 1
| #define HAVE_SYS_TYPES_H 1
| #define HAVE_UNISTD_H 1
| #define HAVE_SYS_PARAM_H 1
| #define STDC_HEADERS 1
| #define HAVE_DLFCN_H 1
| #define LT_OBJDIR ".libs/"
| #define HAVE_VISIBILITY 1
| #define LIBPCAP_AVAILABLE 1
| #define HAVE_LINUX_IF_ETHER_H 1
| #define HAVE_LINUX_IF_PACKET_H 1
| #define HAVE_DECL_PACKET_FANOUT_QM 1
| #define HAVE_DECL_PACKET_QDISC_BYPASS 1
| #define HAVE_DECL_TP_STATUS_VLAN_TPID_VALID 1
| #define HAVE_DECL_IPPROTO_DIVERT 0
| /* end confdefs.h.  */
| 
|                       #include <stdint.h>
|                       #include <net/if.h>
| 
| 
| #include <net/netmap_user.h>
configure:20167: result: no
configure:20183: checking whether NETMAP_API is declared
configure:20183: clang -c -g -O2    conftest.c >&5
conftest.c:36:29: fatal error: 'net/netmap.h' file not found
   36 |                    #include <net/netmap.h>
      |                             ^~~~~~~~~~~~~~
1 error generated.
configure:20183: $? = 1
configure: failed program was:
| /* confdefs.h */
| #define PACKAGE_NAME "libdaq"
| #define PACKAGE_TARNAME "libdaq"
| #define PACKAGE_VERSION "3.0.20"
| #define PACKAGE_STRING "libdaq 3.0.20"
| #define PACKAGE_BUGREPORT "snort-team@cisco.com"
| #define PACKAGE_URL ""
| #define PACKAGE "libdaq"
| #define VERSION "3.0.20"
| #define HAVE_CXX11 1
| #define HAVE_STDIO_H 1
| #define HAVE_STDLIB_H 1
| #define HAVE_STRING_H 1
| #define HAVE_INTTYPES_H 1
| #define HAVE_STDINT_H 1
| #define HAVE_STRINGS_H 1
| #define HAVE_SYS_STAT_H 1
| #define HAVE_SYS_TYPES_H 1
| #define HAVE_UNISTD_H 1
| #define HAVE_SYS_PARAM_H 1
| #define STDC_HEADERS 1
| #define HAVE_DLFCN_H 1
| #define LT_OBJDIR ".libs/"
| #define HAVE_VISIBILITY 1
| #define LIBPCAP_AVAILABLE 1
| #define HAVE_LINUX_IF_ETHER_H 1
| #define HAVE_LINUX_IF_PACKET_H 1
| #define HAVE_DECL_PACKET_FANOUT_QM 1
| #define HAVE_DECL_PACKET_QDISC_BYPASS 1
| #define HAVE_DECL_TP_STATUS_VLAN_TPID_VALID 1
| #define HAVE_DECL_IPPROTO_DIVERT 0
| /* end confdefs.h.  */
| 
|                    #include <stdint.h>
|                    #include <net/if.h>
|                    #include <net/netmap.h>
| 
| 
| int
| main (void)
| {
| #ifndef NETMAP_API
| #ifdef __cplusplus
|   (void) NETMAP_API;
| #else
|   (void) NETMAP_API;
| #endif
| #endif
| 
|   ;
|   return 0;
| }
configure:20183: result: no
configure:20223: checking for linux/netfilter.h
configure:20223: clang -c -g -O2  conftest.c >&5
configure:20223: $? = 0
configure:20223: result: yes
configure:20223: checking for linux/netfilter/nfnetlink_queue.h
configure:20223: clang -c -g -O2  conftest.c >&5
configure:20223: $? = 0
configure:20223: result: yes
configure:20223: checking for libmnl/libmnl.h
configure:20223: clang -c -g -O2  conftest.c >&5
conftest.c:63:10: fatal error: 'libmnl/libmnl.h' file not found
   63 | #include <libmnl/libmnl.h>
      |          ^~~~~~~~~~~~~~~~~
1 error generated.
configure:20223: $? = 1
configure: failed program was:
| /* confdefs.h */
| #define PACKAGE_NAME "libdaq"
| #define PACKAGE_TARNAME "libdaq"
| #define PACKAGE_VERSION "3.0.20"
| #define PACKAGE_STRING "libdaq 3.0.20"
| #define PACKAGE_BUGREPORT "snort-team@cisco.com"
| #define PACKAGE_URL ""
| #define PACKAGE "libdaq"
| #define VERSION "3.0.20"
| #define HAVE_CXX11 1
| #define HAVE_STDIO_H 1
| #define HAVE_STDLIB_H 1
| #define HAVE_STRING_H 1
| #define HAVE_INTTYPES_H 1
| #define HAVE_STDINT_H 1
| #define HAVE_STRINGS_H 1
| #define HAVE_SYS_STAT_H 1
| #define HAVE_SYS_TYPES_H 1
| #define HAVE_UNISTD_H 1
| #define HAVE_SYS_PARAM_H 1
| #define STDC_HEADERS 1
| #define HAVE_DLFCN_H 1
| #define LT_OBJDIR ".libs/"
| #define HAVE_VISIBILITY 1
| #define LIBPCAP_AVAILABLE 1
| #define HAVE_LINUX_IF_ETHER_H 1
| #define HAVE_LINUX_IF_PACKET_H 1
| #define HAVE_DECL_PACKET_FANOUT_QM 1
| #define HAVE_DECL_PACKET_QDISC_BYPASS 1
| #define HAVE_DECL_TP_STATUS_VLAN_TPID_VALID 1
| #define HAVE_DECL_IPPROTO_DIVERT 0
| #define HAVE_LINUX_NETFILTER_H 1
| #define HAVE_LINUX_NETFILTER_NFNETLINK_QUEUE_H 1
| /* end confdefs.h.  */
| #include <stddef.h>
| #ifdef HAVE_STDIO_H
| # include <stdio.h>
| #endif
| #ifdef HAVE_STDLIB_H
| # include <stdlib.h>
| #endif
| #ifdef HAVE_STRING_H
| # include <string.h>
| #endif
| #ifdef HAVE_INTTYPES_H
| # include <inttypes.h>
| #endif
| #ifdef HAVE_STDINT_H
| # include <stdint.h>
| #endif
| #ifdef HAVE_STRINGS_H
| # include <strings.h>
| #endif
| #ifdef HAVE_SYS_TYPES_H
| # include <sys/types.h>
| #endif
| #ifdef HAVE_SYS_STAT_H
| # include <sys/stat.h>
| #endif
| #ifdef HAVE_UNISTD_H
| # include <unistd.h>
| #endif
| #include <libmnl/libmnl.h>
configure:20223: result: no
configure:20235: checking for mnl_socket_open in -lmnl
configure:20258: clang -o conftest -g -O2   conftest.c -lmnl   >&5
/usr/bin/ld: cannot find -lmnl: No such file or directory
clang: error: linker command failed with exit code 1 (use -v to see invocation)
configure:20258: $? = 1
configure: failed program was:
| /* confdefs.h */
| #define PACKAGE_NAME "libdaq"
| #define PACKAGE_TARNAME "libdaq"
| #define PACKAGE_VERSION "3.0.20"
| #define PACKAGE_STRING "libdaq 3.0.20"
| #define PACKAGE_BUGREPORT "snort-team@cisco.com"
| #define PACKAGE_URL ""
| #define PACKAGE "libdaq"
| #define VERSION "3.0.20"
| #define HAVE_CXX11 1
| #define HAVE_STDIO_H 1
| #define HAVE_STDLIB_H 1
| #define HAVE_STRING_H 1
| #define HAVE_INTTYPES_H 1
| #define HAVE_STDINT_H 1
| #define HAVE_STRINGS_H 1
| #define HAVE_SYS_STAT_H 1
| #define HAVE_SYS_TYPES_H 1
| #define HAVE_UNISTD_H 1
| #define HAVE_SYS_PARAM_H 1
| #define STDC_HEADERS 1
| #define HAVE_DLFCN_H 1
| #define LT_OBJDIR ".libs/"
| #define HAVE_VISIBILITY 1
| #define LIBPCAP_AVAILABLE 1
| #define HAVE_LINUX_IF_ETHER_H 1
| #define HAVE_LINUX_IF_PACKET_H 1
| #define HAVE_DECL_PACKET_FANOUT_QM 1
| #define HAVE_DECL_PACKET_QDISC_BYPASS 1
| #define HAVE_DECL_TP_STATUS_VLAN_TPID_VALID 1
| #define HAVE_DECL_IPPROTO_DIVERT 0
| #define HAVE_LINUX_NETFILTER_H 1
| #define HAVE_LINUX_NETFILTER_NFNETLINK_QUEUE_H 1
| /* end confdefs.h.  */
| 
| /* Override any GCC internal prototype to avoid an error.
|    Use char because int might match the return type of a GCC
|    builtin and then its argument prototype would still apply.  */
| char mnl_socket_open ();
| int
| main (void)
| {
| return mnl_socket_open ();
|   ;
|   return 0;
| }
configure:20268: result: no
configure:20418: checking for dlopen in -ldl
configure:20441: clang -o conftest -g -O2   conftest.c -ldl   >&5
configure:20441: $? = 0
configure:20451: result: yes
configure:20469: checking for inttypes.h
configure:20469: result: yes
configure:20475: checking for memory.h
configure:20475: clang -c -g -O2  conftest.c >&5
configure:20475: $? = 0
configure:20475: result: yes
configure:20481: checking for netdb.h
configure:20481: clang -c -g -O2  conftest.c >&5
configure:20481: $? = 0
configure:20481: result: yes
configure:20487: checking for netinet/in.h
configure:20487: clang -c -g -O2  conftest.c >&5
configure:20487: $? = 0
configure:20487: result: yes
configure:20493: checking for stdint.h
configure:20493: result: yes
configure:20499: checking for stdlib.h
configure:20499: result: yes
configure:20505: checking for string.h
configure:20505: result: yes
configure:20511: checking for sys/ioctl.h
configure:20511: clang -c -g -O2  conftest.c >&5
configure:20511: $? = 0
configure:20511: result: yes
configure:20517: checking for sys/param.h
configure:20517: result: yes
configure:20523: checking for sys/socket.h
configure:20523: clang -c -g -O2  conftest.c >&5
configure:20523: $? = 0
configure:20523: result: yes
configure:20529: checking for sys/time.h
configure:20529: clang -c -g -O2  conftest.c >&5
configure:20529: $? = 0
configure:20529: result: yes
configure:20535: checking for unistd.h
configure:20535: result: yes
configure:20544: checking for inline
configure:20561: clang -c -g -O2  conftest.c >&5
configure:20561: $? = 0
configure:20570: result: inline
configure:20588: checking for size_t
configure:20588: clang -c -g -O2  conftest.c >&5
configure:20588: $? = 0
configure:20588: clang -c -g -O2  conftest.c >&5
conftest.c:78:21: error: expected expression
   78 | if (sizeof ((size_t)))
      |                     ^
1 error generated.
configure:20588: $? = 1
configure: failed program was:
| /* confdefs.h */
| #define PACKAGE_NAME "libdaq"
| #define PACKAGE_TARNAME "libdaq"
| #define PACKAGE_VERSION "3.0.20"
| #define PACKAGE_STRING "libdaq 3.0.20"
| #define PACKAGE_BUGREPORT "snort-team@cisco.com"
| #define PACKAGE_URL ""
| #define PACKAGE "libdaq"
| #define VERSION "3.0.20"
| #define HAVE_CXX11 1
| #define HAVE_STDIO_H 1
| #define HAVE_STDLIB_H 1
| #define HAVE_STRING_H 1
| #define HAVE_INTTYPES_H 1
| #define HAVE_STDINT_H 1
| #define HAVE_STRINGS_H 1
| #define HAVE_SYS_STAT_H 1
| #define HAVE_SYS_TYPES_H 1
| #define HAVE_UNISTD_H 1
| #define HAVE_SYS_PARAM_H 1
| #define STDC_HEADERS 1
| #define HAVE_DLFCN_H 1
| #define LT_OBJDIR ".libs/"
| #define HAVE_VISIBILITY 1
| #define LIBPCAP_AVAILABLE 1
| #define HAVE_LINUX_IF_ETHER_H 1
| #define HAVE_LINUX_IF_PACKET_H 1
| #define HAVE_DECL_PACKET_FANOUT_QM 1
| #define HAVE_DECL_PACKET_QDISC_BYPASS 1
| #define HAVE_DECL_TP_STATUS_VLAN_TPID_VALID 1
| #define HAVE_DECL_IPPROTO_DIVERT 0
| #define HAVE_LINUX_NETFILTER_H 1
| #define HAVE_LINUX_NETFILTER_NFNETLINK_QUEUE_H 1
| #define HAVE_INTTYPES_H 1
| #define HAVE_MEMORY_H 1
| #define HAVE_NETDB_H 1
| #define HAVE_NETINET_IN_H 1
| #define HAVE_STDINT_H 1
| #define HAVE_STDLIB_H 1
| #define HAVE_STRING_H 1
| #define HAVE_SYS_IOCTL_H 1
| #define HAVE_SYS_PARAM_H 1
| #define HAVE_SYS_SOCKET_H 1
| #define HAVE_SYS_TIME_H 1
| #define HAVE_UNISTD_H 1
| /* end confdefs.h.  */
| #include <stddef.h>
| #ifdef HAVE_STDIO_H
| # include <stdio.h>
| #endif
| #ifdef HAVE_STDLIB_H
| # include <stdlib.h>
| #endif
| #ifdef HAVE_STRING_H
| # include <string.h>
| #endif
| #ifdef HAVE_INTTYPES_H
| # include <inttypes.h>
| #endif
| #ifdef HAVE_STDINT_H
| # include <stdint.h>
| #endif
| #ifdef HAVE_STRINGS_H
| # include <strings.h>
| #endif
| #ifdef HAVE_SYS_TYPES_H
| # include <sys/types.h>
| #endif
| #ifdef HAVE_SYS_STAT_H
| # include <sys/stat.h>
| #endif
| #ifdef HAVE_UNISTD_H
| # include <unistd.h>
| #endif
| int
| main (void)
| {
| if (sizeof ((size_t)))
| 	    return 0;
|   ;
|   return 0;
| }
configure:20588: result: yes
configure:20598: checking for uint16_t
configure:20598: clang -c -g -O2  conftest.c >&5
configure:20598: $? = 0
configure:20598: result: yes
configure:20608: checking for uint32_t
configure:20608: clang -c -g -O2  conftest.c >&5
configure:20608: $? = 0
configure:20608: result: yes
configure:20620: checking for uint64_t
configure:20620: clang -c -g -O2  conftest.c >&5
configure:20620: $? = 0
configure:20620: result: yes
configure:20632: checking for uint8_t
configure:20632: clang -c -g -O2  conftest.c >&5
configure:20632: $? = 0
configure:20632: result: yes
configure:20646: checking for GNU libc compatible malloc
configure:20678: clang -o conftest -g -O2   conftest.c  >&5
configure:20678: $? = 0
configure:20678: ./conftest
configure:20678: $? = 0
configure:20689: result: yes
configure:20716: checking for getpagesize
configure:20716: clang -o conftest -g -O2   conftest.c  >&5
configure:20716: $? = 0
configure:20716: result: yes
configure:20727: checking for working mmap
configure:20879: clang -o conftest -g -O2   conftest.c  >&5
configure:20879: $? = 0
configure:20879: ./conftest
configure:20879: $? = 0
configure:20890: result: yes
configure:20899: checking for gethostbyname
configure:20899: clang -o conftest -g -O2   conftest.c  >&5
configure:20899: $? = 0
configure:20899: result: yes
configure:20905: checking for getpagesize
configure:20905: result: yes
configure:20911: checking for memset
configure:20911: clang -o conftest -g -O2   conftest.c  >&5
conftest.c:68:6: warning: incompatible redeclaration of library function 'memset' [-Wincompatible-library-redeclaration]
   68 | char memset ();
      |      ^
conftest.c:68:6: note: 'memset' is a builtin with type 'void *(void *, int, unsigned long)'
1 warning generated.
configure:20911: $? = 0
configure:20911: result: yes
configure:20917: checking for munmap
configure:20917: clang -o conftest -g -O2   conftest.c  >&5
configure:20917: $? = 0
configure:20917: result: yes
configure:20923: checking for socket
configure:20923: clang -o conftest -g -O2   conftest.c  >&5
configure:20923: $? = 0
configure:20923: result: yes
configure:20929: checking for strchr
configure:20929: clang -o conftest -g -O2   conftest.c  >&5
conftest.c:71:6: warning: incompatible redeclaration of library function 'strchr' [-Wincompatible-library-redeclaration]
   71 | char strchr ();
      |      ^
conftest.c:71:6: note: 'strchr' is a builtin with type 'char *(const char *, int)'
1 warning generated.
configure:20929: $? = 0
configure:20929: result: yes
configure:20935: checking for strcspn
configure:20935: clang -o conftest -g -O2   conftest.c  >&5
conftest.c:72:6: warning: incompatible redeclaration of library function 'strcspn' [-Wincompatible-library-redeclaration]
   72 | char strcspn ();
      |      ^
conftest.c:72:6: note: 'strcspn' is a builtin with type 'unsigned long (const char *, const char *)'
1 warning generated.
configure:20935: $? = 0
configure:20935: result: yes
configure:20941: checking for strdup
configure:20941: clang -o conftest -g -O2   conftest.c  >&5
conftest.c:73:6: warning: incompatible redeclaration of library function 'strdup' [-Wincompatible-library-redeclaration]
   73 | char strdup ();
      |      ^
conftest.c:73:6: note: 'strdup' is a builtin with type 'char *(const char *)'
1 warning generated.
configure:20941: $? = 0
configure:20941: result: yes
configure:20947: checking for strerror
configure:20947: clang -o conftest -g -O2   conftest.c  >&5
conftest.c:74:6: warning: incompatible redeclaration of library function 'strerror' [-Wincompatible-library-redeclaration]
   74 | char strerror ();
      |      ^
conftest.c:74:6: note: 'strerror' is a builtin with type 'char *(int)'
1 warning generated.
configure:20947: $? = 0
configure:20947: result: yes
configure:20953: checking for strrchr
configure:20953: clang -o conftest -g -O2   conftest.c  >&5
conftest.c:75:6: warning: incompatible redeclaration of library function 'strrchr' [-Wincompatible-library-redeclaration]
   75 | char strrchr ();
      |      ^
conftest.c:75:6: note: 'strrchr' is a builtin with type 'char *(const char *, int)'
1 warning generated.
configure:20953: $? = 0
configure:20953: result: yes
configure:20959: checking for strstr
configure:20959: clang -o conftest -g -O2   conftest.c  >&5
conftest.c:76:6: warning: incompatible redeclaration of library function 'strstr' [-Wincompatible-library-redeclaration]
   76 | char strstr ();
      |      ^
conftest.c:76:6: note: 'strstr' is a builtin with type 'char *(const char *, const char *)'
1 warning generated.
configure:20959: $? = 0
configure:20959: result: yes
configure:20965: checking for strtoul
configure:20965: clang -o conftest -g -O2   conftest.c  >&5
conftest.c:77:6: warning: incompatible redeclaration of library function 'strtoul' [-Wincompatible-library-redeclaration]
   77 | char strtoul ();
      |      ^
conftest.c:77:6: note: 'strtoul' is a builtin with type 'unsigned long (const char *, char **, int)'
1 warning generated.
configure:20965: $? = 0
configure:20965: result: yes
configure:21100: checking that generated files are newer than configure
configure:21106: result: done
configure:21197: creating ./config.status

## ---------------------- ##
## Running config.status. ##
## ---------------------- ##

This file was extended by libdaq config.status 3.0.20, which was
generated by GNU Autoconf 2.71.  Invocation command line was

  CONFIG_FILES    = 
  CONFIG_HEADERS  = 
  CONFIG_LINKS    = 
  CONFIG_COMMANDS = 
  $ ./config.status 

on FruitTo

config.status:1269: creating modules/afpacket/libdaq_static_afpacket.pc
config.status:1269: creating modules/bpf/libdaq_static_bpf.pc
config.status:1269: creating modules/dump/libdaq_static_dump.pc
config.status:1269: creating modules/fst/libdaq_static_fst.pc
config.status:1269: creating modules/pcap/libdaq_static_pcap.pc
config.status:1269: creating modules/savefile/libdaq_static_savefile.pc
config.status:1269: creating modules/trace/libdaq_static_trace.pc
config.status:1269: creating modules/gwlb/libdaq_static_gwlb.pc
config.status:1269: creating Makefile
config.status:1269: creating api/daq_version.h
config.status:1269: creating api/Makefile
config.status:1269: creating example/Makefile
config.status:1269: creating modules/Makefile
config.status:1269: creating test/Makefile
config.status:1269: creating libdaq.pc
config.status:1269: creating config.h
config.status:1450: config.h is unchanged
config.status:1498: executing depfiles commands
config.status:1575: cd api       && sed -e '/# am--include-marker/d' Makefile         | make -f - am--depfiles
make: Nothing to be done for 'am--depfiles'.
config.status:1580: $? = 0
config.status:1575: cd example       && sed -e '/# am--include-marker/d' Makefile         | make -f - am--depfiles
make: Nothing to be done for 'am--depfiles'.
config.status:1580: $? = 0
config.status:1575: cd modules       && sed -e '/# am--include-marker/d' Makefile         | make -f - am--depfiles
make: Nothing to be done for 'am--depfiles'.
config.status:1580: $? = 0
config.status:1575: cd test       && sed -e '/# am--include-marker/d' Makefile         | make -f - am--depfiles
make: Nothing to be done for 'am--depfiles'.
config.status:1580: $? = 0
config.status:1498: executing libtool commands
configure:23629: result:
    libdaq 3.0.20

    prefix:         /home/fruitto/Project/engine/bin/dependencies
    sysconfdir:     ${prefix}/etc
    libdir:         ${exec_prefix}/lib
    includedir:     ${prefix}/include

    cc:             clang
    cppflags:       
    am_cppflags:     -fvisibility=hidden -Wall -Wmissing-declarations -Wpointer-arith -Wcast-align -Wcast-qual -Wformat -Wformat-nonliteral -Wformat-security -Wundef -Wwrite-strings -Wextra -Wsign-compare -Wno-unused-parameter -fno-strict-aliasing -fdiagnostics-show-option
    cflags:         -g -O2
    am_cflags:       -Wstrict-prototypes -Wmissing-prototypes -Wold-style-definition -Wnested-externs
    ldflags:        
    am_ldflags:     
    libs:           

    code_coverage_enabled:  no
    code_coverage_cppflags: 
    code_coverage_cflags:   
    code_coverage_ldflags:  

    Build AFPacket DAQ module.. : yes
    Build BPF DAQ module....... : yes
    Build Divert DAQ module.... : no
    Build Dump DAQ module...... : yes
    Build FST DAQ module....... : yes
    Build netmap DAQ module.... : no
    Build NFQ DAQ module....... : no
    Build PCAP DAQ module...... : yes
    Build Savefile DAQ module.. : yes
    Build Trace DAQ module..... : yes
    Build GWLB DAQ module...... : yes


## ---------------- ##
## Cache variables. ##
## ---------------- ##

ac_cv_build=x86_64-pc-linux-gnu
ac_cv_c_compiler_gnu=yes
ac_cv_c_inline=inline
ac_cv_c_uint16_t=yes
ac_cv_c_uint32_t=yes
ac_cv_c_uint64_t=yes
ac_cv_c_uint8_t=yes
ac_cv_c_undeclared_builtin_options='none needed'
ac_cv_cxx_compiler_gnu=yes
ac_cv_env_CCC_set=
ac_cv_env_CCC_value=
ac_cv_env_CC_set=set
ac_cv_env_CC_value=clang
ac_cv_env_CFLAGS_set=
ac_cv_env_CFLAGS_value=
ac_cv_env_CMOCKA_CFLAGS_set=
ac_cv_env_CMOCKA_CFLAGS_value=
ac_cv_env_CMOCKA_LIBS_set=
ac_cv_env_CMOCKA_LIBS_value=
ac_cv_env_CPPFLAGS_set=
ac_cv_env_CPPFLAGS_value=
ac_cv_env_CPP_set=
ac_cv_env_CPP_value=
ac_cv_env_CXXCPP_set=
ac_cv_env_CXXCPP_value=
ac_cv_env_CXXFLAGS_set=
ac_cv_env_CXXFLAGS_value=
ac_cv_env_CXX_set=set
ac_cv_env_CXX_value=clang++
ac_cv_env_LDFLAGS_set=
ac_cv_env_LDFLAGS_value=
ac_cv_env_LIBS_set=
ac_cv_env_LIBS_value=
ac_cv_env_LT_SYS_LIBRARY_PATH_set=
ac_cv_env_LT_SYS_LIBRARY_PATH_value=
ac_cv_env_PKG_CONFIG_LIBDIR_set=
ac_cv_env_PKG_CONFIG_LIBDIR_value=
ac_cv_env_PKG_CONFIG_PATH_set=
ac_cv_env_PKG_CONFIG_PATH_value=
ac_cv_env_PKG_CONFIG_set=
ac_cv_env_PKG_CONFIG_value=
ac_cv_env_build_alias_set=
ac_cv_env_build_alias_value=
ac_cv_env_host_alias_set=
ac_cv_env_host_alias_value=
ac_cv_env_target_alias_set=
ac_cv_env_target_alias_value=
ac_cv_func_gethostbyname=yes
ac_cv_func_getpagesize=yes
ac_cv_func_malloc_0_nonnull=yes
ac_cv_func_memset=yes
ac_cv_func_mmap_fixed_mapped=yes
ac_cv_func_munmap=yes
ac_cv_func_socket=yes
ac_cv_func_strchr=yes
ac_cv_func_strcspn=yes
ac_cv_func_strdup=yes
ac_cv_func_strerror=yes
ac_cv_func_strrchr=yes
ac_cv_func_strstr=yes
ac_cv_func_strtoul=yes
ac_cv_have_decl_IPPROTO_DIVERT=no
ac_cv_have_decl_NETMAP_API=no
ac_cv_have_decl_PACKET_FANOUT_QM=yes
ac_cv_have_decl_PACKET_QDISC_BYPASS=yes
ac_cv_have_decl_TP_STATUS_VLAN_TPID_VALID=yes
ac_cv_header_dlfcn_h=yes
ac_cv_header_inttypes_h=yes
ac_cv_header_libmnl_libmnl_h=no
ac_cv_header_linux_if_ether_h=yes
ac_cv_header_linux_if_packet_h=yes
ac_cv_header_linux_netfilter_h=yes
ac_cv_header_linux_netfilter_nfnetlink_queue_h=yes
ac_cv_header_memory_h=yes
ac_cv_header_net_netmap_h=no
ac_cv_header_net_netmap_user_h=no
ac_cv_header_netdb_h=yes
ac_cv_header_netinet_in_h=yes
ac_cv_header_pcap_h=yes
ac_cv_header_stdint_h=yes
ac_cv_header_stdio_h=yes
ac_cv_header_stdlib_h=yes
ac_cv_header_string_h=yes
ac_cv_header_strings_h=yes
ac_cv_header_sys_ioctl_h=yes
ac_cv_header_sys_param_h=yes
ac_cv_header_sys_socket_h=yes
ac_cv_header_sys_stat_h=yes
ac_cv_header_sys_time_h=yes
ac_cv_header_sys_types_h=yes
ac_cv_header_unistd_h=yes
ac_cv_host=x86_64-pc-linux-gnu
ac_cv_lib_dl_dlopen=yes
ac_cv_lib_mnl_mnl_socket_open=no
ac_cv_lib_pcap_pcap_lib_version=yes
ac_cv_objext=o
ac_cv_path_EGREP='/usr/bin/grep -E'
ac_cv_path_FGREP='/usr/bin/grep -F'
ac_cv_path_GREP=/usr/bin/grep
ac_cv_path_SED=/usr/bin/sed
ac_cv_path_ac_pt_PKG_CONFIG=/usr/bin/pkg-config
ac_cv_path_install='/usr/bin/install -c'
ac_cv_path_lt_DD=/usr/bin/dd
ac_cv_path_mkdir=/usr/bin/mkdir
ac_cv_prog_AWK=mawk
ac_cv_prog_CPP='clang -E'
ac_cv_prog_CXXCPP='clang++ -std=gnu++11 -E'
ac_cv_prog_ac_ct_AR=ar
ac_cv_prog_ac_ct_CC=clang
ac_cv_prog_ac_ct_FILECMD=file
ac_cv_prog_ac_ct_MANIFEST_TOOL=mt
ac_cv_prog_ac_ct_OBJDUMP=objdump
ac_cv_prog_ac_ct_RANLIB=ranlib
ac_cv_prog_ac_ct_STRIP=strip
ac_cv_prog_cc_c11=
ac_cv_prog_cc_g=yes
ac_cv_prog_cc_stdc=
ac_cv_prog_cxx_cxx11=
ac_cv_prog_cxx_g=yes
ac_cv_prog_cxx_stdcxx=
ac_cv_prog_make_make_set=yes
ac_cv_type_size_t=yes
am_cv_CC_dependencies_compiler_type=gcc3
am_cv_CXX_dependencies_compiler_type=gcc3
am_cv_ar_interface=ar
am_cv_make_support_nested_variables=yes
am_cv_prog_cc_c_o=yes
ax_cv_check_ccppflags___Wall=yes
ax_cv_check_ccppflags___Wcast_align=yes
ax_cv_check_ccppflags___Wcast_qual=yes
ax_cv_check_ccppflags___Wextra=yes
ax_cv_check_ccppflags___Wformat=yes
ax_cv_check_ccppflags___Wformat_nonliteral=yes
ax_cv_check_ccppflags___Wformat_security=yes
ax_cv_check_ccppflags___Wmissing_declarations=yes
ax_cv_check_ccppflags___Wmissing_prototypes=yes
ax_cv_check_ccppflags___Wnested_externs=yes
ax_cv_check_ccppflags___Wno_unused_parameter=yes
ax_cv_check_ccppflags___Wold_style_definition=yes
ax_cv_check_ccppflags___Wpointer_arith=yes
ax_cv_check_ccppflags___Wsign_compare=yes
ax_cv_check_ccppflags___Wstrict_prototypes=yes
ax_cv_check_ccppflags___Wundef=yes
ax_cv_check_ccppflags___Wwrite_strings=yes
ax_cv_check_ccppflags___fdiagnostics_show_option=yes
ax_cv_check_ccppflags___fno_strict_aliasing=yes
ax_cv_cxx_compile_cxx11__std_gnupp11=yes
gl_cv_cc_vis_werror=yes
gl_cv_cc_visibility=yes
lt_cv_ar_at_file=@
lt_cv_archive_cmds_need_lc=no
lt_cv_deplibs_check_method=pass_all
lt_cv_file_magic_cmd='$MAGIC_CMD'
lt_cv_file_magic_test_file=
lt_cv_ld_reload_flag=-r
lt_cv_nm_interface='BSD nm'
lt_cv_objdir=.libs
lt_cv_path_LD=/usr/bin/ld
lt_cv_path_LDCXX='/usr/bin/ld -m elf_x86_64'
lt_cv_path_NM='/usr/bin/nm -B'
lt_cv_path_mainfest_tool=no
lt_cv_prog_compiler_c_o=yes
lt_cv_prog_compiler_c_o_CXX=yes
lt_cv_prog_compiler_pic='-fPIC -DPIC'
lt_cv_prog_compiler_pic_CXX='-fPIC -DPIC'
lt_cv_prog_compiler_pic_works=yes
lt_cv_prog_compiler_pic_works_CXX=yes
lt_cv_prog_compiler_rtti_exceptions=yes
lt_cv_prog_compiler_static_works=yes
lt_cv_prog_compiler_static_works_CXX=yes
lt_cv_prog_gnu_ld=yes
lt_cv_prog_gnu_ldcxx=yes
lt_cv_sharedlib_from_linklib_cmd='printf %s\n'
lt_cv_shlibpath_overrides_runpath=yes
lt_cv_sys_global_symbol_pipe='/usr/bin/sed -n -e '\''s/^.*[	 ]\([ABCDGIRSTW][ABCDGIRSTW]*\)[	 ][	 ]*\([_A-Za-z][_A-Za-z0-9]*\)$/\1 \2 \2/p'\'' | /usr/bin/sed '\''/ __gnu_lto/d'\'''
lt_cv_sys_global_symbol_to_c_name_address='/usr/bin/sed -n -e '\''s/^: \(.*\) .*$/  {"\1", (void *) 0},/p'\'' -e '\''s/^[ABCDGIRSTW][ABCDGIRSTW]* .* \(.*\)$/  {"\1", (void *) \&\1},/p'\'''
lt_cv_sys_global_symbol_to_c_name_address_lib_prefix='/usr/bin/sed -n -e '\''s/^: \(.*\) .*$/  {"\1", (void *) 0},/p'\'' -e '\''s/^[ABCDGIRSTW][ABCDGIRSTW]* .* \(lib.*\)$/  {"\1", (void *) \&\1},/p'\'' -e '\''s/^[ABCDGIRSTW][ABCDGIRSTW]* .* \(.*\)$/  {"lib\1", (void *) \&\1},/p'\'''
lt_cv_sys_global_symbol_to_cdecl='/usr/bin/sed -n -e '\''s/^T .* \(.*\)$/extern int \1();/p'\'' -e '\''s/^[ABCDGIRSTW][ABCDGIRSTW]* .* \(.*\)$/extern char \1;/p'\'''
lt_cv_sys_global_symbol_to_import=
lt_cv_sys_max_cmd_len=1572864
lt_cv_to_host_file_cmd=func_convert_file_noop
lt_cv_to_tool_file_cmd=func_convert_file_noop
lt_cv_truncate_bin='/usr/bin/dd bs=4096 count=1'

## ----------------- ##
## Output variables. ##
## ----------------- ##

ACLOCAL='${SHELL} '\''/home/fruitto/Project/engine/bin/dependencies/libdaq/missing'\'' aclocal-1.16'
AMDEPBACKSLASH='\'
AMDEP_FALSE='#'
AMDEP_TRUE=''
AMTAR='$${TAR-tar}'
AM_BACKSLASH='\'
AM_CFLAGS=' -Wstrict-prototypes -Wmissing-prototypes -Wold-style-definition -Wnested-externs'
AM_CPPFLAGS=' -fvisibility=hidden -Wall -Wmissing-declarations -Wpointer-arith -Wcast-align -Wcast-qual -Wformat -Wformat-nonliteral -Wformat-security -Wundef -Wwrite-strings -Wextra -Wsign-compare -Wno-unused-parameter -fno-strict-aliasing -fdiagnostics-show-option'
AM_DEFAULT_V='$(AM_DEFAULT_VERBOSITY)'
AM_DEFAULT_VERBOSITY='1'
AM_V='$(V)'
AR='ar'
AUTOCONF='${SHELL} '\''/home/fruitto/Project/engine/bin/dependencies/libdaq/missing'\'' autoconf'
AUTOHEADER='${SHELL} '\''/home/fruitto/Project/engine/bin/dependencies/libdaq/missing'\'' autoheader'
AUTOMAKE='${SHELL} '\''/home/fruitto/Project/engine/bin/dependencies/libdaq/missing'\'' automake-1.16'
AWK='mawk'
BUILD_AFPACKET_MODULE_FALSE='#'
BUILD_AFPACKET_MODULE_TRUE=''
BUILD_BPF_MODULE_FALSE='#'
BUILD_BPF_MODULE_TRUE=''
BUILD_DIVERT_MODULE_FALSE=''
BUILD_DIVERT_MODULE_TRUE='#'
BUILD_DUMP_MODULE_FALSE='#'
BUILD_DUMP_MODULE_TRUE=''
BUILD_FST_MODULE_FALSE='#'
BUILD_FST_MODULE_TRUE=''
BUILD_GWLB_MODULE_FALSE='#'
BUILD_GWLB_MODULE_TRUE=''
BUILD_MODULES_FALSE='#'
BUILD_MODULES_TRUE=''
BUILD_NETMAP_MODULE_FALSE=''
BUILD_NETMAP_MODULE_TRUE='#'
BUILD_NFQ_MODULE_FALSE=''
BUILD_NFQ_MODULE_TRUE='#'
BUILD_PCAP_MODULE_FALSE='#'
BUILD_PCAP_MODULE_TRUE=''
BUILD_SAVEFILE_MODULE_FALSE='#'
BUILD_SAVEFILE_MODULE_TRUE=''
BUILD_SHARED_MODULES_FALSE='#'
BUILD_SHARED_MODULES_TRUE=''
BUILD_TRACE_MODULE_FALSE='#'
BUILD_TRACE_MODULE_TRUE=''
CC='clang'
CCDEPMODE='depmode=gcc3'
CFLAGS='-g -O2'
CFLAG_VISIBILITY='-fvisibility=hidden'
CMOCKA_CFLAGS=''
CMOCKA_LIBS=''
CODE_COVERAGE_CFLAGS=''
CODE_COVERAGE_CPPFLAGS=''
CODE_COVERAGE_CXXFLAGS=''
CODE_COVERAGE_ENABLED='no'
CODE_COVERAGE_ENABLED_FALSE=''
CODE_COVERAGE_ENABLED_TRUE='#'
CODE_COVERAGE_LIBS=''
CPP='clang -E'
CPPFLAGS=''
CSCOPE='cscope'
CTAGS='ctags'
CXX='clang++ -std=gnu++11'
CXXCPP='clang++ -std=gnu++11 -E'
CXXDEPMODE='depmode=gcc3'
CXXFLAGS='-g -O2'
CYGPATH_W='echo'
DAQ_AFPACKET_LIBS='-lpcap -lpthread'
DAQ_BPF_LIBS='-lpcap -lpthread'
DAQ_DUMP_LIBS='-lpcap'
DAQ_FST_LIBS='-lstdc++'
DAQ_MAJOR_VERSION='3'
DAQ_MINOR_VERSION='0'
DAQ_NFQ_LIBS=''
DAQ_PATCH_VERSION='20'
DAQ_PCAP_LIBS='-lpcap -lpthread'
DEFS='-DHAVE_CONFIG_H'
DEPDIR='.deps'
DLLTOOL='false'
DSYMUTIL=''
DUMPBIN=''
ECHO_C=''
ECHO_N='-n'
ECHO_T=''
EGREP='/usr/bin/grep -E'
ETAGS='etags'
EXEEXT=''
FGREP='/usr/bin/grep -F'
FILECMD='file'
GCOV=''
GENHTML=''
GREP='/usr/bin/grep'
HAVE_CMOCKA_FALSE=''
HAVE_CMOCKA_TRUE='#'
HAVE_CXX11='1'
HAVE_VISIBILITY='1'
INSTALL_DATA='${INSTALL} -m 644'
INSTALL_PROGRAM='${INSTALL}'
INSTALL_SCRIPT='${INSTALL}'
INSTALL_STRIP_PROGRAM='$(install_sh) -c -s'
LCOV=''
LD='/usr/bin/ld -m elf_x86_64'
LDFLAGS=''
LIBDL='-ldl'
LIBOBJS=''
LIBPCAP_AVAILABLE_FALSE='#'
LIBPCAP_AVAILABLE_TRUE=''
LIBS=''
LIBTOOL='$(SHELL) $(top_builddir)/libtool'
LIPO=''
LN_S='ln -s'
LTLIBOBJS=''
LT_SYS_LIBRARY_PATH=''
MAKEINFO='${SHELL} '\''/home/fruitto/Project/engine/bin/dependencies/libdaq/missing'\'' makeinfo'
MANIFEST_TOOL=':'
MKDIR_P='/usr/bin/mkdir -p'
NETMAP_CPPFLAGS=''
NM='/usr/bin/nm -B'
NMEDIT=''
OBJDUMP='objdump'
OBJEXT='o'
OTOOL64=''
OTOOL=''
PACKAGE='libdaq'
PACKAGE_BUGREPORT='snort-team@cisco.com'
PACKAGE_NAME='libdaq'
PACKAGE_STRING='libdaq 3.0.20'
PACKAGE_TARNAME='libdaq'
PACKAGE_URL=''
PACKAGE_VERSION='3.0.20'
PATH_SEPARATOR=':'
PCAP_CPPFLAGS=''
PCAP_LDFLAGS=''
PKG_CONFIG='/usr/bin/pkg-config'
PKG_CONFIG_LIBDIR=''
PKG_CONFIG_PATH=''
RANLIB='ranlib'
SED='/usr/bin/sed'
SET_MAKE=''
SHELL='/bin/bash'
STRIP='strip'
VERSION='3.0.20'
ac_ct_AR='ar'
ac_ct_CC='clang'
ac_ct_CXX=''
ac_ct_DUMPBIN=''
am__EXEEXT_FALSE=''
am__EXEEXT_TRUE='#'
am__fastdepCC_FALSE='#'
am__fastdepCC_TRUE=''
am__fastdepCXX_FALSE='#'
am__fastdepCXX_TRUE=''
am__include='include'
am__isrc=''
am__leading_dot='.'
am__nodep='_no'
am__quote=''
am__tar='$${TAR-tar} chof - "$$tardir"'
am__untar='$${TAR-tar} xf -'
bindir='${exec_prefix}/bin'
build='x86_64-pc-linux-gnu'
build_alias=''
build_cpu='x86_64'
build_os='linux-gnu'
build_vendor='pc'
datadir='${datarootdir}'
datarootdir='${prefix}/share'
docdir='${datarootdir}/doc/${PACKAGE_TARNAME}'
dvidir='${docdir}'
exec_prefix='${prefix}'
host='x86_64-pc-linux-gnu'
host_alias=''
host_cpu='x86_64'
host_os='linux-gnu'
host_vendor='pc'
htmldir='${docdir}'
ifGNUmake=''
ifnGNUmake=''
includedir='${prefix}/include'
infodir='${datarootdir}/info'
install_sh='${SHELL} /home/fruitto/Project/engine/bin/dependencies/libdaq/install-sh'
libdir='${exec_prefix}/lib'
libexecdir='${exec_prefix}/libexec'
localedir='${datarootdir}/locale'
localstatedir='${prefix}/var'
mandir='${datarootdir}/man'
mkdir_p='$(MKDIR_P)'
oldincludedir='/usr/include'
pdfdir='${docdir}'
pkgconfigdir='${libdir}/pkgconfig'
prefix='/home/fruitto/Project/engine/bin/dependencies'
program_transform_name='s,x,x,'
psdir='${docdir}'
runstatedir='${localstatedir}/run'
sbindir='${exec_prefix}/sbin'
sharedstatedir='${prefix}/com'
sysconfdir='${prefix}/etc'
target_alias=''

## ----------- ##
## confdefs.h. ##
## ----------- ##

/* confdefs.h */
#define PACKAGE_NAME "libdaq"
#define PACKAGE_TARNAME "libdaq"
#define PACKAGE_VERSION "3.0.20"
#define PACKAGE_STRING "libdaq 3.0.20"
#define PACKAGE_BUGREPORT "snort-team@cisco.com"
#define PACKAGE_URL ""
#define PACKAGE "libdaq"
#define VERSION "3.0.20"
#define HAVE_CXX11 1
#define HAVE_STDIO_H 1
#define HAVE_STDLIB_H 1
#define HAVE_STRING_H 1
#define HAVE_INTTYPES_H 1
#define HAVE_STDINT_H 1
#define HAVE_STRINGS_H 1
#define HAVE_SYS_STAT_H 1
#define HAVE_SYS_TYPES_H 1
#define HAVE_UNISTD_H 1
#define HAVE_SYS_PARAM_H 1
#define STDC_HEADERS 1
#define HAVE_DLFCN_H 1
#define LT_OBJDIR ".libs/"
#define HAVE_VISIBILITY 1
#define LIBPCAP_AVAILABLE 1
#define HAVE_LINUX_IF_ETHER_H 1
#define HAVE_LINUX_IF_PACKET_H 1
#define HAVE_DECL_PACKET_FANOUT_QM 1
#define HAVE_DECL_PACKET_QDISC_BYPASS 1
#define HAVE_DECL_TP_STATUS_VLAN_TPID_VALID 1
#define HAVE_DECL_IPPROTO_DIVERT 0
#define HAVE_LINUX_NETFILTER_H 1
#define HAVE_LINUX_NETFILTER_NFNETLINK_QUEUE_H 1
#define HAVE_INTTYPES_H 1
#define HAVE_MEMORY_H 1
#define HAVE_NETDB_H 1
#define HAVE_NETINET_IN_H 1
#define HAVE_STDINT_H 1
#define HAVE_STDLIB_H 1
#define HAVE_STRING_H 1
#define HAVE_SYS_IOCTL_H 1
#define HAVE_SYS_PARAM_H 1
#define HAVE_SYS_SOCKET_H 1
#define HAVE_SYS_TIME_H 1
#define HAVE_UNISTD_H 1
#define HAVE_MALLOC 1
#define HAVE_GETPAGESIZE 1
#define HAVE_MMAP 1
#define HAVE_GETHOSTBYNAME 1
#define HAVE_GETPAGESIZE 1
#define HAVE_MEMSET 1
#define HAVE_MUNMAP 1
#define HAVE_SOCKET 1
#define HAVE_STRCHR 1
#define HAVE_STRCSPN 1
#define HAVE_STRDUP 1
#define HAVE_STRERROR 1
#define HAVE_STRRCHR 1
#define HAVE_STRSTR 1
#define HAVE_STRTOUL 1

configure: exit 0
